Training PolyRegr Models with 0.95% of the dataset.

.
.
.
.
.
.
.
.
.
.
.
.
.
.
.
.
.
.
.
.
.
.
.
.
.
.
.
.
.
.
.
.
.
.
.
.
.
.
.
.
.
.
.
.
.
.
.
.
.
.


Training PolyRegr Models with 0.9% of the dataset.

.
.
.
.
.
.
.
.
.
.
.
.
.
.
.
.
.
.
.
.
.
.
.
.
.
.
.
.
.
.
.
.
.
.
.
.
.
.
.
.
.
.
.
.
.
.
.
.
.
.


Training PolyRegr Models with 0.85% of the dataset.

.
.
.
.
.
.
.
.
.
.
.
.
.
.
.
.
.
.
.
.
.
.
.
.
.
.
.
.
.
.
.
.
.
.
.
.
.
.
.
.
.
.
.
.
.
.
.
.
.
.


Training PolyRegr Models with 0.8% of the dataset.

.
.
.
.
.
.
.
.
.
.
.
.
.
.
.
.
.
.
.
.
.
.
.
.
.
.
.
.
.
.
.
.
.
.
.
.
.
.
.
.
.
.
.
.
.
.
.
.
.
.


Training PolyRegr Models with 0.75% of the dataset.

.
.
.
.
.
.
.
.
.
.
.
.
.
.
.
.
.
.
.
.
.
.
.
.
.
.
.
.
.
.
.
.
.
.
.
.
.
.
.
.
.
.
.
.
.
.
.
.
.
.


Training PolyRegr Models with 0.7% of the dataset.

.
.
.
.
.
.
.
.
.
.
.
.
.
.
.
.
.
.
.
.
.
.
.
.
.
.
.
.
.
.
.
.
.
.
.
.
.
.
.
.
.
.
.
.
.
.
.
.
.
.


Training PolyRegr Models with 0.65% of the dataset.

.
.
.
.
.
.
.
.
.
.
.
.
.
.
.
.
.
.
.
.
.
.
.
.
.
.
.
.
.
.
.
.
.
.
.
.
.
.
.
.
.
.
.
.
.
.
.
.
.
.


Training PolyRegr Models with 0.6% of the dataset.

.
.
.
.
.
.
.
.
.
.
.
.
.
.
.
.
.
.
.
.
.
.
.
.
.
.
.
.
.
.
.
.
.
.
.
.
.
.
.
.
.
.
.
.
.
.
.
.
.
.


Training PolyRegr Models with 0.55% of the dataset.

.
.
.
.
.
.
.
.
.
.
.
.
.
.
.
.
.
.
.
.
.
.
.
.
.
.
.
.
.
.
.
.
.
.
.
.
.
.
.
.
.
.
.
.
.
.
.
.
.
.


Training PolyRegr Models with 0.5% of the dataset.

.
.
.
.
.
.
.
.
.
.
.
.
.
.
.
.
.
.
.
.
.
.
.
.
.
.
.
.
.
.
.
.
.
.
.
.
.
.
.
.
.
.
.
.
.
.
.
.
.
.


Training PolyRegr Models with 0.44999999999999996% of the dataset.

.
.
.
.
.
.
.
.
.
.
.
.
.
.
.
.
.
.
.
.
.
.
.
.
.
.
.
.
.
.
.
.
.
.
.
.
.
.
.
.
.
.
.
.
.
.
.
.
.
.


Training PolyRegr Models with 0.4% of the dataset.

.
.
.
.
.
.
.
.
.
.
.
.
.
.
.
.
.
.
.
.
.
.
.
.
.
.
.
.
.
.
.
.
.
.
.
.
.
.
.
.
.
.
.
.
.
.
.
.
.
.


Training PolyRegr Models with 0.35% of the dataset.

.
.
.
.
.
.
.
.
.
.
.
.
.
.
.
.
.
.
.
.
.
.
.
.
.
.
.
.
.
.
.
.
.
.
.
.
.
.
.
.
.
.
.
.
.
.
.
.
.
.


Training PolyRegr Models with 0.30000000000000004% of the dataset.

.
.
.
.
.
.
.
.
.
.
.
.
.
.
.
.
.
.
.
.
.
.
.
.
.
.
.
.
.
.
.
.
.
.
.
.
.
.
.
.
.
.
.
.
.
.
.
.
.
.


Training PolyRegr Models with 0.25% of the dataset.

.
.
.
.
.
.
.
.
.
.
.
.
.
.
.
.
.
.
.
.
.
.
.
.
.
.
.
.
.
.
.
.
.
.
.
.
.
.
.
.
.
.
.
.
.
.
.
.
.
.


Training PolyRegr Models with 0.19999999999999996% of the dataset.

.
.
.
.
.
.
.
.
.
.
.
.
.
.
.
.
.
.
.
.
.
.
.
.
.
.
.
.
.
.
.
.
.
.
.
.
.
.
.
.
.
.
.
.
.
.
.
.
.
.


Training PolyRegr Models with 0.15000000000000002% of the dataset.

.
.
.
.
.
.
.
.
.
.
.
.
.
.
.
.
.
.
.
.
.
.
.
.
.
.
.
.
.
.
.
.
.
.
.
.
.
.
.
.
.
.
.
.
.
.
.
.
.
.


Training PolyRegr Models with 0.09999999999999998% of the dataset.

.
.
.
.
.
.
.
.
.
.
.
.
.
.
.
.
.
.
.
.
.
.
.
.
.
.
.
.
.
.
.
.
.
.
.
.
.
.
.
.
.
.
.
.
.
.
.
.
.
.


Training PolyRegr Models with 0.050000000000000044% of the dataset.

.
.
.
.
.
.
.
.
.
.
.
.
.
.
.
.
.
.
.
.
.
.
.
.
.
.
.
.
.
.
.
.
.
.
.
.
.
.
.
.
.
.
.
.
.
.
.
.
.
.


Wrote statistics to file: 'Stats.csv'.
       ratio  rndint   dataset  #trees       rmse      mape        r2
0       0.05   678.0  Grid1296    10.0  39.630829  0.043896  0.848835
1       0.05   678.0  Grid2401    10.0  83.025373  0.088678  0.372953
2       0.05   678.0    Sobol1    10.0  21.782282  0.017944  0.945109
3       0.05   678.0    Sobol2    10.0  18.573208  0.015993  0.958916
4       0.05   678.0  Grid1296   100.0  39.781317  0.044057  0.847685
...      ...     ...       ...     ...        ...       ...       ...
22795   0.95   634.0    Sobol2   750.0  34.387927  0.036018  0.877599
22796   0.95   634.0  Grid1296  1000.0  39.750194  0.042233  0.836796
22797   0.95   634.0  Grid2401  1000.0  83.027926  0.080683  0.291002
22798   0.95   634.0    Sobol1  1000.0  31.155666  0.031894  0.899831
22799   0.95   634.0    Sobol2  1000.0  34.213034  0.035851  0.878841

[22800 rows x 7 columns]
