/home/rstric2s/psi4conda/envs/py37/lib/python3.7/site-packages/sklearn/gaussian_process/kernels.py:427: ConvergenceWarning: The optimal value found for dimension 0 of parameter length_scale is close to the specified lower bound 1e-05. Decreasing the bound and calling fit again may find a better value.
  ConvergenceWarning,
/home/rstric2s/psi4conda/envs/py37/lib/python3.7/site-packages/sklearn/gaussian_process/_gpr.py:610: ConvergenceWarning: lbfgs failed to converge (status=2):
ABNORMAL_TERMINATION_IN_LNSRCH.

Increase the number of iterations (max_iter) or scale the data as shown in:
    https://scikit-learn.org/stable/modules/preprocessing.html
  _check_optimize_result("lbfgs", opt_res)
/home/rstric2s/psi4conda/envs/py37/lib/python3.7/site-packages/sklearn/gaussian_process/kernels.py:427: ConvergenceWarning: The optimal value found for dimension 0 of parameter length_scale is close to the specified lower bound 1e-05. Decreasing the bound and calling fit again may find a better value.
  ConvergenceWarning,
/home/rstric2s/psi4conda/envs/py37/lib/python3.7/site-packages/sklearn/gaussian_process/kernels.py:427: ConvergenceWarning: The optimal value found for dimension 0 of parameter periodicity is close to the specified lower bound 1e-05. Decreasing the bound and calling fit again may find a better value.
  ConvergenceWarning,
/home/rstric2s/psi4conda/envs/py37/lib/python3.7/site-packages/sklearn/gaussian_process/kernels.py:427: ConvergenceWarning: The optimal value found for dimension 0 of parameter length_scale is close to the specified lower bound 1e-05. Decreasing the bound and calling fit again may find a better value.
  ConvergenceWarning,
/home/rstric2s/psi4conda/envs/py37/lib/python3.7/site-packages/sklearn/gaussian_process/_gpr.py:610: ConvergenceWarning: lbfgs failed to converge (status=2):
ABNORMAL_TERMINATION_IN_LNSRCH.

Increase the number of iterations (max_iter) or scale the data as shown in:
    https://scikit-learn.org/stable/modules/preprocessing.html
  _check_optimize_result("lbfgs", opt_res)
/home/rstric2s/psi4conda/envs/py37/lib/python3.7/site-packages/sklearn/gaussian_process/kernels.py:427: ConvergenceWarning: The optimal value found for dimension 0 of parameter length_scale is close to the specified lower bound 1e-05. Decreasing the bound and calling fit again may find a better value.
  ConvergenceWarning,
/home/rstric2s/psi4conda/envs/py37/lib/python3.7/site-packages/sklearn/gaussian_process/kernels.py:427: ConvergenceWarning: The optimal value found for dimension 0 of parameter periodicity is close to the specified lower bound 1e-05. Decreasing the bound and calling fit again may find a better value.
  ConvergenceWarning,
/home/rstric2s/psi4conda/envs/py37/lib/python3.7/site-packages/sklearn/gaussian_process/kernels.py:427: ConvergenceWarning: The optimal value found for dimension 0 of parameter periodicity is close to the specified lower bound 1e-05. Decreasing the bound and calling fit again may find a better value.
  ConvergenceWarning,
/home/rstric2s/psi4conda/envs/py37/lib/python3.7/site-packages/sklearn/gaussian_process/_gpr.py:610: ConvergenceWarning: lbfgs failed to converge (status=2):
ABNORMAL_TERMINATION_IN_LNSRCH.

Increase the number of iterations (max_iter) or scale the data as shown in:
    https://scikit-learn.org/stable/modules/preprocessing.html
  _check_optimize_result("lbfgs", opt_res)
/home/rstric2s/psi4conda/envs/py37/lib/python3.7/site-packages/sklearn/gaussian_process/kernels.py:427: ConvergenceWarning: The optimal value found for dimension 0 of parameter length_scale is close to the specified lower bound 1e-05. Decreasing the bound and calling fit again may find a better value.
  ConvergenceWarning,
/home/rstric2s/psi4conda/envs/py37/lib/python3.7/site-packages/sklearn/gaussian_process/kernels.py:427: ConvergenceWarning: The optimal value found for dimension 0 of parameter periodicity is close to the specified lower bound 1e-05. Decreasing the bound and calling fit again may find a better value.
  ConvergenceWarning,
/home/rstric2s/psi4conda/envs/py37/lib/python3.7/site-packages/sklearn/gaussian_process/kernels.py:427: ConvergenceWarning: The optimal value found for dimension 0 of parameter length_scale is close to the specified lower bound 1e-05. Decreasing the bound and calling fit again may find a better value.
  ConvergenceWarning,
/home/rstric2s/psi4conda/envs/py37/lib/python3.7/site-packages/sklearn/gaussian_process/kernels.py:427: ConvergenceWarning: The optimal value found for dimension 0 of parameter periodicity is close to the specified lower bound 1e-05. Decreasing the bound and calling fit again may find a better value.
  ConvergenceWarning,
/home/rstric2s/psi4conda/envs/py37/lib/python3.7/site-packages/sklearn/gaussian_process/_gpr.py:610: ConvergenceWarning: lbfgs failed to converge (status=2):
ABNORMAL_TERMINATION_IN_LNSRCH.

Increase the number of iterations (max_iter) or scale the data as shown in:
    https://scikit-learn.org/stable/modules/preprocessing.html
  _check_optimize_result("lbfgs", opt_res)
/home/rstric2s/psi4conda/envs/py37/lib/python3.7/site-packages/sklearn/gaussian_process/kernels.py:427: ConvergenceWarning: The optimal value found for dimension 0 of parameter periodicity is close to the specified lower bound 1e-05. Decreasing the bound and calling fit again may find a better value.
  ConvergenceWarning,
/home/rstric2s/psi4conda/envs/py37/lib/python3.7/site-packages/sklearn/gaussian_process/kernels.py:427: ConvergenceWarning: The optimal value found for dimension 0 of parameter periodicity is close to the specified lower bound 1e-05. Decreasing the bound and calling fit again may find a better value.
  ConvergenceWarning,
/home/rstric2s/psi4conda/envs/py37/lib/python3.7/site-packages/sklearn/gaussian_process/kernels.py:427: ConvergenceWarning: The optimal value found for dimension 0 of parameter length_scale is close to the specified lower bound 1e-05. Decreasing the bound and calling fit again may find a better value.
  ConvergenceWarning,
/home/rstric2s/psi4conda/envs/py37/lib/python3.7/site-packages/sklearn/gaussian_process/kernels.py:427: ConvergenceWarning: The optimal value found for dimension 0 of parameter length_scale is close to the specified lower bound 1e-05. Decreasing the bound and calling fit again may find a better value.
  ConvergenceWarning,
/home/rstric2s/psi4conda/envs/py37/lib/python3.7/site-packages/sklearn/gaussian_process/kernels.py:427: ConvergenceWarning: The optimal value found for dimension 0 of parameter length_scale is close to the specified lower bound 1e-05. Decreasing the bound and calling fit again may find a better value.
  ConvergenceWarning,
/home/rstric2s/psi4conda/envs/py37/lib/python3.7/site-packages/sklearn/gaussian_process/kernels.py:427: ConvergenceWarning: The optimal value found for dimension 0 of parameter length_scale is close to the specified lower bound 1e-05. Decreasing the bound and calling fit again may find a better value.
  ConvergenceWarning,
/home/rstric2s/psi4conda/envs/py37/lib/python3.7/site-packages/sklearn/gaussian_process/kernels.py:427: ConvergenceWarning: The optimal value found for dimension 0 of parameter periodicity is close to the specified lower bound 1e-05. Decreasing the bound and calling fit again may find a better value.
  ConvergenceWarning,
/home/rstric2s/psi4conda/envs/py37/lib/python3.7/site-packages/sklearn/gaussian_process/kernels.py:427: ConvergenceWarning: The optimal value found for dimension 0 of parameter length_scale is close to the specified lower bound 1e-05. Decreasing the bound and calling fit again may find a better value.
  ConvergenceWarning,
/home/rstric2s/psi4conda/envs/py37/lib/python3.7/site-packages/sklearn/gaussian_process/kernels.py:427: ConvergenceWarning: The optimal value found for dimension 0 of parameter length_scale is close to the specified lower bound 1e-05. Decreasing the bound and calling fit again may find a better value.
  ConvergenceWarning,
/home/rstric2s/psi4conda/envs/py37/lib/python3.7/site-packages/sklearn/gaussian_process/_gpr.py:610: ConvergenceWarning: lbfgs failed to converge (status=2):
ABNORMAL_TERMINATION_IN_LNSRCH.

Increase the number of iterations (max_iter) or scale the data as shown in:
    https://scikit-learn.org/stable/modules/preprocessing.html
  _check_optimize_result("lbfgs", opt_res)
/home/rstric2s/psi4conda/envs/py37/lib/python3.7/site-packages/sklearn/gaussian_process/kernels.py:427: ConvergenceWarning: The optimal value found for dimension 0 of parameter length_scale is close to the specified lower bound 1e-05. Decreasing the bound and calling fit again may find a better value.
  ConvergenceWarning,
/home/rstric2s/psi4conda/envs/py37/lib/python3.7/site-packages/sklearn/gaussian_process/kernels.py:427: ConvergenceWarning: The optimal value found for dimension 0 of parameter length_scale is close to the specified lower bound 1e-05. Decreasing the bound and calling fit again may find a better value.
  ConvergenceWarning,
/home/rstric2s/psi4conda/envs/py37/lib/python3.7/site-packages/sklearn/gaussian_process/kernels.py:427: ConvergenceWarning: The optimal value found for dimension 0 of parameter length_scale is close to the specified lower bound 1e-05. Decreasing the bound and calling fit again may find a better value.
  ConvergenceWarning,
/home/rstric2s/psi4conda/envs/py37/lib/python3.7/site-packages/sklearn/gaussian_process/kernels.py:427: ConvergenceWarning: The optimal value found for dimension 0 of parameter length_scale is close to the specified lower bound 1e-05. Decreasing the bound and calling fit again may find a better value.
  ConvergenceWarning,
/home/rstric2s/psi4conda/envs/py37/lib/python3.7/site-packages/sklearn/gaussian_process/kernels.py:427: ConvergenceWarning: The optimal value found for dimension 0 of parameter periodicity is close to the specified lower bound 1e-05. Decreasing the bound and calling fit again may find a better value.
  ConvergenceWarning,
/home/rstric2s/psi4conda/envs/py37/lib/python3.7/site-packages/sklearn/gaussian_process/kernels.py:427: ConvergenceWarning: The optimal value found for dimension 0 of parameter length_scale is close to the specified lower bound 1e-05. Decreasing the bound and calling fit again may find a better value.
  ConvergenceWarning,
/home/rstric2s/psi4conda/envs/py37/lib/python3.7/site-packages/sklearn/gaussian_process/kernels.py:427: ConvergenceWarning: The optimal value found for dimension 0 of parameter periodicity is close to the specified lower bound 1e-05. Decreasing the bound and calling fit again may find a better value.
  ConvergenceWarning,
/home/rstric2s/psi4conda/envs/py37/lib/python3.7/site-packages/sklearn/gaussian_process/kernels.py:427: ConvergenceWarning: The optimal value found for dimension 0 of parameter length_scale is close to the specified lower bound 1e-05. Decreasing the bound and calling fit again may find a better value.
  ConvergenceWarning,
/home/rstric2s/psi4conda/envs/py37/lib/python3.7/site-packages/sklearn/gaussian_process/kernels.py:427: ConvergenceWarning: The optimal value found for dimension 0 of parameter length_scale is close to the specified lower bound 1e-05. Decreasing the bound and calling fit again may find a better value.
  ConvergenceWarning,
/home/rstric2s/psi4conda/envs/py37/lib/python3.7/site-packages/sklearn/gaussian_process/kernels.py:427: ConvergenceWarning: The optimal value found for dimension 0 of parameter length_scale is close to the specified lower bound 1e-05. Decreasing the bound and calling fit again may find a better value.
  ConvergenceWarning,
/home/rstric2s/psi4conda/envs/py37/lib/python3.7/site-packages/sklearn/gaussian_process/_gpr.py:610: ConvergenceWarning: lbfgs failed to converge (status=2):
ABNORMAL_TERMINATION_IN_LNSRCH.

Increase the number of iterations (max_iter) or scale the data as shown in:
    https://scikit-learn.org/stable/modules/preprocessing.html
  _check_optimize_result("lbfgs", opt_res)
/home/rstric2s/psi4conda/envs/py37/lib/python3.7/site-packages/sklearn/gaussian_process/kernels.py:427: ConvergenceWarning: The optimal value found for dimension 0 of parameter length_scale is close to the specified lower bound 1e-05. Decreasing the bound and calling fit again may find a better value.
  ConvergenceWarning,
/home/rstric2s/psi4conda/envs/py37/lib/python3.7/site-packages/sklearn/gaussian_process/_gpr.py:610: ConvergenceWarning: lbfgs failed to converge (status=2):
ABNORMAL_TERMINATION_IN_LNSRCH.

Increase the number of iterations (max_iter) or scale the data as shown in:
    https://scikit-learn.org/stable/modules/preprocessing.html
  _check_optimize_result("lbfgs", opt_res)
/home/rstric2s/psi4conda/envs/py37/lib/python3.7/site-packages/sklearn/gaussian_process/kernels.py:427: ConvergenceWarning: The optimal value found for dimension 0 of parameter length_scale is close to the specified lower bound 1e-05. Decreasing the bound and calling fit again may find a better value.
  ConvergenceWarning,
/home/rstric2s/psi4conda/envs/py37/lib/python3.7/site-packages/sklearn/gaussian_process/kernels.py:427: ConvergenceWarning: The optimal value found for dimension 0 of parameter periodicity is close to the specified lower bound 1e-05. Decreasing the bound and calling fit again may find a better value.
  ConvergenceWarning,
/home/rstric2s/psi4conda/envs/py37/lib/python3.7/site-packages/sklearn/gaussian_process/kernels.py:427: ConvergenceWarning: The optimal value found for dimension 0 of parameter periodicity is close to the specified lower bound 1e-05. Decreasing the bound and calling fit again may find a better value.
  ConvergenceWarning,
/home/rstric2s/psi4conda/envs/py37/lib/python3.7/site-packages/sklearn/gaussian_process/kernels.py:427: ConvergenceWarning: The optimal value found for dimension 0 of parameter length_scale is close to the specified lower bound 1e-05. Decreasing the bound and calling fit again may find a better value.
  ConvergenceWarning,
/home/rstric2s/psi4conda/envs/py37/lib/python3.7/site-packages/sklearn/gaussian_process/_gpr.py:610: ConvergenceWarning: lbfgs failed to converge (status=2):
ABNORMAL_TERMINATION_IN_LNSRCH.

Increase the number of iterations (max_iter) or scale the data as shown in:
    https://scikit-learn.org/stable/modules/preprocessing.html
  _check_optimize_result("lbfgs", opt_res)
/home/rstric2s/psi4conda/envs/py37/lib/python3.7/site-packages/sklearn/gaussian_process/kernels.py:427: ConvergenceWarning: The optimal value found for dimension 0 of parameter periodicity is close to the specified lower bound 1e-05. Decreasing the bound and calling fit again may find a better value.
  ConvergenceWarning,
/home/rstric2s/psi4conda/envs/py37/lib/python3.7/site-packages/sklearn/gaussian_process/kernels.py:427: ConvergenceWarning: The optimal value found for dimension 0 of parameter length_scale is close to the specified lower bound 1e-05. Decreasing the bound and calling fit again may find a better value.
  ConvergenceWarning,
/home/rstric2s/psi4conda/envs/py37/lib/python3.7/site-packages/sklearn/gaussian_process/kernels.py:427: ConvergenceWarning: The optimal value found for dimension 0 of parameter length_scale is close to the specified lower bound 1e-05. Decreasing the bound and calling fit again may find a better value.
  ConvergenceWarning,
/home/rstric2s/psi4conda/envs/py37/lib/python3.7/site-packages/sklearn/gaussian_process/kernels.py:427: ConvergenceWarning: The optimal value found for dimension 0 of parameter length_scale is close to the specified lower bound 1e-05. Decreasing the bound and calling fit again may find a better value.
  ConvergenceWarning,
/home/rstric2s/psi4conda/envs/py37/lib/python3.7/site-packages/sklearn/gaussian_process/kernels.py:427: ConvergenceWarning: The optimal value found for dimension 0 of parameter length_scale is close to the specified lower bound 1e-05. Decreasing the bound and calling fit again may find a better value.
  ConvergenceWarning,
/home/rstric2s/psi4conda/envs/py37/lib/python3.7/site-packages/sklearn/gaussian_process/kernels.py:427: ConvergenceWarning: The optimal value found for dimension 0 of parameter length_scale is close to the specified lower bound 1e-05. Decreasing the bound and calling fit again may find a better value.
  ConvergenceWarning,
/home/rstric2s/psi4conda/envs/py37/lib/python3.7/site-packages/sklearn/gaussian_process/kernels.py:427: ConvergenceWarning: The optimal value found for dimension 0 of parameter length_scale is close to the specified lower bound 1e-05. Decreasing the bound and calling fit again may find a better value.
  ConvergenceWarning,
/home/rstric2s/psi4conda/envs/py37/lib/python3.7/site-packages/sklearn/gaussian_process/kernels.py:427: ConvergenceWarning: The optimal value found for dimension 0 of parameter periodicity is close to the specified lower bound 1e-05. Decreasing the bound and calling fit again may find a better value.
  ConvergenceWarning,
/home/rstric2s/psi4conda/envs/py37/lib/python3.7/site-packages/sklearn/gaussian_process/_gpr.py:610: ConvergenceWarning: lbfgs failed to converge (status=2):
ABNORMAL_TERMINATION_IN_LNSRCH.

Increase the number of iterations (max_iter) or scale the data as shown in:
    https://scikit-learn.org/stable/modules/preprocessing.html
  _check_optimize_result("lbfgs", opt_res)
/home/rstric2s/psi4conda/envs/py37/lib/python3.7/site-packages/sklearn/gaussian_process/kernels.py:427: ConvergenceWarning: The optimal value found for dimension 0 of parameter periodicity is close to the specified lower bound 1e-05. Decreasing the bound and calling fit again may find a better value.
  ConvergenceWarning,
/home/rstric2s/psi4conda/envs/py37/lib/python3.7/site-packages/sklearn/gaussian_process/_gpr.py:610: ConvergenceWarning: lbfgs failed to converge (status=2):
ABNORMAL_TERMINATION_IN_LNSRCH.

Increase the number of iterations (max_iter) or scale the data as shown in:
    https://scikit-learn.org/stable/modules/preprocessing.html
  _check_optimize_result("lbfgs", opt_res)
/home/rstric2s/psi4conda/envs/py37/lib/python3.7/site-packages/sklearn/gaussian_process/kernels.py:427: ConvergenceWarning: The optimal value found for dimension 0 of parameter length_scale is close to the specified lower bound 1e-05. Decreasing the bound and calling fit again may find a better value.
  ConvergenceWarning,
/home/rstric2s/psi4conda/envs/py37/lib/python3.7/site-packages/sklearn/gaussian_process/kernels.py:427: ConvergenceWarning: The optimal value found for dimension 0 of parameter periodicity is close to the specified lower bound 1e-05. Decreasing the bound and calling fit again may find a better value.
  ConvergenceWarning,
/home/rstric2s/psi4conda/envs/py37/lib/python3.7/site-packages/sklearn/gaussian_process/kernels.py:427: ConvergenceWarning: The optimal value found for dimension 0 of parameter length_scale is close to the specified lower bound 1e-05. Decreasing the bound and calling fit again may find a better value.
  ConvergenceWarning,
/home/rstric2s/psi4conda/envs/py37/lib/python3.7/site-packages/sklearn/gaussian_process/kernels.py:427: ConvergenceWarning: The optimal value found for dimension 0 of parameter periodicity is close to the specified lower bound 1e-05. Decreasing the bound and calling fit again may find a better value.
  ConvergenceWarning,
/home/rstric2s/psi4conda/envs/py37/lib/python3.7/site-packages/sklearn/gaussian_process/kernels.py:427: ConvergenceWarning: The optimal value found for dimension 0 of parameter periodicity is close to the specified lower bound 1e-05. Decreasing the bound and calling fit again may find a better value.
  ConvergenceWarning,
/home/rstric2s/psi4conda/envs/py37/lib/python3.7/site-packages/sklearn/gaussian_process/_gpr.py:610: ConvergenceWarning: lbfgs failed to converge (status=2):
ABNORMAL_TERMINATION_IN_LNSRCH.

Increase the number of iterations (max_iter) or scale the data as shown in:
    https://scikit-learn.org/stable/modules/preprocessing.html
  _check_optimize_result("lbfgs", opt_res)
/home/rstric2s/psi4conda/envs/py37/lib/python3.7/site-packages/sklearn/gaussian_process/_gpr.py:610: ConvergenceWarning: lbfgs failed to converge (status=2):
ABNORMAL_TERMINATION_IN_LNSRCH.

Increase the number of iterations (max_iter) or scale the data as shown in:
    https://scikit-learn.org/stable/modules/preprocessing.html
  _check_optimize_result("lbfgs", opt_res)
/home/rstric2s/psi4conda/envs/py37/lib/python3.7/site-packages/sklearn/gaussian_process/_gpr.py:610: ConvergenceWarning: lbfgs failed to converge (status=2):
ABNORMAL_TERMINATION_IN_LNSRCH.

Increase the number of iterations (max_iter) or scale the data as shown in:
    https://scikit-learn.org/stable/modules/preprocessing.html
  _check_optimize_result("lbfgs", opt_res)
/home/rstric2s/psi4conda/envs/py37/lib/python3.7/site-packages/sklearn/gaussian_process/kernels.py:427: ConvergenceWarning: The optimal value found for dimension 0 of parameter length_scale is close to the specified lower bound 1e-05. Decreasing the bound and calling fit again may find a better value.
  ConvergenceWarning,
/home/rstric2s/psi4conda/envs/py37/lib/python3.7/site-packages/sklearn/gaussian_process/kernels.py:427: ConvergenceWarning: The optimal value found for dimension 0 of parameter periodicity is close to the specified lower bound 1e-05. Decreasing the bound and calling fit again may find a better value.
  ConvergenceWarning,
/home/rstric2s/psi4conda/envs/py37/lib/python3.7/site-packages/sklearn/gaussian_process/kernels.py:427: ConvergenceWarning: The optimal value found for dimension 0 of parameter periodicity is close to the specified lower bound 1e-05. Decreasing the bound and calling fit again may find a better value.
  ConvergenceWarning,
/home/rstric2s/psi4conda/envs/py37/lib/python3.7/site-packages/sklearn/gaussian_process/kernels.py:427: ConvergenceWarning: The optimal value found for dimension 0 of parameter length_scale is close to the specified lower bound 1e-05. Decreasing the bound and calling fit again may find a better value.
  ConvergenceWarning,
/home/rstric2s/psi4conda/envs/py37/lib/python3.7/site-packages/sklearn/gaussian_process/kernels.py:427: ConvergenceWarning: The optimal value found for dimension 0 of parameter periodicity is close to the specified lower bound 1e-05. Decreasing the bound and calling fit again may find a better value.
  ConvergenceWarning,
/home/rstric2s/psi4conda/envs/py37/lib/python3.7/site-packages/sklearn/gaussian_process/kernels.py:427: ConvergenceWarning: The optimal value found for dimension 0 of parameter length_scale is close to the specified lower bound 1e-05. Decreasing the bound and calling fit again may find a better value.
  ConvergenceWarning,
/home/rstric2s/psi4conda/envs/py37/lib/python3.7/site-packages/sklearn/gaussian_process/kernels.py:427: ConvergenceWarning: The optimal value found for dimension 0 of parameter periodicity is close to the specified lower bound 1e-05. Decreasing the bound and calling fit again may find a better value.
  ConvergenceWarning,
/home/rstric2s/psi4conda/envs/py37/lib/python3.7/site-packages/sklearn/gaussian_process/kernels.py:427: ConvergenceWarning: The optimal value found for dimension 0 of parameter length_scale is close to the specified lower bound 1e-05. Decreasing the bound and calling fit again may find a better value.
  ConvergenceWarning,
/home/rstric2s/psi4conda/envs/py37/lib/python3.7/site-packages/sklearn/gaussian_process/kernels.py:427: ConvergenceWarning: The optimal value found for dimension 0 of parameter length_scale is close to the specified lower bound 1e-05. Decreasing the bound and calling fit again may find a better value.
  ConvergenceWarning,
/home/rstric2s/psi4conda/envs/py37/lib/python3.7/site-packages/sklearn/gaussian_process/kernels.py:427: ConvergenceWarning: The optimal value found for dimension 0 of parameter length_scale is close to the specified lower bound 1e-05. Decreasing the bound and calling fit again may find a better value.
  ConvergenceWarning,
/home/rstric2s/psi4conda/envs/py37/lib/python3.7/site-packages/sklearn/gaussian_process/kernels.py:427: ConvergenceWarning: The optimal value found for dimension 0 of parameter length_scale is close to the specified lower bound 1e-05. Decreasing the bound and calling fit again may find a better value.
  ConvergenceWarning,
/home/rstric2s/psi4conda/envs/py37/lib/python3.7/site-packages/sklearn/gaussian_process/kernels.py:427: ConvergenceWarning: The optimal value found for dimension 0 of parameter length_scale is close to the specified lower bound 1e-05. Decreasing the bound and calling fit again may find a better value.
  ConvergenceWarning,
/home/rstric2s/psi4conda/envs/py37/lib/python3.7/site-packages/sklearn/gaussian_process/kernels.py:427: ConvergenceWarning: The optimal value found for dimension 0 of parameter periodicity is close to the specified lower bound 1e-05. Decreasing the bound and calling fit again may find a better value.
  ConvergenceWarning,
/home/rstric2s/psi4conda/envs/py37/lib/python3.7/site-packages/sklearn/gaussian_process/kernels.py:427: ConvergenceWarning: The optimal value found for dimension 0 of parameter length_scale is close to the specified lower bound 1e-05. Decreasing the bound and calling fit again may find a better value.
  ConvergenceWarning,
/home/rstric2s/psi4conda/envs/py37/lib/python3.7/site-packages/sklearn/gaussian_process/kernels.py:427: ConvergenceWarning: The optimal value found for dimension 0 of parameter length_scale is close to the specified lower bound 1e-05. Decreasing the bound and calling fit again may find a better value.
  ConvergenceWarning,
/home/rstric2s/psi4conda/envs/py37/lib/python3.7/site-packages/sklearn/gaussian_process/kernels.py:427: ConvergenceWarning: The optimal value found for dimension 0 of parameter periodicity is close to the specified lower bound 1e-05. Decreasing the bound and calling fit again may find a better value.
  ConvergenceWarning,
/home/rstric2s/psi4conda/envs/py37/lib/python3.7/site-packages/sklearn/gaussian_process/kernels.py:427: ConvergenceWarning: The optimal value found for dimension 0 of parameter length_scale is close to the specified lower bound 1e-05. Decreasing the bound and calling fit again may find a better value.
  ConvergenceWarning,
/home/rstric2s/psi4conda/envs/py37/lib/python3.7/site-packages/sklearn/gaussian_process/kernels.py:427: ConvergenceWarning: The optimal value found for dimension 0 of parameter periodicity is close to the specified lower bound 1e-05. Decreasing the bound and calling fit again may find a better value.
  ConvergenceWarning,
/home/rstric2s/psi4conda/envs/py37/lib/python3.7/site-packages/sklearn/gaussian_process/kernels.py:427: ConvergenceWarning: The optimal value found for dimension 0 of parameter length_scale is close to the specified lower bound 1e-05. Decreasing the bound and calling fit again may find a better value.
  ConvergenceWarning,
/home/rstric2s/psi4conda/envs/py37/lib/python3.7/site-packages/sklearn/gaussian_process/kernels.py:427: ConvergenceWarning: The optimal value found for dimension 0 of parameter length_scale is close to the specified lower bound 1e-05. Decreasing the bound and calling fit again may find a better value.
  ConvergenceWarning,
/home/rstric2s/psi4conda/envs/py37/lib/python3.7/site-packages/sklearn/gaussian_process/kernels.py:427: ConvergenceWarning: The optimal value found for dimension 0 of parameter length_scale is close to the specified lower bound 1e-05. Decreasing the bound and calling fit again may find a better value.
  ConvergenceWarning,
/home/rstric2s/psi4conda/envs/py37/lib/python3.7/site-packages/sklearn/gaussian_process/kernels.py:427: ConvergenceWarning: The optimal value found for dimension 0 of parameter length_scale is close to the specified lower bound 1e-05. Decreasing the bound and calling fit again may find a better value.
  ConvergenceWarning,
/home/rstric2s/psi4conda/envs/py37/lib/python3.7/site-packages/sklearn/gaussian_process/_gpr.py:610: ConvergenceWarning: lbfgs failed to converge (status=2):
ABNORMAL_TERMINATION_IN_LNSRCH.

Increase the number of iterations (max_iter) or scale the data as shown in:
    https://scikit-learn.org/stable/modules/preprocessing.html
  _check_optimize_result("lbfgs", opt_res)
/home/rstric2s/psi4conda/envs/py37/lib/python3.7/site-packages/sklearn/gaussian_process/kernels.py:427: ConvergenceWarning: The optimal value found for dimension 0 of parameter periodicity is close to the specified lower bound 1e-05. Decreasing the bound and calling fit again may find a better value.
  ConvergenceWarning,
/home/rstric2s/psi4conda/envs/py37/lib/python3.7/site-packages/sklearn/gaussian_process/kernels.py:427: ConvergenceWarning: The optimal value found for dimension 0 of parameter length_scale is close to the specified lower bound 1e-05. Decreasing the bound and calling fit again may find a better value.
  ConvergenceWarning,
/home/rstric2s/psi4conda/envs/py37/lib/python3.7/site-packages/sklearn/gaussian_process/kernels.py:427: ConvergenceWarning: The optimal value found for dimension 0 of parameter length_scale is close to the specified lower bound 1e-05. Decreasing the bound and calling fit again may find a better value.
  ConvergenceWarning,
/home/rstric2s/psi4conda/envs/py37/lib/python3.7/site-packages/sklearn/gaussian_process/kernels.py:427: ConvergenceWarning: The optimal value found for dimension 0 of parameter length_scale is close to the specified lower bound 1e-05. Decreasing the bound and calling fit again may find a better value.
  ConvergenceWarning,
/home/rstric2s/psi4conda/envs/py37/lib/python3.7/site-packages/sklearn/gaussian_process/kernels.py:427: ConvergenceWarning: The optimal value found for dimension 0 of parameter length_scale is close to the specified lower bound 1e-05. Decreasing the bound and calling fit again may find a better value.
  ConvergenceWarning,
/home/rstric2s/psi4conda/envs/py37/lib/python3.7/site-packages/sklearn/gaussian_process/kernels.py:427: ConvergenceWarning: The optimal value found for dimension 0 of parameter length_scale is close to the specified lower bound 1e-05. Decreasing the bound and calling fit again may find a better value.
  ConvergenceWarning,
/home/rstric2s/psi4conda/envs/py37/lib/python3.7/site-packages/sklearn/gaussian_process/kernels.py:427: ConvergenceWarning: The optimal value found for dimension 0 of parameter length_scale is close to the specified lower bound 1e-05. Decreasing the bound and calling fit again may find a better value.
  ConvergenceWarning,
/home/rstric2s/psi4conda/envs/py37/lib/python3.7/site-packages/sklearn/gaussian_process/kernels.py:427: ConvergenceWarning: The optimal value found for dimension 0 of parameter length_scale is close to the specified lower bound 1e-05. Decreasing the bound and calling fit again may find a better value.
  ConvergenceWarning,
/home/rstric2s/psi4conda/envs/py37/lib/python3.7/site-packages/sklearn/gaussian_process/_gpr.py:610: ConvergenceWarning: lbfgs failed to converge (status=2):
ABNORMAL_TERMINATION_IN_LNSRCH.

Increase the number of iterations (max_iter) or scale the data as shown in:
    https://scikit-learn.org/stable/modules/preprocessing.html
  _check_optimize_result("lbfgs", opt_res)
/home/rstric2s/psi4conda/envs/py37/lib/python3.7/site-packages/sklearn/gaussian_process/_gpr.py:610: ConvergenceWarning: lbfgs failed to converge (status=2):
ABNORMAL_TERMINATION_IN_LNSRCH.

Increase the number of iterations (max_iter) or scale the data as shown in:
    https://scikit-learn.org/stable/modules/preprocessing.html
  _check_optimize_result("lbfgs", opt_res)
/home/rstric2s/psi4conda/envs/py37/lib/python3.7/site-packages/sklearn/gaussian_process/_gpr.py:610: ConvergenceWarning: lbfgs failed to converge (status=2):
ABNORMAL_TERMINATION_IN_LNSRCH.

Increase the number of iterations (max_iter) or scale the data as shown in:
    https://scikit-learn.org/stable/modules/preprocessing.html
  _check_optimize_result("lbfgs", opt_res)
/home/rstric2s/psi4conda/envs/py37/lib/python3.7/site-packages/sklearn/gaussian_process/kernels.py:427: ConvergenceWarning: The optimal value found for dimension 0 of parameter length_scale is close to the specified lower bound 1e-05. Decreasing the bound and calling fit again may find a better value.
  ConvergenceWarning,
/home/rstric2s/psi4conda/envs/py37/lib/python3.7/site-packages/sklearn/gaussian_process/kernels.py:427: ConvergenceWarning: The optimal value found for dimension 0 of parameter periodicity is close to the specified lower bound 1e-05. Decreasing the bound and calling fit again may find a better value.
  ConvergenceWarning,
/home/rstric2s/psi4conda/envs/py37/lib/python3.7/site-packages/sklearn/gaussian_process/kernels.py:427: ConvergenceWarning: The optimal value found for dimension 0 of parameter periodicity is close to the specified lower bound 1e-05. Decreasing the bound and calling fit again may find a better value.
  ConvergenceWarning,
/home/rstric2s/psi4conda/envs/py37/lib/python3.7/site-packages/sklearn/gaussian_process/kernels.py:427: ConvergenceWarning: The optimal value found for dimension 0 of parameter length_scale is close to the specified lower bound 1e-05. Decreasing the bound and calling fit again may find a better value.
  ConvergenceWarning,
/home/rstric2s/psi4conda/envs/py37/lib/python3.7/site-packages/sklearn/gaussian_process/kernels.py:427: ConvergenceWarning: The optimal value found for dimension 0 of parameter periodicity is close to the specified lower bound 1e-05. Decreasing the bound and calling fit again may find a better value.
  ConvergenceWarning,
/home/rstric2s/psi4conda/envs/py37/lib/python3.7/site-packages/sklearn/gaussian_process/kernels.py:427: ConvergenceWarning: The optimal value found for dimension 0 of parameter periodicity is close to the specified lower bound 1e-05. Decreasing the bound and calling fit again may find a better value.
  ConvergenceWarning,
/home/rstric2s/psi4conda/envs/py37/lib/python3.7/site-packages/sklearn/gaussian_process/kernels.py:427: ConvergenceWarning: The optimal value found for dimension 0 of parameter length_scale is close to the specified lower bound 1e-05. Decreasing the bound and calling fit again may find a better value.
  ConvergenceWarning,
/home/rstric2s/psi4conda/envs/py37/lib/python3.7/site-packages/sklearn/gaussian_process/kernels.py:427: ConvergenceWarning: The optimal value found for dimension 0 of parameter length_scale is close to the specified lower bound 1e-05. Decreasing the bound and calling fit again may find a better value.
  ConvergenceWarning,
/home/rstric2s/psi4conda/envs/py37/lib/python3.7/site-packages/sklearn/gaussian_process/kernels.py:427: ConvergenceWarning: The optimal value found for dimension 0 of parameter length_scale is close to the specified lower bound 1e-05. Decreasing the bound and calling fit again may find a better value.
  ConvergenceWarning,
/home/rstric2s/psi4conda/envs/py37/lib/python3.7/site-packages/sklearn/gaussian_process/kernels.py:427: ConvergenceWarning: The optimal value found for dimension 0 of parameter length_scale is close to the specified lower bound 1e-05. Decreasing the bound and calling fit again may find a better value.
  ConvergenceWarning,
/home/rstric2s/psi4conda/envs/py37/lib/python3.7/site-packages/sklearn/gaussian_process/kernels.py:427: ConvergenceWarning: The optimal value found for dimension 0 of parameter periodicity is close to the specified lower bound 1e-05. Decreasing the bound and calling fit again may find a better value.
  ConvergenceWarning,
/home/rstric2s/psi4conda/envs/py37/lib/python3.7/site-packages/sklearn/gaussian_process/kernels.py:427: ConvergenceWarning: The optimal value found for dimension 0 of parameter length_scale is close to the specified lower bound 1e-05. Decreasing the bound and calling fit again may find a better value.
  ConvergenceWarning,
/home/rstric2s/psi4conda/envs/py37/lib/python3.7/site-packages/sklearn/gaussian_process/kernels.py:427: ConvergenceWarning: The optimal value found for dimension 0 of parameter periodicity is close to the specified lower bound 1e-05. Decreasing the bound and calling fit again may find a better value.
  ConvergenceWarning,
/home/rstric2s/psi4conda/envs/py37/lib/python3.7/site-packages/sklearn/gaussian_process/_gpr.py:610: ConvergenceWarning: lbfgs failed to converge (status=2):
ABNORMAL_TERMINATION_IN_LNSRCH.

Increase the number of iterations (max_iter) or scale the data as shown in:
    https://scikit-learn.org/stable/modules/preprocessing.html
  _check_optimize_result("lbfgs", opt_res)
/home/rstric2s/psi4conda/envs/py37/lib/python3.7/site-packages/sklearn/gaussian_process/kernels.py:427: ConvergenceWarning: The optimal value found for dimension 0 of parameter length_scale is close to the specified lower bound 1e-05. Decreasing the bound and calling fit again may find a better value.
  ConvergenceWarning,
/home/rstric2s/psi4conda/envs/py37/lib/python3.7/site-packages/sklearn/gaussian_process/kernels.py:427: ConvergenceWarning: The optimal value found for dimension 0 of parameter periodicity is close to the specified lower bound 1e-05. Decreasing the bound and calling fit again may find a better value.
  ConvergenceWarning,
/home/rstric2s/psi4conda/envs/py37/lib/python3.7/site-packages/sklearn/gaussian_process/kernels.py:427: ConvergenceWarning: The optimal value found for dimension 0 of parameter periodicity is close to the specified lower bound 1e-05. Decreasing the bound and calling fit again may find a better value.
  ConvergenceWarning,
/home/rstric2s/psi4conda/envs/py37/lib/python3.7/site-packages/sklearn/gaussian_process/kernels.py:427: ConvergenceWarning: The optimal value found for dimension 0 of parameter length_scale is close to the specified lower bound 1e-05. Decreasing the bound and calling fit again may find a better value.
  ConvergenceWarning,
/home/rstric2s/psi4conda/envs/py37/lib/python3.7/site-packages/sklearn/gaussian_process/kernels.py:427: ConvergenceWarning: The optimal value found for dimension 0 of parameter periodicity is close to the specified lower bound 1e-05. Decreasing the bound and calling fit again may find a better value.
  ConvergenceWarning,
/home/rstric2s/psi4conda/envs/py37/lib/python3.7/site-packages/sklearn/gaussian_process/kernels.py:427: ConvergenceWarning: The optimal value found for dimension 0 of parameter length_scale is close to the specified lower bound 1e-05. Decreasing the bound and calling fit again may find a better value.
  ConvergenceWarning,
/home/rstric2s/psi4conda/envs/py37/lib/python3.7/site-packages/sklearn/gaussian_process/_gpr.py:610: ConvergenceWarning: lbfgs failed to converge (status=2):
ABNORMAL_TERMINATION_IN_LNSRCH.

Increase the number of iterations (max_iter) or scale the data as shown in:
    https://scikit-learn.org/stable/modules/preprocessing.html
  _check_optimize_result("lbfgs", opt_res)
/home/rstric2s/psi4conda/envs/py37/lib/python3.7/site-packages/sklearn/gaussian_process/_gpr.py:610: ConvergenceWarning: lbfgs failed to converge (status=2):
ABNORMAL_TERMINATION_IN_LNSRCH.

Increase the number of iterations (max_iter) or scale the data as shown in:
    https://scikit-learn.org/stable/modules/preprocessing.html
  _check_optimize_result("lbfgs", opt_res)
/home/rstric2s/psi4conda/envs/py37/lib/python3.7/site-packages/sklearn/gaussian_process/kernels.py:427: ConvergenceWarning: The optimal value found for dimension 0 of parameter length_scale is close to the specified lower bound 1e-05. Decreasing the bound and calling fit again may find a better value.
  ConvergenceWarning,
/home/rstric2s/psi4conda/envs/py37/lib/python3.7/site-packages/sklearn/gaussian_process/kernels.py:427: ConvergenceWarning: The optimal value found for dimension 0 of parameter periodicity is close to the specified lower bound 1e-05. Decreasing the bound and calling fit again may find a better value.
  ConvergenceWarning,
/home/rstric2s/psi4conda/envs/py37/lib/python3.7/site-packages/sklearn/gaussian_process/kernels.py:427: ConvergenceWarning: The optimal value found for dimension 0 of parameter length_scale is close to the specified lower bound 1e-05. Decreasing the bound and calling fit again may find a better value.
  ConvergenceWarning,
/home/rstric2s/psi4conda/envs/py37/lib/python3.7/site-packages/sklearn/gaussian_process/kernels.py:427: ConvergenceWarning: The optimal value found for dimension 0 of parameter periodicity is close to the specified lower bound 1e-05. Decreasing the bound and calling fit again may find a better value.
  ConvergenceWarning,
/home/rstric2s/psi4conda/envs/py37/lib/python3.7/site-packages/sklearn/gaussian_process/kernels.py:427: ConvergenceWarning: The optimal value found for dimension 0 of parameter periodicity is close to the specified lower bound 1e-05. Decreasing the bound and calling fit again may find a better value.
  ConvergenceWarning,
/home/rstric2s/psi4conda/envs/py37/lib/python3.7/site-packages/sklearn/gaussian_process/_gpr.py:610: ConvergenceWarning: lbfgs failed to converge (status=2):
ABNORMAL_TERMINATION_IN_LNSRCH.

Increase the number of iterations (max_iter) or scale the data as shown in:
    https://scikit-learn.org/stable/modules/preprocessing.html
  _check_optimize_result("lbfgs", opt_res)
/home/rstric2s/psi4conda/envs/py37/lib/python3.7/site-packages/sklearn/gaussian_process/kernels.py:427: ConvergenceWarning: The optimal value found for dimension 0 of parameter length_scale is close to the specified lower bound 1e-05. Decreasing the bound and calling fit again may find a better value.
  ConvergenceWarning,
/home/rstric2s/psi4conda/envs/py37/lib/python3.7/site-packages/sklearn/gaussian_process/kernels.py:427: ConvergenceWarning: The optimal value found for dimension 0 of parameter periodicity is close to the specified lower bound 1e-05. Decreasing the bound and calling fit again may find a better value.
  ConvergenceWarning,
/home/rstric2s/psi4conda/envs/py37/lib/python3.7/site-packages/sklearn/gaussian_process/_gpr.py:610: ConvergenceWarning: lbfgs failed to converge (status=2):
ABNORMAL_TERMINATION_IN_LNSRCH.

Increase the number of iterations (max_iter) or scale the data as shown in:
    https://scikit-learn.org/stable/modules/preprocessing.html
  _check_optimize_result("lbfgs", opt_res)
/home/rstric2s/psi4conda/envs/py37/lib/python3.7/site-packages/sklearn/gaussian_process/kernels.py:427: ConvergenceWarning: The optimal value found for dimension 0 of parameter length_scale is close to the specified lower bound 1e-05. Decreasing the bound and calling fit again may find a better value.
  ConvergenceWarning,
/home/rstric2s/psi4conda/envs/py37/lib/python3.7/site-packages/sklearn/gaussian_process/kernels.py:427: ConvergenceWarning: The optimal value found for dimension 0 of parameter length_scale is close to the specified lower bound 1e-05. Decreasing the bound and calling fit again may find a better value.
  ConvergenceWarning,
/home/rstric2s/psi4conda/envs/py37/lib/python3.7/site-packages/sklearn/gaussian_process/kernels.py:427: ConvergenceWarning: The optimal value found for dimension 0 of parameter length_scale is close to the specified lower bound 1e-05. Decreasing the bound and calling fit again may find a better value.
  ConvergenceWarning,
/home/rstric2s/psi4conda/envs/py37/lib/python3.7/site-packages/sklearn/gaussian_process/kernels.py:427: ConvergenceWarning: The optimal value found for dimension 0 of parameter length_scale is close to the specified lower bound 1e-05. Decreasing the bound and calling fit again may find a better value.
  ConvergenceWarning,
/home/rstric2s/psi4conda/envs/py37/lib/python3.7/site-packages/sklearn/gaussian_process/_gpr.py:610: ConvergenceWarning: lbfgs failed to converge (status=2):
ABNORMAL_TERMINATION_IN_LNSRCH.

Increase the number of iterations (max_iter) or scale the data as shown in:
    https://scikit-learn.org/stable/modules/preprocessing.html
  _check_optimize_result("lbfgs", opt_res)
/home/rstric2s/psi4conda/envs/py37/lib/python3.7/site-packages/sklearn/gaussian_process/_gpr.py:610: ConvergenceWarning: lbfgs failed to converge (status=2):
ABNORMAL_TERMINATION_IN_LNSRCH.

Increase the number of iterations (max_iter) or scale the data as shown in:
    https://scikit-learn.org/stable/modules/preprocessing.html
  _check_optimize_result("lbfgs", opt_res)
/home/rstric2s/psi4conda/envs/py37/lib/python3.7/site-packages/sklearn/gaussian_process/_gpr.py:610: ConvergenceWarning: lbfgs failed to converge (status=2):
ABNORMAL_TERMINATION_IN_LNSRCH.

Increase the number of iterations (max_iter) or scale the data as shown in:
    https://scikit-learn.org/stable/modules/preprocessing.html
  _check_optimize_result("lbfgs", opt_res)
/home/rstric2s/psi4conda/envs/py37/lib/python3.7/site-packages/sklearn/gaussian_process/kernels.py:427: ConvergenceWarning: The optimal value found for dimension 0 of parameter length_scale is close to the specified lower bound 1e-05. Decreasing the bound and calling fit again may find a better value.
  ConvergenceWarning,
/home/rstric2s/psi4conda/envs/py37/lib/python3.7/site-packages/sklearn/gaussian_process/kernels.py:427: ConvergenceWarning: The optimal value found for dimension 0 of parameter length_scale is close to the specified lower bound 1e-05. Decreasing the bound and calling fit again may find a better value.
  ConvergenceWarning,
/home/rstric2s/psi4conda/envs/py37/lib/python3.7/site-packages/sklearn/gaussian_process/kernels.py:427: ConvergenceWarning: The optimal value found for dimension 0 of parameter length_scale is close to the specified lower bound 1e-05. Decreasing the bound and calling fit again may find a better value.
  ConvergenceWarning,
/home/rstric2s/psi4conda/envs/py37/lib/python3.7/site-packages/sklearn/gaussian_process/kernels.py:427: ConvergenceWarning: The optimal value found for dimension 0 of parameter length_scale is close to the specified lower bound 1e-05. Decreasing the bound and calling fit again may find a better value.
  ConvergenceWarning,
/home/rstric2s/psi4conda/envs/py37/lib/python3.7/site-packages/sklearn/gaussian_process/kernels.py:427: ConvergenceWarning: The optimal value found for dimension 0 of parameter length_scale is close to the specified lower bound 1e-05. Decreasing the bound and calling fit again may find a better value.
  ConvergenceWarning,
/home/rstric2s/psi4conda/envs/py37/lib/python3.7/site-packages/sklearn/gaussian_process/kernels.py:427: ConvergenceWarning: The optimal value found for dimension 0 of parameter periodicity is close to the specified lower bound 1e-05. Decreasing the bound and calling fit again may find a better value.
  ConvergenceWarning,
/home/rstric2s/psi4conda/envs/py37/lib/python3.7/site-packages/sklearn/gaussian_process/_gpr.py:610: ConvergenceWarning: lbfgs failed to converge (status=2):
ABNORMAL_TERMINATION_IN_LNSRCH.

Increase the number of iterations (max_iter) or scale the data as shown in:
    https://scikit-learn.org/stable/modules/preprocessing.html
  _check_optimize_result("lbfgs", opt_res)
/home/rstric2s/psi4conda/envs/py37/lib/python3.7/site-packages/sklearn/gaussian_process/_gpr.py:610: ConvergenceWarning: lbfgs failed to converge (status=2):
ABNORMAL_TERMINATION_IN_LNSRCH.

Increase the number of iterations (max_iter) or scale the data as shown in:
    https://scikit-learn.org/stable/modules/preprocessing.html
  _check_optimize_result("lbfgs", opt_res)
/home/rstric2s/psi4conda/envs/py37/lib/python3.7/site-packages/sklearn/gaussian_process/kernels.py:427: ConvergenceWarning: The optimal value found for dimension 0 of parameter length_scale is close to the specified lower bound 1e-05. Decreasing the bound and calling fit again may find a better value.
  ConvergenceWarning,
/home/rstric2s/psi4conda/envs/py37/lib/python3.7/site-packages/sklearn/gaussian_process/kernels.py:427: ConvergenceWarning: The optimal value found for dimension 0 of parameter length_scale is close to the specified lower bound 1e-05. Decreasing the bound and calling fit again may find a better value.
  ConvergenceWarning,
/home/rstric2s/psi4conda/envs/py37/lib/python3.7/site-packages/sklearn/gaussian_process/kernels.py:427: ConvergenceWarning: The optimal value found for dimension 0 of parameter length_scale is close to the specified lower bound 1e-05. Decreasing the bound and calling fit again may find a better value.
  ConvergenceWarning,
/home/rstric2s/psi4conda/envs/py37/lib/python3.7/site-packages/sklearn/gaussian_process/kernels.py:427: ConvergenceWarning: The optimal value found for dimension 0 of parameter length_scale is close to the specified lower bound 1e-05. Decreasing the bound and calling fit again may find a better value.
  ConvergenceWarning,
/home/rstric2s/psi4conda/envs/py37/lib/python3.7/site-packages/sklearn/gaussian_process/kernels.py:427: ConvergenceWarning: The optimal value found for dimension 0 of parameter length_scale is close to the specified lower bound 1e-05. Decreasing the bound and calling fit again may find a better value.
  ConvergenceWarning,
/home/rstric2s/psi4conda/envs/py37/lib/python3.7/site-packages/sklearn/gaussian_process/kernels.py:427: ConvergenceWarning: The optimal value found for dimension 0 of parameter periodicity is close to the specified lower bound 1e-05. Decreasing the bound and calling fit again may find a better value.
  ConvergenceWarning,
/home/rstric2s/psi4conda/envs/py37/lib/python3.7/site-packages/sklearn/gaussian_process/kernels.py:427: ConvergenceWarning: The optimal value found for dimension 0 of parameter length_scale is close to the specified lower bound 1e-05. Decreasing the bound and calling fit again may find a better value.
  ConvergenceWarning,
/home/rstric2s/psi4conda/envs/py37/lib/python3.7/site-packages/sklearn/gaussian_process/kernels.py:427: ConvergenceWarning: The optimal value found for dimension 0 of parameter length_scale is close to the specified lower bound 1e-05. Decreasing the bound and calling fit again may find a better value.
  ConvergenceWarning,
/home/rstric2s/psi4conda/envs/py37/lib/python3.7/site-packages/sklearn/gaussian_process/_gpr.py:610: ConvergenceWarning: lbfgs failed to converge (status=2):
ABNORMAL_TERMINATION_IN_LNSRCH.

Increase the number of iterations (max_iter) or scale the data as shown in:
    https://scikit-learn.org/stable/modules/preprocessing.html
  _check_optimize_result("lbfgs", opt_res)
/home/rstric2s/psi4conda/envs/py37/lib/python3.7/site-packages/sklearn/gaussian_process/_gpr.py:610: ConvergenceWarning: lbfgs failed to converge (status=2):
ABNORMAL_TERMINATION_IN_LNSRCH.

Increase the number of iterations (max_iter) or scale the data as shown in:
    https://scikit-learn.org/stable/modules/preprocessing.html
  _check_optimize_result("lbfgs", opt_res)
/home/rstric2s/psi4conda/envs/py37/lib/python3.7/site-packages/sklearn/gaussian_process/_gpr.py:610: ConvergenceWarning: lbfgs failed to converge (status=2):
ABNORMAL_TERMINATION_IN_LNSRCH.

Increase the number of iterations (max_iter) or scale the data as shown in:
    https://scikit-learn.org/stable/modules/preprocessing.html
  _check_optimize_result("lbfgs", opt_res)
/home/rstric2s/psi4conda/envs/py37/lib/python3.7/site-packages/sklearn/gaussian_process/_gpr.py:610: ConvergenceWarning: lbfgs failed to converge (status=2):
ABNORMAL_TERMINATION_IN_LNSRCH.

Increase the number of iterations (max_iter) or scale the data as shown in:
    https://scikit-learn.org/stable/modules/preprocessing.html
  _check_optimize_result("lbfgs", opt_res)
/home/rstric2s/psi4conda/envs/py37/lib/python3.7/site-packages/sklearn/gaussian_process/kernels.py:427: ConvergenceWarning: The optimal value found for dimension 0 of parameter length_scale is close to the specified lower bound 1e-05. Decreasing the bound and calling fit again may find a better value.
  ConvergenceWarning,
/home/rstric2s/psi4conda/envs/py37/lib/python3.7/site-packages/sklearn/gaussian_process/_gpr.py:610: ConvergenceWarning: lbfgs failed to converge (status=2):
ABNORMAL_TERMINATION_IN_LNSRCH.

Increase the number of iterations (max_iter) or scale the data as shown in:
    https://scikit-learn.org/stable/modules/preprocessing.html
  _check_optimize_result("lbfgs", opt_res)
/home/rstric2s/psi4conda/envs/py37/lib/python3.7/site-packages/sklearn/gaussian_process/kernels.py:427: ConvergenceWarning: The optimal value found for dimension 0 of parameter length_scale is close to the specified lower bound 1e-05. Decreasing the bound and calling fit again may find a better value.
  ConvergenceWarning,
/home/rstric2s/psi4conda/envs/py37/lib/python3.7/site-packages/sklearn/gaussian_process/_gpr.py:610: ConvergenceWarning: lbfgs failed to converge (status=2):
ABNORMAL_TERMINATION_IN_LNSRCH.

Increase the number of iterations (max_iter) or scale the data as shown in:
    https://scikit-learn.org/stable/modules/preprocessing.html
  _check_optimize_result("lbfgs", opt_res)
/home/rstric2s/psi4conda/envs/py37/lib/python3.7/site-packages/sklearn/gaussian_process/kernels.py:427: ConvergenceWarning: The optimal value found for dimension 0 of parameter length_scale is close to the specified lower bound 1e-05. Decreasing the bound and calling fit again may find a better value.
  ConvergenceWarning,
/home/rstric2s/psi4conda/envs/py37/lib/python3.7/site-packages/sklearn/gaussian_process/kernels.py:427: ConvergenceWarning: The optimal value found for dimension 0 of parameter periodicity is close to the specified lower bound 1e-05. Decreasing the bound and calling fit again may find a better value.
  ConvergenceWarning,
/home/rstric2s/psi4conda/envs/py37/lib/python3.7/site-packages/sklearn/gaussian_process/kernels.py:427: ConvergenceWarning: The optimal value found for dimension 0 of parameter length_scale is close to the specified lower bound 1e-05. Decreasing the bound and calling fit again may find a better value.
  ConvergenceWarning,
/home/rstric2s/psi4conda/envs/py37/lib/python3.7/site-packages/sklearn/gaussian_process/kernels.py:427: ConvergenceWarning: The optimal value found for dimension 0 of parameter periodicity is close to the specified lower bound 1e-05. Decreasing the bound and calling fit again may find a better value.
  ConvergenceWarning,
/home/rstric2s/psi4conda/envs/py37/lib/python3.7/site-packages/sklearn/gaussian_process/kernels.py:427: ConvergenceWarning: The optimal value found for dimension 0 of parameter length_scale is close to the specified lower bound 1e-05. Decreasing the bound and calling fit again may find a better value.
  ConvergenceWarning,
/home/rstric2s/psi4conda/envs/py37/lib/python3.7/site-packages/sklearn/gaussian_process/kernels.py:427: ConvergenceWarning: The optimal value found for dimension 0 of parameter periodicity is close to the specified lower bound 1e-05. Decreasing the bound and calling fit again may find a better value.
  ConvergenceWarning,
/home/rstric2s/psi4conda/envs/py37/lib/python3.7/site-packages/sklearn/gaussian_process/kernels.py:427: ConvergenceWarning: The optimal value found for dimension 0 of parameter length_scale is close to the specified lower bound 1e-05. Decreasing the bound and calling fit again may find a better value.
  ConvergenceWarning,
/home/rstric2s/psi4conda/envs/py37/lib/python3.7/site-packages/sklearn/gaussian_process/kernels.py:427: ConvergenceWarning: The optimal value found for dimension 0 of parameter length_scale is close to the specified lower bound 1e-05. Decreasing the bound and calling fit again may find a better value.
  ConvergenceWarning,
/home/rstric2s/psi4conda/envs/py37/lib/python3.7/site-packages/sklearn/gaussian_process/kernels.py:427: ConvergenceWarning: The optimal value found for dimension 0 of parameter length_scale is close to the specified lower bound 1e-05. Decreasing the bound and calling fit again may find a better value.
  ConvergenceWarning,
/home/rstric2s/psi4conda/envs/py37/lib/python3.7/site-packages/sklearn/gaussian_process/kernels.py:427: ConvergenceWarning: The optimal value found for dimension 0 of parameter length_scale is close to the specified lower bound 1e-05. Decreasing the bound and calling fit again may find a better value.
  ConvergenceWarning,
/home/rstric2s/psi4conda/envs/py37/lib/python3.7/site-packages/sklearn/gaussian_process/_gpr.py:610: ConvergenceWarning: lbfgs failed to converge (status=2):
ABNORMAL_TERMINATION_IN_LNSRCH.

Increase the number of iterations (max_iter) or scale the data as shown in:
    https://scikit-learn.org/stable/modules/preprocessing.html
  _check_optimize_result("lbfgs", opt_res)
/home/rstric2s/psi4conda/envs/py37/lib/python3.7/site-packages/sklearn/gaussian_process/kernels.py:427: ConvergenceWarning: The optimal value found for dimension 0 of parameter periodicity is close to the specified lower bound 1e-05. Decreasing the bound and calling fit again may find a better value.
  ConvergenceWarning,
/home/rstric2s/psi4conda/envs/py37/lib/python3.7/site-packages/sklearn/gaussian_process/kernels.py:427: ConvergenceWarning: The optimal value found for dimension 0 of parameter length_scale is close to the specified lower bound 1e-05. Decreasing the bound and calling fit again may find a better value.
  ConvergenceWarning,
/home/rstric2s/psi4conda/envs/py37/lib/python3.7/site-packages/sklearn/gaussian_process/kernels.py:427: ConvergenceWarning: The optimal value found for dimension 0 of parameter length_scale is close to the specified lower bound 1e-05. Decreasing the bound and calling fit again may find a better value.
  ConvergenceWarning,
/home/rstric2s/psi4conda/envs/py37/lib/python3.7/site-packages/sklearn/gaussian_process/kernels.py:427: ConvergenceWarning: The optimal value found for dimension 0 of parameter length_scale is close to the specified lower bound 1e-05. Decreasing the bound and calling fit again may find a better value.
  ConvergenceWarning,
/home/rstric2s/psi4conda/envs/py37/lib/python3.7/site-packages/sklearn/gaussian_process/kernels.py:427: ConvergenceWarning: The optimal value found for dimension 0 of parameter length_scale is close to the specified lower bound 1e-05. Decreasing the bound and calling fit again may find a better value.
  ConvergenceWarning,
/home/rstric2s/psi4conda/envs/py37/lib/python3.7/site-packages/sklearn/gaussian_process/kernels.py:427: ConvergenceWarning: The optimal value found for dimension 0 of parameter length_scale is close to the specified lower bound 1e-05. Decreasing the bound and calling fit again may find a better value.
  ConvergenceWarning,
/home/rstric2s/psi4conda/envs/py37/lib/python3.7/site-packages/sklearn/gaussian_process/kernels.py:427: ConvergenceWarning: The optimal value found for dimension 0 of parameter length_scale is close to the specified lower bound 1e-05. Decreasing the bound and calling fit again may find a better value.
  ConvergenceWarning,
/home/rstric2s/psi4conda/envs/py37/lib/python3.7/site-packages/sklearn/gaussian_process/kernels.py:427: ConvergenceWarning: The optimal value found for dimension 0 of parameter length_scale is close to the specified lower bound 1e-05. Decreasing the bound and calling fit again may find a better value.
  ConvergenceWarning,
/home/rstric2s/psi4conda/envs/py37/lib/python3.7/site-packages/sklearn/gaussian_process/kernels.py:427: ConvergenceWarning: The optimal value found for dimension 0 of parameter length_scale is close to the specified lower bound 1e-05. Decreasing the bound and calling fit again may find a better value.
  ConvergenceWarning,
/home/rstric2s/psi4conda/envs/py37/lib/python3.7/site-packages/sklearn/gaussian_process/kernels.py:427: ConvergenceWarning: The optimal value found for dimension 0 of parameter length_scale is close to the specified lower bound 1e-05. Decreasing the bound and calling fit again may find a better value.
  ConvergenceWarning,
/home/rstric2s/psi4conda/envs/py37/lib/python3.7/site-packages/sklearn/gaussian_process/kernels.py:427: ConvergenceWarning: The optimal value found for dimension 0 of parameter length_scale is close to the specified lower bound 1e-05. Decreasing the bound and calling fit again may find a better value.
  ConvergenceWarning,
/home/rstric2s/psi4conda/envs/py37/lib/python3.7/site-packages/sklearn/gaussian_process/kernels.py:427: ConvergenceWarning: The optimal value found for dimension 0 of parameter length_scale is close to the specified lower bound 1e-05. Decreasing the bound and calling fit again may find a better value.
  ConvergenceWarning,
/home/rstric2s/psi4conda/envs/py37/lib/python3.7/site-packages/sklearn/gaussian_process/kernels.py:427: ConvergenceWarning: The optimal value found for dimension 0 of parameter periodicity is close to the specified lower bound 1e-05. Decreasing the bound and calling fit again may find a better value.
  ConvergenceWarning,
/home/rstric2s/psi4conda/envs/py37/lib/python3.7/site-packages/sklearn/gaussian_process/kernels.py:427: ConvergenceWarning: The optimal value found for dimension 0 of parameter length_scale is close to the specified lower bound 1e-05. Decreasing the bound and calling fit again may find a better value.
  ConvergenceWarning,
/home/rstric2s/psi4conda/envs/py37/lib/python3.7/site-packages/sklearn/gaussian_process/kernels.py:427: ConvergenceWarning: The optimal value found for dimension 0 of parameter length_scale is close to the specified lower bound 1e-05. Decreasing the bound and calling fit again may find a better value.
  ConvergenceWarning,
/home/rstric2s/psi4conda/envs/py37/lib/python3.7/site-packages/sklearn/gaussian_process/kernels.py:427: ConvergenceWarning: The optimal value found for dimension 0 of parameter length_scale is close to the specified lower bound 1e-05. Decreasing the bound and calling fit again may find a better value.
  ConvergenceWarning,
/home/rstric2s/psi4conda/envs/py37/lib/python3.7/site-packages/sklearn/gaussian_process/kernels.py:427: ConvergenceWarning: The optimal value found for dimension 0 of parameter length_scale is close to the specified lower bound 1e-05. Decreasing the bound and calling fit again may find a better value.
  ConvergenceWarning,
/home/rstric2s/psi4conda/envs/py37/lib/python3.7/site-packages/sklearn/gaussian_process/kernels.py:427: ConvergenceWarning: The optimal value found for dimension 0 of parameter length_scale is close to the specified lower bound 1e-05. Decreasing the bound and calling fit again may find a better value.
  ConvergenceWarning,
/home/rstric2s/psi4conda/envs/py37/lib/python3.7/site-packages/sklearn/gaussian_process/kernels.py:427: ConvergenceWarning: The optimal value found for dimension 0 of parameter periodicity is close to the specified lower bound 1e-05. Decreasing the bound and calling fit again may find a better value.
  ConvergenceWarning,
/home/rstric2s/psi4conda/envs/py37/lib/python3.7/site-packages/sklearn/gaussian_process/_gpr.py:610: ConvergenceWarning: lbfgs failed to converge (status=2):
ABNORMAL_TERMINATION_IN_LNSRCH.

Increase the number of iterations (max_iter) or scale the data as shown in:
    https://scikit-learn.org/stable/modules/preprocessing.html
  _check_optimize_result("lbfgs", opt_res)
/home/rstric2s/psi4conda/envs/py37/lib/python3.7/site-packages/sklearn/gaussian_process/kernels.py:427: ConvergenceWarning: The optimal value found for dimension 0 of parameter length_scale is close to the specified lower bound 1e-05. Decreasing the bound and calling fit again may find a better value.
  ConvergenceWarning,
/home/rstric2s/psi4conda/envs/py37/lib/python3.7/site-packages/sklearn/gaussian_process/kernels.py:427: ConvergenceWarning: The optimal value found for dimension 0 of parameter periodicity is close to the specified lower bound 1e-05. Decreasing the bound and calling fit again may find a better value.
  ConvergenceWarning,
/home/rstric2s/psi4conda/envs/py37/lib/python3.7/site-packages/sklearn/gaussian_process/_gpr.py:610: ConvergenceWarning: lbfgs failed to converge (status=2):
ABNORMAL_TERMINATION_IN_LNSRCH.

Increase the number of iterations (max_iter) or scale the data as shown in:
    https://scikit-learn.org/stable/modules/preprocessing.html
  _check_optimize_result("lbfgs", opt_res)
/home/rstric2s/psi4conda/envs/py37/lib/python3.7/site-packages/sklearn/gaussian_process/kernels.py:427: ConvergenceWarning: The optimal value found for dimension 0 of parameter length_scale is close to the specified lower bound 1e-05. Decreasing the bound and calling fit again may find a better value.
  ConvergenceWarning,
/home/rstric2s/psi4conda/envs/py37/lib/python3.7/site-packages/sklearn/gaussian_process/kernels.py:427: ConvergenceWarning: The optimal value found for dimension 0 of parameter periodicity is close to the specified lower bound 1e-05. Decreasing the bound and calling fit again may find a better value.
  ConvergenceWarning,
/home/rstric2s/psi4conda/envs/py37/lib/python3.7/site-packages/sklearn/gaussian_process/kernels.py:427: ConvergenceWarning: The optimal value found for dimension 0 of parameter length_scale is close to the specified lower bound 1e-05. Decreasing the bound and calling fit again may find a better value.
  ConvergenceWarning,
/home/rstric2s/psi4conda/envs/py37/lib/python3.7/site-packages/sklearn/gaussian_process/kernels.py:427: ConvergenceWarning: The optimal value found for dimension 0 of parameter length_scale is close to the specified lower bound 1e-05. Decreasing the bound and calling fit again may find a better value.
  ConvergenceWarning,
/home/rstric2s/psi4conda/envs/py37/lib/python3.7/site-packages/sklearn/gaussian_process/kernels.py:427: ConvergenceWarning: The optimal value found for dimension 0 of parameter periodicity is close to the specified lower bound 1e-05. Decreasing the bound and calling fit again may find a better value.
  ConvergenceWarning,
/home/rstric2s/psi4conda/envs/py37/lib/python3.7/site-packages/sklearn/gaussian_process/kernels.py:427: ConvergenceWarning: The optimal value found for dimension 0 of parameter length_scale is close to the specified lower bound 1e-05. Decreasing the bound and calling fit again may find a better value.
  ConvergenceWarning,
/home/rstric2s/psi4conda/envs/py37/lib/python3.7/site-packages/sklearn/gaussian_process/kernels.py:427: ConvergenceWarning: The optimal value found for dimension 0 of parameter periodicity is close to the specified lower bound 1e-05. Decreasing the bound and calling fit again may find a better value.
  ConvergenceWarning,
/home/rstric2s/psi4conda/envs/py37/lib/python3.7/site-packages/sklearn/gaussian_process/kernels.py:427: ConvergenceWarning: The optimal value found for dimension 0 of parameter length_scale is close to the specified lower bound 1e-05. Decreasing the bound and calling fit again may find a better value.
  ConvergenceWarning,
/home/rstric2s/psi4conda/envs/py37/lib/python3.7/site-packages/sklearn/gaussian_process/kernels.py:427: ConvergenceWarning: The optimal value found for dimension 0 of parameter length_scale is close to the specified lower bound 1e-05. Decreasing the bound and calling fit again may find a better value.
  ConvergenceWarning,
/home/rstric2s/psi4conda/envs/py37/lib/python3.7/site-packages/sklearn/gaussian_process/kernels.py:427: ConvergenceWarning: The optimal value found for dimension 0 of parameter length_scale is close to the specified lower bound 1e-05. Decreasing the bound and calling fit again may find a better value.
  ConvergenceWarning,
/home/rstric2s/psi4conda/envs/py37/lib/python3.7/site-packages/sklearn/gaussian_process/_gpr.py:610: ConvergenceWarning: lbfgs failed to converge (status=2):
ABNORMAL_TERMINATION_IN_LNSRCH.

Increase the number of iterations (max_iter) or scale the data as shown in:
    https://scikit-learn.org/stable/modules/preprocessing.html
  _check_optimize_result("lbfgs", opt_res)
/home/rstric2s/psi4conda/envs/py37/lib/python3.7/site-packages/sklearn/gaussian_process/kernels.py:427: ConvergenceWarning: The optimal value found for dimension 0 of parameter length_scale is close to the specified lower bound 1e-05. Decreasing the bound and calling fit again may find a better value.
  ConvergenceWarning,
/home/rstric2s/psi4conda/envs/py37/lib/python3.7/site-packages/sklearn/gaussian_process/kernels.py:427: ConvergenceWarning: The optimal value found for dimension 0 of parameter periodicity is close to the specified lower bound 1e-05. Decreasing the bound and calling fit again may find a better value.
  ConvergenceWarning,
/home/rstric2s/psi4conda/envs/py37/lib/python3.7/site-packages/sklearn/gaussian_process/kernels.py:427: ConvergenceWarning: The optimal value found for dimension 0 of parameter length_scale is close to the specified lower bound 1e-05. Decreasing the bound and calling fit again may find a better value.
  ConvergenceWarning,
/home/rstric2s/psi4conda/envs/py37/lib/python3.7/site-packages/sklearn/gaussian_process/kernels.py:427: ConvergenceWarning: The optimal value found for dimension 0 of parameter periodicity is close to the specified lower bound 1e-05. Decreasing the bound and calling fit again may find a better value.
  ConvergenceWarning,
/home/rstric2s/psi4conda/envs/py37/lib/python3.7/site-packages/sklearn/gaussian_process/kernels.py:427: ConvergenceWarning: The optimal value found for dimension 0 of parameter length_scale is close to the specified lower bound 1e-05. Decreasing the bound and calling fit again may find a better value.
  ConvergenceWarning,
/home/rstric2s/psi4conda/envs/py37/lib/python3.7/site-packages/sklearn/gaussian_process/kernels.py:427: ConvergenceWarning: The optimal value found for dimension 0 of parameter periodicity is close to the specified lower bound 1e-05. Decreasing the bound and calling fit again may find a better value.
  ConvergenceWarning,
/home/rstric2s/psi4conda/envs/py37/lib/python3.7/site-packages/sklearn/gaussian_process/kernels.py:427: ConvergenceWarning: The optimal value found for dimension 0 of parameter length_scale is close to the specified lower bound 1e-05. Decreasing the bound and calling fit again may find a better value.
  ConvergenceWarning,
/home/rstric2s/psi4conda/envs/py37/lib/python3.7/site-packages/sklearn/gaussian_process/kernels.py:427: ConvergenceWarning: The optimal value found for dimension 0 of parameter periodicity is close to the specified lower bound 1e-05. Decreasing the bound and calling fit again may find a better value.
  ConvergenceWarning,
/home/rstric2s/psi4conda/envs/py37/lib/python3.7/site-packages/sklearn/gaussian_process/_gpr.py:610: ConvergenceWarning: lbfgs failed to converge (status=2):
ABNORMAL_TERMINATION_IN_LNSRCH.

Increase the number of iterations (max_iter) or scale the data as shown in:
    https://scikit-learn.org/stable/modules/preprocessing.html
  _check_optimize_result("lbfgs", opt_res)
Training GPR Models with 0.9% of the dataset.

.
.
.
.
.
.
.
.
.
.
.
.
.
.
.
.
.
.
.
.
.
.
.
.
.
.
.
.
.
.
.
.
.
.
.
.
.
.
.
.
.
.
.
.
.
.
.
.
.
.


Training GPR Models with 0.09999999999999998% of the dataset.

.
.
.
.
.
.
.
.
.
.
.
.
.
.
.
.
.
.
.
.
.
.
.
.
.
.
.
.
.
.
.
.
.
.
.
.
.
.
.
.
.
.
.
.
.
.
.
.
.
.


Wrote statistics to file: 'Stats-1.csv'.
      ratio  rndint   dataset  ...        rmse      mape         r2
0       0.1   678.0  Grid1296  ...  406.319253  0.525352 -14.977312
1       0.1   678.0  Grid1296  ...   66.610439  0.060469   0.570608
2       0.1   678.0  Grid1296  ...   49.965185  0.058479   0.758396
3       0.1   678.0  Grid1296  ...  676.021675  0.992412 -43.227272
4       0.1   678.0  Grid2401  ...  507.387410  0.694879 -22.574499
...     ...     ...       ...  ...         ...       ...        ...
1595    0.9   634.0    Sobol1  ...   47.406429  0.044878   0.766847
1596    0.9   634.0    Sobol2  ...   40.998547  0.044465   0.825194
1597    0.9   634.0    Sobol2  ...   37.244219  0.041763   0.855743
1598    0.9   634.0    Sobol2  ...   48.747072  0.054810   0.752874
1599    0.9   634.0    Sobol1  ...   40.998545  0.044465   0.825194

[1600 rows x 11 columns]
