/home/rstric2s/psi4conda/envs/py37/lib/python3.7/site-packages/sklearn/gaussian_process/kernels.py:427: ConvergenceWarning: The optimal value found for dimension 0 of parameter length_scale is close to the specified lower bound 1e-05. Decreasing the bound and calling fit again may find a better value.
  ConvergenceWarning,
/home/rstric2s/psi4conda/envs/py37/lib/python3.7/site-packages/sklearn/gaussian_process/kernels.py:427: ConvergenceWarning: The optimal value found for dimension 0 of parameter length_scale is close to the specified lower bound 1e-05. Decreasing the bound and calling fit again may find a better value.
  ConvergenceWarning,
/home/rstric2s/psi4conda/envs/py37/lib/python3.7/site-packages/sklearn/gaussian_process/kernels.py:427: ConvergenceWarning: The optimal value found for dimension 0 of parameter periodicity is close to the specified lower bound 1e-05. Decreasing the bound and calling fit again may find a better value.
  ConvergenceWarning,
/home/rstric2s/psi4conda/envs/py37/lib/python3.7/site-packages/sklearn/gaussian_process/kernels.py:427: ConvergenceWarning: The optimal value found for dimension 0 of parameter length_scale is close to the specified lower bound 1e-05. Decreasing the bound and calling fit again may find a better value.
  ConvergenceWarning,
/home/rstric2s/psi4conda/envs/py37/lib/python3.7/site-packages/sklearn/gaussian_process/kernels.py:427: ConvergenceWarning: The optimal value found for dimension 0 of parameter periodicity is close to the specified lower bound 1e-05. Decreasing the bound and calling fit again may find a better value.
  ConvergenceWarning,
/home/rstric2s/psi4conda/envs/py37/lib/python3.7/site-packages/sklearn/gaussian_process/kernels.py:427: ConvergenceWarning: The optimal value found for dimension 0 of parameter length_scale is close to the specified lower bound 1e-05. Decreasing the bound and calling fit again may find a better value.
  ConvergenceWarning,
/home/rstric2s/psi4conda/envs/py37/lib/python3.7/site-packages/sklearn/gaussian_process/kernels.py:427: ConvergenceWarning: The optimal value found for dimension 0 of parameter periodicity is close to the specified lower bound 1e-05. Decreasing the bound and calling fit again may find a better value.
  ConvergenceWarning,
/home/rstric2s/psi4conda/envs/py37/lib/python3.7/site-packages/sklearn/gaussian_process/kernels.py:427: ConvergenceWarning: The optimal value found for dimension 0 of parameter length_scale is close to the specified lower bound 1e-05. Decreasing the bound and calling fit again may find a better value.
  ConvergenceWarning,
/home/rstric2s/psi4conda/envs/py37/lib/python3.7/site-packages/sklearn/gaussian_process/kernels.py:427: ConvergenceWarning: The optimal value found for dimension 0 of parameter periodicity is close to the specified lower bound 1e-05. Decreasing the bound and calling fit again may find a better value.
  ConvergenceWarning,
/home/rstric2s/psi4conda/envs/py37/lib/python3.7/site-packages/sklearn/gaussian_process/_gpr.py:610: ConvergenceWarning: lbfgs failed to converge (status=2):
ABNORMAL_TERMINATION_IN_LNSRCH.

Increase the number of iterations (max_iter) or scale the data as shown in:
    https://scikit-learn.org/stable/modules/preprocessing.html
  _check_optimize_result("lbfgs", opt_res)
/home/rstric2s/psi4conda/envs/py37/lib/python3.7/site-packages/sklearn/gaussian_process/kernels.py:427: ConvergenceWarning: The optimal value found for dimension 0 of parameter length_scale is close to the specified lower bound 1e-05. Decreasing the bound and calling fit again may find a better value.
  ConvergenceWarning,
/home/rstric2s/psi4conda/envs/py37/lib/python3.7/site-packages/sklearn/gaussian_process/kernels.py:427: ConvergenceWarning: The optimal value found for dimension 0 of parameter periodicity is close to the specified lower bound 1e-05. Decreasing the bound and calling fit again may find a better value.
  ConvergenceWarning,
/home/rstric2s/psi4conda/envs/py37/lib/python3.7/site-packages/sklearn/gaussian_process/kernels.py:427: ConvergenceWarning: The optimal value found for dimension 0 of parameter periodicity is close to the specified lower bound 1e-05. Decreasing the bound and calling fit again may find a better value.
  ConvergenceWarning,
/home/rstric2s/psi4conda/envs/py37/lib/python3.7/site-packages/sklearn/gaussian_process/_gpr.py:610: ConvergenceWarning: lbfgs failed to converge (status=2):
ABNORMAL_TERMINATION_IN_LNSRCH.

Increase the number of iterations (max_iter) or scale the data as shown in:
    https://scikit-learn.org/stable/modules/preprocessing.html
  _check_optimize_result("lbfgs", opt_res)
/home/rstric2s/psi4conda/envs/py37/lib/python3.7/site-packages/sklearn/gaussian_process/kernels.py:427: ConvergenceWarning: The optimal value found for dimension 0 of parameter length_scale is close to the specified lower bound 1e-05. Decreasing the bound and calling fit again may find a better value.
  ConvergenceWarning,
/home/rstric2s/psi4conda/envs/py37/lib/python3.7/site-packages/sklearn/gaussian_process/kernels.py:427: ConvergenceWarning: The optimal value found for dimension 0 of parameter periodicity is close to the specified lower bound 1e-05. Decreasing the bound and calling fit again may find a better value.
  ConvergenceWarning,
/home/rstric2s/psi4conda/envs/py37/lib/python3.7/site-packages/sklearn/gaussian_process/kernels.py:427: ConvergenceWarning: The optimal value found for dimension 0 of parameter periodicity is close to the specified lower bound 1e-05. Decreasing the bound and calling fit again may find a better value.
  ConvergenceWarning,
/home/rstric2s/psi4conda/envs/py37/lib/python3.7/site-packages/sklearn/gaussian_process/_gpr.py:610: ConvergenceWarning: lbfgs failed to converge (status=2):
ABNORMAL_TERMINATION_IN_LNSRCH.

Increase the number of iterations (max_iter) or scale the data as shown in:
    https://scikit-learn.org/stable/modules/preprocessing.html
  _check_optimize_result("lbfgs", opt_res)
/home/rstric2s/psi4conda/envs/py37/lib/python3.7/site-packages/sklearn/gaussian_process/kernels.py:427: ConvergenceWarning: The optimal value found for dimension 0 of parameter length_scale is close to the specified lower bound 1e-05. Decreasing the bound and calling fit again may find a better value.
  ConvergenceWarning,
/home/rstric2s/psi4conda/envs/py37/lib/python3.7/site-packages/sklearn/gaussian_process/kernels.py:427: ConvergenceWarning: The optimal value found for dimension 0 of parameter length_scale is close to the specified lower bound 1e-05. Decreasing the bound and calling fit again may find a better value.
  ConvergenceWarning,
/home/rstric2s/psi4conda/envs/py37/lib/python3.7/site-packages/sklearn/gaussian_process/kernels.py:427: ConvergenceWarning: The optimal value found for dimension 0 of parameter length_scale is close to the specified lower bound 1e-05. Decreasing the bound and calling fit again may find a better value.
  ConvergenceWarning,
/home/rstric2s/psi4conda/envs/py37/lib/python3.7/site-packages/sklearn/gaussian_process/kernels.py:427: ConvergenceWarning: The optimal value found for dimension 0 of parameter length_scale is close to the specified lower bound 1e-05. Decreasing the bound and calling fit again may find a better value.
  ConvergenceWarning,
/home/rstric2s/psi4conda/envs/py37/lib/python3.7/site-packages/sklearn/gaussian_process/kernels.py:427: ConvergenceWarning: The optimal value found for dimension 0 of parameter periodicity is close to the specified lower bound 1e-05. Decreasing the bound and calling fit again may find a better value.
  ConvergenceWarning,
/home/rstric2s/psi4conda/envs/py37/lib/python3.7/site-packages/sklearn/gaussian_process/kernels.py:427: ConvergenceWarning: The optimal value found for dimension 0 of parameter length_scale is close to the specified lower bound 1e-05. Decreasing the bound and calling fit again may find a better value.
  ConvergenceWarning,
/home/rstric2s/psi4conda/envs/py37/lib/python3.7/site-packages/sklearn/gaussian_process/kernels.py:427: ConvergenceWarning: The optimal value found for dimension 0 of parameter length_scale is close to the specified lower bound 1e-05. Decreasing the bound and calling fit again may find a better value.
  ConvergenceWarning,
/home/rstric2s/psi4conda/envs/py37/lib/python3.7/site-packages/sklearn/gaussian_process/kernels.py:427: ConvergenceWarning: The optimal value found for dimension 0 of parameter length_scale is close to the specified lower bound 1e-05. Decreasing the bound and calling fit again may find a better value.
  ConvergenceWarning,
/home/rstric2s/psi4conda/envs/py37/lib/python3.7/site-packages/sklearn/gaussian_process/_gpr.py:610: ConvergenceWarning: lbfgs failed to converge (status=2):
ABNORMAL_TERMINATION_IN_LNSRCH.

Increase the number of iterations (max_iter) or scale the data as shown in:
    https://scikit-learn.org/stable/modules/preprocessing.html
  _check_optimize_result("lbfgs", opt_res)
/home/rstric2s/psi4conda/envs/py37/lib/python3.7/site-packages/sklearn/gaussian_process/kernels.py:427: ConvergenceWarning: The optimal value found for dimension 0 of parameter length_scale is close to the specified lower bound 1e-05. Decreasing the bound and calling fit again may find a better value.
  ConvergenceWarning,
/home/rstric2s/psi4conda/envs/py37/lib/python3.7/site-packages/sklearn/gaussian_process/kernels.py:427: ConvergenceWarning: The optimal value found for dimension 0 of parameter periodicity is close to the specified lower bound 1e-05. Decreasing the bound and calling fit again may find a better value.
  ConvergenceWarning,
/home/rstric2s/psi4conda/envs/py37/lib/python3.7/site-packages/sklearn/gaussian_process/kernels.py:427: ConvergenceWarning: The optimal value found for dimension 0 of parameter length_scale is close to the specified lower bound 1e-05. Decreasing the bound and calling fit again may find a better value.
  ConvergenceWarning,
/home/rstric2s/psi4conda/envs/py37/lib/python3.7/site-packages/sklearn/gaussian_process/kernels.py:427: ConvergenceWarning: The optimal value found for dimension 0 of parameter length_scale is close to the specified lower bound 1e-05. Decreasing the bound and calling fit again may find a better value.
  ConvergenceWarning,
/home/rstric2s/psi4conda/envs/py37/lib/python3.7/site-packages/sklearn/gaussian_process/kernels.py:427: ConvergenceWarning: The optimal value found for dimension 0 of parameter length_scale is close to the specified lower bound 1e-05. Decreasing the bound and calling fit again may find a better value.
  ConvergenceWarning,
/home/rstric2s/psi4conda/envs/py37/lib/python3.7/site-packages/sklearn/gaussian_process/kernels.py:427: ConvergenceWarning: The optimal value found for dimension 0 of parameter periodicity is close to the specified lower bound 1e-05. Decreasing the bound and calling fit again may find a better value.
  ConvergenceWarning,
/home/rstric2s/psi4conda/envs/py37/lib/python3.7/site-packages/sklearn/gaussian_process/kernels.py:427: ConvergenceWarning: The optimal value found for dimension 0 of parameter length_scale is close to the specified lower bound 1e-05. Decreasing the bound and calling fit again may find a better value.
  ConvergenceWarning,
/home/rstric2s/psi4conda/envs/py37/lib/python3.7/site-packages/sklearn/gaussian_process/kernels.py:427: ConvergenceWarning: The optimal value found for dimension 0 of parameter length_scale is close to the specified lower bound 1e-05. Decreasing the bound and calling fit again may find a better value.
  ConvergenceWarning,
/home/rstric2s/psi4conda/envs/py37/lib/python3.7/site-packages/sklearn/gaussian_process/kernels.py:427: ConvergenceWarning: The optimal value found for dimension 0 of parameter length_scale is close to the specified lower bound 1e-05. Decreasing the bound and calling fit again may find a better value.
  ConvergenceWarning,
/home/rstric2s/psi4conda/envs/py37/lib/python3.7/site-packages/sklearn/gaussian_process/kernels.py:427: ConvergenceWarning: The optimal value found for dimension 0 of parameter length_scale is close to the specified lower bound 1e-05. Decreasing the bound and calling fit again may find a better value.
  ConvergenceWarning,
/home/rstric2s/psi4conda/envs/py37/lib/python3.7/site-packages/sklearn/gaussian_process/_gpr.py:610: ConvergenceWarning: lbfgs failed to converge (status=2):
ABNORMAL_TERMINATION_IN_LNSRCH.

Increase the number of iterations (max_iter) or scale the data as shown in:
    https://scikit-learn.org/stable/modules/preprocessing.html
  _check_optimize_result("lbfgs", opt_res)
/home/rstric2s/psi4conda/envs/py37/lib/python3.7/site-packages/sklearn/gaussian_process/kernels.py:427: ConvergenceWarning: The optimal value found for dimension 0 of parameter length_scale is close to the specified lower bound 1e-05. Decreasing the bound and calling fit again may find a better value.
  ConvergenceWarning,
/home/rstric2s/psi4conda/envs/py37/lib/python3.7/site-packages/sklearn/gaussian_process/kernels.py:427: ConvergenceWarning: The optimal value found for dimension 0 of parameter periodicity is close to the specified lower bound 1e-05. Decreasing the bound and calling fit again may find a better value.
  ConvergenceWarning,
/home/rstric2s/psi4conda/envs/py37/lib/python3.7/site-packages/sklearn/gaussian_process/kernels.py:427: ConvergenceWarning: The optimal value found for dimension 0 of parameter periodicity is close to the specified lower bound 1e-05. Decreasing the bound and calling fit again may find a better value.
  ConvergenceWarning,
/home/rstric2s/psi4conda/envs/py37/lib/python3.7/site-packages/sklearn/gaussian_process/kernels.py:427: ConvergenceWarning: The optimal value found for dimension 0 of parameter length_scale is close to the specified lower bound 1e-05. Decreasing the bound and calling fit again may find a better value.
  ConvergenceWarning,
/home/rstric2s/psi4conda/envs/py37/lib/python3.7/site-packages/sklearn/gaussian_process/kernels.py:427: ConvergenceWarning: The optimal value found for dimension 0 of parameter periodicity is close to the specified lower bound 1e-05. Decreasing the bound and calling fit again may find a better value.
  ConvergenceWarning,
/home/rstric2s/psi4conda/envs/py37/lib/python3.7/site-packages/sklearn/gaussian_process/kernels.py:427: ConvergenceWarning: The optimal value found for dimension 0 of parameter periodicity is close to the specified lower bound 1e-05. Decreasing the bound and calling fit again may find a better value.
  ConvergenceWarning,
/home/rstric2s/psi4conda/envs/py37/lib/python3.7/site-packages/sklearn/gaussian_process/kernels.py:427: ConvergenceWarning: The optimal value found for dimension 0 of parameter length_scale is close to the specified lower bound 1e-05. Decreasing the bound and calling fit again may find a better value.
  ConvergenceWarning,
/home/rstric2s/psi4conda/envs/py37/lib/python3.7/site-packages/sklearn/gaussian_process/kernels.py:427: ConvergenceWarning: The optimal value found for dimension 0 of parameter length_scale is close to the specified lower bound 1e-05. Decreasing the bound and calling fit again may find a better value.
  ConvergenceWarning,
/home/rstric2s/psi4conda/envs/py37/lib/python3.7/site-packages/sklearn/gaussian_process/kernels.py:427: ConvergenceWarning: The optimal value found for dimension 0 of parameter length_scale is close to the specified lower bound 1e-05. Decreasing the bound and calling fit again may find a better value.
  ConvergenceWarning,
/home/rstric2s/psi4conda/envs/py37/lib/python3.7/site-packages/sklearn/gaussian_process/kernels.py:427: ConvergenceWarning: The optimal value found for dimension 0 of parameter length_scale is close to the specified lower bound 1e-05. Decreasing the bound and calling fit again may find a better value.
  ConvergenceWarning,
/home/rstric2s/psi4conda/envs/py37/lib/python3.7/site-packages/sklearn/gaussian_process/kernels.py:427: ConvergenceWarning: The optimal value found for dimension 0 of parameter length_scale is close to the specified lower bound 1e-05. Decreasing the bound and calling fit again may find a better value.
  ConvergenceWarning,
/home/rstric2s/psi4conda/envs/py37/lib/python3.7/site-packages/sklearn/gaussian_process/_gpr.py:610: ConvergenceWarning: lbfgs failed to converge (status=2):
ABNORMAL_TERMINATION_IN_LNSRCH.

Increase the number of iterations (max_iter) or scale the data as shown in:
    https://scikit-learn.org/stable/modules/preprocessing.html
  _check_optimize_result("lbfgs", opt_res)
/home/rstric2s/psi4conda/envs/py37/lib/python3.7/site-packages/sklearn/gaussian_process/kernels.py:427: ConvergenceWarning: The optimal value found for dimension 0 of parameter length_scale is close to the specified lower bound 1e-05. Decreasing the bound and calling fit again may find a better value.
  ConvergenceWarning,
/home/rstric2s/psi4conda/envs/py37/lib/python3.7/site-packages/sklearn/gaussian_process/kernels.py:427: ConvergenceWarning: The optimal value found for dimension 0 of parameter periodicity is close to the specified lower bound 1e-05. Decreasing the bound and calling fit again may find a better value.
  ConvergenceWarning,
/home/rstric2s/psi4conda/envs/py37/lib/python3.7/site-packages/sklearn/gaussian_process/kernels.py:427: ConvergenceWarning: The optimal value found for dimension 0 of parameter length_scale is close to the specified lower bound 1e-05. Decreasing the bound and calling fit again may find a better value.
  ConvergenceWarning,
/home/rstric2s/psi4conda/envs/py37/lib/python3.7/site-packages/sklearn/gaussian_process/kernels.py:427: ConvergenceWarning: The optimal value found for dimension 0 of parameter periodicity is close to the specified lower bound 1e-05. Decreasing the bound and calling fit again may find a better value.
  ConvergenceWarning,
/home/rstric2s/psi4conda/envs/py37/lib/python3.7/site-packages/sklearn/gaussian_process/kernels.py:427: ConvergenceWarning: The optimal value found for dimension 0 of parameter periodicity is close to the specified lower bound 1e-05. Decreasing the bound and calling fit again may find a better value.
  ConvergenceWarning,
/home/rstric2s/psi4conda/envs/py37/lib/python3.7/site-packages/sklearn/gaussian_process/_gpr.py:610: ConvergenceWarning: lbfgs failed to converge (status=2):
ABNORMAL_TERMINATION_IN_LNSRCH.

Increase the number of iterations (max_iter) or scale the data as shown in:
    https://scikit-learn.org/stable/modules/preprocessing.html
  _check_optimize_result("lbfgs", opt_res)
/home/rstric2s/psi4conda/envs/py37/lib/python3.7/site-packages/sklearn/gaussian_process/kernels.py:427: ConvergenceWarning: The optimal value found for dimension 0 of parameter length_scale is close to the specified lower bound 1e-05. Decreasing the bound and calling fit again may find a better value.
  ConvergenceWarning,
/home/rstric2s/psi4conda/envs/py37/lib/python3.7/site-packages/sklearn/gaussian_process/kernels.py:427: ConvergenceWarning: The optimal value found for dimension 0 of parameter periodicity is close to the specified lower bound 1e-05. Decreasing the bound and calling fit again may find a better value.
  ConvergenceWarning,
/home/rstric2s/psi4conda/envs/py37/lib/python3.7/site-packages/sklearn/gaussian_process/kernels.py:427: ConvergenceWarning: The optimal value found for dimension 0 of parameter periodicity is close to the specified lower bound 1e-05. Decreasing the bound and calling fit again may find a better value.
  ConvergenceWarning,
/home/rstric2s/psi4conda/envs/py37/lib/python3.7/site-packages/sklearn/gaussian_process/kernels.py:427: ConvergenceWarning: The optimal value found for dimension 0 of parameter length_scale is close to the specified lower bound 1e-05. Decreasing the bound and calling fit again may find a better value.
  ConvergenceWarning,
/home/rstric2s/psi4conda/envs/py37/lib/python3.7/site-packages/sklearn/gaussian_process/kernels.py:427: ConvergenceWarning: The optimal value found for dimension 0 of parameter periodicity is close to the specified lower bound 1e-05. Decreasing the bound and calling fit again may find a better value.
  ConvergenceWarning,
/home/rstric2s/psi4conda/envs/py37/lib/python3.7/site-packages/sklearn/gaussian_process/kernels.py:427: ConvergenceWarning: The optimal value found for dimension 0 of parameter periodicity is close to the specified lower bound 1e-05. Decreasing the bound and calling fit again may find a better value.
  ConvergenceWarning,
/home/rstric2s/psi4conda/envs/py37/lib/python3.7/site-packages/sklearn/gaussian_process/_gpr.py:610: ConvergenceWarning: lbfgs failed to converge (status=2):
ABNORMAL_TERMINATION_IN_LNSRCH.

Increase the number of iterations (max_iter) or scale the data as shown in:
    https://scikit-learn.org/stable/modules/preprocessing.html
  _check_optimize_result("lbfgs", opt_res)
/home/rstric2s/psi4conda/envs/py37/lib/python3.7/site-packages/sklearn/gaussian_process/_gpr.py:610: ConvergenceWarning: lbfgs failed to converge (status=2):
ABNORMAL_TERMINATION_IN_LNSRCH.

Increase the number of iterations (max_iter) or scale the data as shown in:
    https://scikit-learn.org/stable/modules/preprocessing.html
  _check_optimize_result("lbfgs", opt_res)
/home/rstric2s/psi4conda/envs/py37/lib/python3.7/site-packages/sklearn/gaussian_process/kernels.py:427: ConvergenceWarning: The optimal value found for dimension 0 of parameter length_scale is close to the specified lower bound 1e-05. Decreasing the bound and calling fit again may find a better value.
  ConvergenceWarning,
/home/rstric2s/psi4conda/envs/py37/lib/python3.7/site-packages/sklearn/gaussian_process/kernels.py:427: ConvergenceWarning: The optimal value found for dimension 0 of parameter periodicity is close to the specified lower bound 1e-05. Decreasing the bound and calling fit again may find a better value.
  ConvergenceWarning,
/home/rstric2s/psi4conda/envs/py37/lib/python3.7/site-packages/sklearn/gaussian_process/kernels.py:427: ConvergenceWarning: The optimal value found for dimension 0 of parameter length_scale is close to the specified lower bound 1e-05. Decreasing the bound and calling fit again may find a better value.
  ConvergenceWarning,
/home/rstric2s/psi4conda/envs/py37/lib/python3.7/site-packages/sklearn/gaussian_process/kernels.py:427: ConvergenceWarning: The optimal value found for dimension 0 of parameter periodicity is close to the specified lower bound 1e-05. Decreasing the bound and calling fit again may find a better value.
  ConvergenceWarning,
/home/rstric2s/psi4conda/envs/py37/lib/python3.7/site-packages/sklearn/gaussian_process/kernels.py:427: ConvergenceWarning: The optimal value found for dimension 0 of parameter length_scale is close to the specified lower bound 1e-05. Decreasing the bound and calling fit again may find a better value.
  ConvergenceWarning,
/home/rstric2s/psi4conda/envs/py37/lib/python3.7/site-packages/sklearn/gaussian_process/kernels.py:427: ConvergenceWarning: The optimal value found for dimension 0 of parameter length_scale is close to the specified lower bound 1e-05. Decreasing the bound and calling fit again may find a better value.
  ConvergenceWarning,
/home/rstric2s/psi4conda/envs/py37/lib/python3.7/site-packages/sklearn/gaussian_process/kernels.py:427: ConvergenceWarning: The optimal value found for dimension 0 of parameter length_scale is close to the specified lower bound 1e-05. Decreasing the bound and calling fit again may find a better value.
  ConvergenceWarning,
/home/rstric2s/psi4conda/envs/py37/lib/python3.7/site-packages/sklearn/gaussian_process/kernels.py:427: ConvergenceWarning: The optimal value found for dimension 0 of parameter length_scale is close to the specified lower bound 1e-05. Decreasing the bound and calling fit again may find a better value.
  ConvergenceWarning,
/home/rstric2s/psi4conda/envs/py37/lib/python3.7/site-packages/sklearn/gaussian_process/kernels.py:427: ConvergenceWarning: The optimal value found for dimension 0 of parameter length_scale is close to the specified lower bound 1e-05. Decreasing the bound and calling fit again may find a better value.
  ConvergenceWarning,
/home/rstric2s/psi4conda/envs/py37/lib/python3.7/site-packages/sklearn/gaussian_process/kernels.py:427: ConvergenceWarning: The optimal value found for dimension 0 of parameter periodicity is close to the specified lower bound 1e-05. Decreasing the bound and calling fit again may find a better value.
  ConvergenceWarning,
/home/rstric2s/psi4conda/envs/py37/lib/python3.7/site-packages/sklearn/gaussian_process/kernels.py:427: ConvergenceWarning: The optimal value found for dimension 0 of parameter length_scale is close to the specified lower bound 1e-05. Decreasing the bound and calling fit again may find a better value.
  ConvergenceWarning,
/home/rstric2s/psi4conda/envs/py37/lib/python3.7/site-packages/sklearn/gaussian_process/kernels.py:427: ConvergenceWarning: The optimal value found for dimension 0 of parameter length_scale is close to the specified lower bound 1e-05. Decreasing the bound and calling fit again may find a better value.
  ConvergenceWarning,
/home/rstric2s/psi4conda/envs/py37/lib/python3.7/site-packages/sklearn/gaussian_process/kernels.py:427: ConvergenceWarning: The optimal value found for dimension 0 of parameter periodicity is close to the specified lower bound 1e-05. Decreasing the bound and calling fit again may find a better value.
  ConvergenceWarning,
/home/rstric2s/psi4conda/envs/py37/lib/python3.7/site-packages/sklearn/gaussian_process/kernels.py:427: ConvergenceWarning: The optimal value found for dimension 0 of parameter length_scale is close to the specified lower bound 1e-05. Decreasing the bound and calling fit again may find a better value.
  ConvergenceWarning,
/home/rstric2s/psi4conda/envs/py37/lib/python3.7/site-packages/sklearn/gaussian_process/kernels.py:427: ConvergenceWarning: The optimal value found for dimension 0 of parameter periodicity is close to the specified lower bound 1e-05. Decreasing the bound and calling fit again may find a better value.
  ConvergenceWarning,
/home/rstric2s/psi4conda/envs/py37/lib/python3.7/site-packages/sklearn/gaussian_process/kernels.py:427: ConvergenceWarning: The optimal value found for dimension 0 of parameter length_scale is close to the specified lower bound 1e-05. Decreasing the bound and calling fit again may find a better value.
  ConvergenceWarning,
/home/rstric2s/psi4conda/envs/py37/lib/python3.7/site-packages/sklearn/gaussian_process/kernels.py:427: ConvergenceWarning: The optimal value found for dimension 0 of parameter length_scale is close to the specified lower bound 1e-05. Decreasing the bound and calling fit again may find a better value.
  ConvergenceWarning,
/home/rstric2s/psi4conda/envs/py37/lib/python3.7/site-packages/sklearn/gaussian_process/kernels.py:427: ConvergenceWarning: The optimal value found for dimension 0 of parameter length_scale is close to the specified lower bound 1e-05. Decreasing the bound and calling fit again may find a better value.
  ConvergenceWarning,
/home/rstric2s/psi4conda/envs/py37/lib/python3.7/site-packages/sklearn/gaussian_process/kernels.py:427: ConvergenceWarning: The optimal value found for dimension 0 of parameter length_scale is close to the specified lower bound 1e-05. Decreasing the bound and calling fit again may find a better value.
  ConvergenceWarning,
/home/rstric2s/psi4conda/envs/py37/lib/python3.7/site-packages/sklearn/gaussian_process/_gpr.py:610: ConvergenceWarning: lbfgs failed to converge (status=2):
ABNORMAL_TERMINATION_IN_LNSRCH.

Increase the number of iterations (max_iter) or scale the data as shown in:
    https://scikit-learn.org/stable/modules/preprocessing.html
  _check_optimize_result("lbfgs", opt_res)
/home/rstric2s/psi4conda/envs/py37/lib/python3.7/site-packages/sklearn/gaussian_process/kernels.py:427: ConvergenceWarning: The optimal value found for dimension 0 of parameter length_scale is close to the specified lower bound 1e-05. Decreasing the bound and calling fit again may find a better value.
  ConvergenceWarning,
/home/rstric2s/psi4conda/envs/py37/lib/python3.7/site-packages/sklearn/gaussian_process/kernels.py:427: ConvergenceWarning: The optimal value found for dimension 0 of parameter periodicity is close to the specified lower bound 1e-05. Decreasing the bound and calling fit again may find a better value.
  ConvergenceWarning,
/home/rstric2s/psi4conda/envs/py37/lib/python3.7/site-packages/sklearn/gaussian_process/kernels.py:427: ConvergenceWarning: The optimal value found for dimension 0 of parameter length_scale is close to the specified lower bound 1e-05. Decreasing the bound and calling fit again may find a better value.
  ConvergenceWarning,
/home/rstric2s/psi4conda/envs/py37/lib/python3.7/site-packages/sklearn/gaussian_process/kernels.py:427: ConvergenceWarning: The optimal value found for dimension 0 of parameter length_scale is close to the specified lower bound 1e-05. Decreasing the bound and calling fit again may find a better value.
  ConvergenceWarning,
/home/rstric2s/psi4conda/envs/py37/lib/python3.7/site-packages/sklearn/gaussian_process/kernels.py:427: ConvergenceWarning: The optimal value found for dimension 0 of parameter length_scale is close to the specified lower bound 1e-05. Decreasing the bound and calling fit again may find a better value.
  ConvergenceWarning,
/home/rstric2s/psi4conda/envs/py37/lib/python3.7/site-packages/sklearn/gaussian_process/kernels.py:427: ConvergenceWarning: The optimal value found for dimension 0 of parameter length_scale is close to the specified lower bound 1e-05. Decreasing the bound and calling fit again may find a better value.
  ConvergenceWarning,
/home/rstric2s/psi4conda/envs/py37/lib/python3.7/site-packages/sklearn/gaussian_process/kernels.py:427: ConvergenceWarning: The optimal value found for dimension 0 of parameter length_scale is close to the specified lower bound 1e-05. Decreasing the bound and calling fit again may find a better value.
  ConvergenceWarning,
/home/rstric2s/psi4conda/envs/py37/lib/python3.7/site-packages/sklearn/gaussian_process/kernels.py:427: ConvergenceWarning: The optimal value found for dimension 0 of parameter length_scale is close to the specified lower bound 1e-05. Decreasing the bound and calling fit again may find a better value.
  ConvergenceWarning,
/home/rstric2s/psi4conda/envs/py37/lib/python3.7/site-packages/sklearn/gaussian_process/kernels.py:427: ConvergenceWarning: The optimal value found for dimension 0 of parameter length_scale is close to the specified lower bound 1e-05. Decreasing the bound and calling fit again may find a better value.
  ConvergenceWarning,
/home/rstric2s/psi4conda/envs/py37/lib/python3.7/site-packages/sklearn/gaussian_process/_gpr.py:610: ConvergenceWarning: lbfgs failed to converge (status=2):
ABNORMAL_TERMINATION_IN_LNSRCH.

Increase the number of iterations (max_iter) or scale the data as shown in:
    https://scikit-learn.org/stable/modules/preprocessing.html
  _check_optimize_result("lbfgs", opt_res)
/home/rstric2s/psi4conda/envs/py37/lib/python3.7/site-packages/sklearn/gaussian_process/kernels.py:427: ConvergenceWarning: The optimal value found for dimension 0 of parameter length_scale is close to the specified lower bound 1e-05. Decreasing the bound and calling fit again may find a better value.
  ConvergenceWarning,
/home/rstric2s/psi4conda/envs/py37/lib/python3.7/site-packages/sklearn/gaussian_process/kernels.py:427: ConvergenceWarning: The optimal value found for dimension 0 of parameter periodicity is close to the specified lower bound 1e-05. Decreasing the bound and calling fit again may find a better value.
  ConvergenceWarning,
/home/rstric2s/psi4conda/envs/py37/lib/python3.7/site-packages/sklearn/gaussian_process/kernels.py:427: ConvergenceWarning: The optimal value found for dimension 0 of parameter periodicity is close to the specified lower bound 1e-05. Decreasing the bound and calling fit again may find a better value.
  ConvergenceWarning,
/home/rstric2s/psi4conda/envs/py37/lib/python3.7/site-packages/sklearn/gaussian_process/_gpr.py:610: ConvergenceWarning: lbfgs failed to converge (status=2):
ABNORMAL_TERMINATION_IN_LNSRCH.

Increase the number of iterations (max_iter) or scale the data as shown in:
    https://scikit-learn.org/stable/modules/preprocessing.html
  _check_optimize_result("lbfgs", opt_res)
/home/rstric2s/psi4conda/envs/py37/lib/python3.7/site-packages/sklearn/gaussian_process/kernels.py:427: ConvergenceWarning: The optimal value found for dimension 0 of parameter length_scale is close to the specified lower bound 1e-05. Decreasing the bound and calling fit again may find a better value.
  ConvergenceWarning,
/home/rstric2s/psi4conda/envs/py37/lib/python3.7/site-packages/sklearn/gaussian_process/kernels.py:427: ConvergenceWarning: The optimal value found for dimension 0 of parameter periodicity is close to the specified lower bound 1e-05. Decreasing the bound and calling fit again may find a better value.
  ConvergenceWarning,
/home/rstric2s/psi4conda/envs/py37/lib/python3.7/site-packages/sklearn/gaussian_process/kernels.py:427: ConvergenceWarning: The optimal value found for dimension 0 of parameter periodicity is close to the specified lower bound 1e-05. Decreasing the bound and calling fit again may find a better value.
  ConvergenceWarning,
/home/rstric2s/psi4conda/envs/py37/lib/python3.7/site-packages/sklearn/gaussian_process/kernels.py:427: ConvergenceWarning: The optimal value found for dimension 0 of parameter length_scale is close to the specified lower bound 1e-05. Decreasing the bound and calling fit again may find a better value.
  ConvergenceWarning,
/home/rstric2s/psi4conda/envs/py37/lib/python3.7/site-packages/sklearn/gaussian_process/kernels.py:427: ConvergenceWarning: The optimal value found for dimension 0 of parameter length_scale is close to the specified lower bound 1e-05. Decreasing the bound and calling fit again may find a better value.
  ConvergenceWarning,
/home/rstric2s/psi4conda/envs/py37/lib/python3.7/site-packages/sklearn/gaussian_process/kernels.py:427: ConvergenceWarning: The optimal value found for dimension 0 of parameter length_scale is close to the specified lower bound 1e-05. Decreasing the bound and calling fit again may find a better value.
  ConvergenceWarning,
/home/rstric2s/psi4conda/envs/py37/lib/python3.7/site-packages/sklearn/gaussian_process/_gpr.py:610: ConvergenceWarning: lbfgs failed to converge (status=2):
ABNORMAL_TERMINATION_IN_LNSRCH.

Increase the number of iterations (max_iter) or scale the data as shown in:
    https://scikit-learn.org/stable/modules/preprocessing.html
  _check_optimize_result("lbfgs", opt_res)
/home/rstric2s/psi4conda/envs/py37/lib/python3.7/site-packages/sklearn/gaussian_process/kernels.py:427: ConvergenceWarning: The optimal value found for dimension 0 of parameter length_scale is close to the specified lower bound 1e-05. Decreasing the bound and calling fit again may find a better value.
  ConvergenceWarning,
/home/rstric2s/psi4conda/envs/py37/lib/python3.7/site-packages/sklearn/gaussian_process/kernels.py:427: ConvergenceWarning: The optimal value found for dimension 0 of parameter periodicity is close to the specified lower bound 1e-05. Decreasing the bound and calling fit again may find a better value.
  ConvergenceWarning,
/home/rstric2s/psi4conda/envs/py37/lib/python3.7/site-packages/sklearn/gaussian_process/kernels.py:427: ConvergenceWarning: The optimal value found for dimension 0 of parameter length_scale is close to the specified lower bound 1e-05. Decreasing the bound and calling fit again may find a better value.
  ConvergenceWarning,
/home/rstric2s/psi4conda/envs/py37/lib/python3.7/site-packages/sklearn/gaussian_process/kernels.py:427: ConvergenceWarning: The optimal value found for dimension 0 of parameter periodicity is close to the specified lower bound 1e-05. Decreasing the bound and calling fit again may find a better value.
  ConvergenceWarning,
/home/rstric2s/psi4conda/envs/py37/lib/python3.7/site-packages/sklearn/gaussian_process/_gpr.py:610: ConvergenceWarning: lbfgs failed to converge (status=2):
ABNORMAL_TERMINATION_IN_LNSRCH.

Increase the number of iterations (max_iter) or scale the data as shown in:
    https://scikit-learn.org/stable/modules/preprocessing.html
  _check_optimize_result("lbfgs", opt_res)
/home/rstric2s/psi4conda/envs/py37/lib/python3.7/site-packages/sklearn/gaussian_process/kernels.py:427: ConvergenceWarning: The optimal value found for dimension 0 of parameter periodicity is close to the specified lower bound 1e-05. Decreasing the bound and calling fit again may find a better value.
  ConvergenceWarning,
/home/rstric2s/psi4conda/envs/py37/lib/python3.7/site-packages/sklearn/gaussian_process/kernels.py:427: ConvergenceWarning: The optimal value found for dimension 0 of parameter length_scale is close to the specified lower bound 1e-05. Decreasing the bound and calling fit again may find a better value.
  ConvergenceWarning,
/home/rstric2s/psi4conda/envs/py37/lib/python3.7/site-packages/sklearn/gaussian_process/kernels.py:427: ConvergenceWarning: The optimal value found for dimension 0 of parameter periodicity is close to the specified lower bound 1e-05. Decreasing the bound and calling fit again may find a better value.
  ConvergenceWarning,
/home/rstric2s/psi4conda/envs/py37/lib/python3.7/site-packages/sklearn/gaussian_process/kernels.py:427: ConvergenceWarning: The optimal value found for dimension 0 of parameter length_scale is close to the specified lower bound 1e-05. Decreasing the bound and calling fit again may find a better value.
  ConvergenceWarning,
/home/rstric2s/psi4conda/envs/py37/lib/python3.7/site-packages/sklearn/gaussian_process/_gpr.py:610: ConvergenceWarning: lbfgs failed to converge (status=2):
ABNORMAL_TERMINATION_IN_LNSRCH.

Increase the number of iterations (max_iter) or scale the data as shown in:
    https://scikit-learn.org/stable/modules/preprocessing.html
  _check_optimize_result("lbfgs", opt_res)
/home/rstric2s/psi4conda/envs/py37/lib/python3.7/site-packages/sklearn/gaussian_process/_gpr.py:610: ConvergenceWarning: lbfgs failed to converge (status=2):
ABNORMAL_TERMINATION_IN_LNSRCH.

Increase the number of iterations (max_iter) or scale the data as shown in:
    https://scikit-learn.org/stable/modules/preprocessing.html
  _check_optimize_result("lbfgs", opt_res)
/home/rstric2s/psi4conda/envs/py37/lib/python3.7/site-packages/sklearn/gaussian_process/kernels.py:427: ConvergenceWarning: The optimal value found for dimension 0 of parameter periodicity is close to the specified lower bound 1e-05. Decreasing the bound and calling fit again may find a better value.
  ConvergenceWarning,
/home/rstric2s/psi4conda/envs/py37/lib/python3.7/site-packages/sklearn/gaussian_process/_gpr.py:610: ConvergenceWarning: lbfgs failed to converge (status=2):
ABNORMAL_TERMINATION_IN_LNSRCH.

Increase the number of iterations (max_iter) or scale the data as shown in:
    https://scikit-learn.org/stable/modules/preprocessing.html
  _check_optimize_result("lbfgs", opt_res)
/home/rstric2s/psi4conda/envs/py37/lib/python3.7/site-packages/sklearn/gaussian_process/kernels.py:427: ConvergenceWarning: The optimal value found for dimension 0 of parameter length_scale is close to the specified lower bound 1e-05. Decreasing the bound and calling fit again may find a better value.
  ConvergenceWarning,
/home/rstric2s/psi4conda/envs/py37/lib/python3.7/site-packages/sklearn/gaussian_process/kernels.py:427: ConvergenceWarning: The optimal value found for dimension 0 of parameter length_scale is close to the specified lower bound 1e-05. Decreasing the bound and calling fit again may find a better value.
  ConvergenceWarning,
/home/rstric2s/psi4conda/envs/py37/lib/python3.7/site-packages/sklearn/gaussian_process/_gpr.py:610: ConvergenceWarning: lbfgs failed to converge (status=2):
ABNORMAL_TERMINATION_IN_LNSRCH.

Increase the number of iterations (max_iter) or scale the data as shown in:
    https://scikit-learn.org/stable/modules/preprocessing.html
  _check_optimize_result("lbfgs", opt_res)
/home/rstric2s/psi4conda/envs/py37/lib/python3.7/site-packages/sklearn/gaussian_process/kernels.py:427: ConvergenceWarning: The optimal value found for dimension 0 of parameter length_scale is close to the specified lower bound 1e-05. Decreasing the bound and calling fit again may find a better value.
  ConvergenceWarning,
/home/rstric2s/psi4conda/envs/py37/lib/python3.7/site-packages/sklearn/gaussian_process/kernels.py:427: ConvergenceWarning: The optimal value found for dimension 0 of parameter periodicity is close to the specified lower bound 1e-05. Decreasing the bound and calling fit again may find a better value.
  ConvergenceWarning,
/home/rstric2s/psi4conda/envs/py37/lib/python3.7/site-packages/sklearn/gaussian_process/kernels.py:427: ConvergenceWarning: The optimal value found for dimension 0 of parameter length_scale is close to the specified lower bound 1e-05. Decreasing the bound and calling fit again may find a better value.
  ConvergenceWarning,
/home/rstric2s/psi4conda/envs/py37/lib/python3.7/site-packages/sklearn/gaussian_process/kernels.py:427: ConvergenceWarning: The optimal value found for dimension 0 of parameter periodicity is close to the specified lower bound 1e-05. Decreasing the bound and calling fit again may find a better value.
  ConvergenceWarning,
/home/rstric2s/psi4conda/envs/py37/lib/python3.7/site-packages/sklearn/gaussian_process/kernels.py:427: ConvergenceWarning: The optimal value found for dimension 0 of parameter periodicity is close to the specified lower bound 1e-05. Decreasing the bound and calling fit again may find a better value.
  ConvergenceWarning,
/home/rstric2s/psi4conda/envs/py37/lib/python3.7/site-packages/sklearn/gaussian_process/kernels.py:427: ConvergenceWarning: The optimal value found for dimension 0 of parameter length_scale is close to the specified lower bound 1e-05. Decreasing the bound and calling fit again may find a better value.
  ConvergenceWarning,
/home/rstric2s/psi4conda/envs/py37/lib/python3.7/site-packages/sklearn/gaussian_process/kernels.py:427: ConvergenceWarning: The optimal value found for dimension 0 of parameter periodicity is close to the specified lower bound 1e-05. Decreasing the bound and calling fit again may find a better value.
  ConvergenceWarning,
/home/rstric2s/psi4conda/envs/py37/lib/python3.7/site-packages/sklearn/gaussian_process/_gpr.py:610: ConvergenceWarning: lbfgs failed to converge (status=2):
ABNORMAL_TERMINATION_IN_LNSRCH.

Increase the number of iterations (max_iter) or scale the data as shown in:
    https://scikit-learn.org/stable/modules/preprocessing.html
  _check_optimize_result("lbfgs", opt_res)
/home/rstric2s/psi4conda/envs/py37/lib/python3.7/site-packages/sklearn/gaussian_process/_gpr.py:610: ConvergenceWarning: lbfgs failed to converge (status=2):
ABNORMAL_TERMINATION_IN_LNSRCH.

Increase the number of iterations (max_iter) or scale the data as shown in:
    https://scikit-learn.org/stable/modules/preprocessing.html
  _check_optimize_result("lbfgs", opt_res)
/home/rstric2s/psi4conda/envs/py37/lib/python3.7/site-packages/sklearn/gaussian_process/kernels.py:427: ConvergenceWarning: The optimal value found for dimension 0 of parameter length_scale is close to the specified lower bound 1e-05. Decreasing the bound and calling fit again may find a better value.
  ConvergenceWarning,
/home/rstric2s/psi4conda/envs/py37/lib/python3.7/site-packages/sklearn/gaussian_process/kernels.py:427: ConvergenceWarning: The optimal value found for dimension 0 of parameter length_scale is close to the specified lower bound 1e-05. Decreasing the bound and calling fit again may find a better value.
  ConvergenceWarning,
/home/rstric2s/psi4conda/envs/py37/lib/python3.7/site-packages/sklearn/gaussian_process/kernels.py:427: ConvergenceWarning: The optimal value found for dimension 0 of parameter length_scale is close to the specified lower bound 1e-05. Decreasing the bound and calling fit again may find a better value.
  ConvergenceWarning,
/home/rstric2s/psi4conda/envs/py37/lib/python3.7/site-packages/sklearn/gaussian_process/kernels.py:427: ConvergenceWarning: The optimal value found for dimension 0 of parameter length_scale is close to the specified lower bound 1e-05. Decreasing the bound and calling fit again may find a better value.
  ConvergenceWarning,
/home/rstric2s/psi4conda/envs/py37/lib/python3.7/site-packages/sklearn/gaussian_process/_gpr.py:610: ConvergenceWarning: lbfgs failed to converge (status=2):
ABNORMAL_TERMINATION_IN_LNSRCH.

Increase the number of iterations (max_iter) or scale the data as shown in:
    https://scikit-learn.org/stable/modules/preprocessing.html
  _check_optimize_result("lbfgs", opt_res)
/home/rstric2s/psi4conda/envs/py37/lib/python3.7/site-packages/sklearn/gaussian_process/_gpr.py:610: ConvergenceWarning: lbfgs failed to converge (status=2):
ABNORMAL_TERMINATION_IN_LNSRCH.

Increase the number of iterations (max_iter) or scale the data as shown in:
    https://scikit-learn.org/stable/modules/preprocessing.html
  _check_optimize_result("lbfgs", opt_res)
/home/rstric2s/psi4conda/envs/py37/lib/python3.7/site-packages/sklearn/gaussian_process/_gpr.py:610: ConvergenceWarning: lbfgs failed to converge (status=2):
ABNORMAL_TERMINATION_IN_LNSRCH.

Increase the number of iterations (max_iter) or scale the data as shown in:
    https://scikit-learn.org/stable/modules/preprocessing.html
  _check_optimize_result("lbfgs", opt_res)
/home/rstric2s/psi4conda/envs/py37/lib/python3.7/site-packages/sklearn/gaussian_process/kernels.py:427: ConvergenceWarning: The optimal value found for dimension 0 of parameter length_scale is close to the specified lower bound 1e-05. Decreasing the bound and calling fit again may find a better value.
  ConvergenceWarning,
/home/rstric2s/psi4conda/envs/py37/lib/python3.7/site-packages/sklearn/gaussian_process/kernels.py:427: ConvergenceWarning: The optimal value found for dimension 0 of parameter length_scale is close to the specified lower bound 1e-05. Decreasing the bound and calling fit again may find a better value.
  ConvergenceWarning,
/home/rstric2s/psi4conda/envs/py37/lib/python3.7/site-packages/sklearn/gaussian_process/kernels.py:427: ConvergenceWarning: The optimal value found for dimension 0 of parameter length_scale is close to the specified lower bound 1e-05. Decreasing the bound and calling fit again may find a better value.
  ConvergenceWarning,
/home/rstric2s/psi4conda/envs/py37/lib/python3.7/site-packages/sklearn/gaussian_process/kernels.py:427: ConvergenceWarning: The optimal value found for dimension 0 of parameter length_scale is close to the specified lower bound 1e-05. Decreasing the bound and calling fit again may find a better value.
  ConvergenceWarning,
/home/rstric2s/psi4conda/envs/py37/lib/python3.7/site-packages/sklearn/gaussian_process/kernels.py:427: ConvergenceWarning: The optimal value found for dimension 0 of parameter length_scale is close to the specified lower bound 1e-05. Decreasing the bound and calling fit again may find a better value.
  ConvergenceWarning,
/home/rstric2s/psi4conda/envs/py37/lib/python3.7/site-packages/sklearn/gaussian_process/kernels.py:427: ConvergenceWarning: The optimal value found for dimension 0 of parameter periodicity is close to the specified lower bound 1e-05. Decreasing the bound and calling fit again may find a better value.
  ConvergenceWarning,
/home/rstric2s/psi4conda/envs/py37/lib/python3.7/site-packages/sklearn/gaussian_process/kernels.py:427: ConvergenceWarning: The optimal value found for dimension 0 of parameter periodicity is close to the specified lower bound 1e-05. Decreasing the bound and calling fit again may find a better value.
  ConvergenceWarning,
/home/rstric2s/psi4conda/envs/py37/lib/python3.7/site-packages/sklearn/gaussian_process/_gpr.py:610: ConvergenceWarning: lbfgs failed to converge (status=2):
ABNORMAL_TERMINATION_IN_LNSRCH.

Increase the number of iterations (max_iter) or scale the data as shown in:
    https://scikit-learn.org/stable/modules/preprocessing.html
  _check_optimize_result("lbfgs", opt_res)
/home/rstric2s/psi4conda/envs/py37/lib/python3.7/site-packages/sklearn/gaussian_process/kernels.py:427: ConvergenceWarning: The optimal value found for dimension 0 of parameter length_scale is close to the specified lower bound 1e-05. Decreasing the bound and calling fit again may find a better value.
  ConvergenceWarning,
/home/rstric2s/psi4conda/envs/py37/lib/python3.7/site-packages/sklearn/gaussian_process/kernels.py:427: ConvergenceWarning: The optimal value found for dimension 0 of parameter length_scale is close to the specified lower bound 1e-05. Decreasing the bound and calling fit again may find a better value.
  ConvergenceWarning,
/home/rstric2s/psi4conda/envs/py37/lib/python3.7/site-packages/sklearn/gaussian_process/kernels.py:427: ConvergenceWarning: The optimal value found for dimension 0 of parameter length_scale is close to the specified lower bound 1e-05. Decreasing the bound and calling fit again may find a better value.
  ConvergenceWarning,
/home/rstric2s/psi4conda/envs/py37/lib/python3.7/site-packages/sklearn/gaussian_process/kernels.py:427: ConvergenceWarning: The optimal value found for dimension 0 of parameter length_scale is close to the specified lower bound 1e-05. Decreasing the bound and calling fit again may find a better value.
  ConvergenceWarning,
/home/rstric2s/psi4conda/envs/py37/lib/python3.7/site-packages/sklearn/gaussian_process/kernels.py:427: ConvergenceWarning: The optimal value found for dimension 0 of parameter length_scale is close to the specified lower bound 1e-05. Decreasing the bound and calling fit again may find a better value.
  ConvergenceWarning,
/home/rstric2s/psi4conda/envs/py37/lib/python3.7/site-packages/sklearn/gaussian_process/kernels.py:427: ConvergenceWarning: The optimal value found for dimension 0 of parameter length_scale is close to the specified lower bound 1e-05. Decreasing the bound and calling fit again may find a better value.
  ConvergenceWarning,
/home/rstric2s/psi4conda/envs/py37/lib/python3.7/site-packages/sklearn/gaussian_process/_gpr.py:610: ConvergenceWarning: lbfgs failed to converge (status=2):
ABNORMAL_TERMINATION_IN_LNSRCH.

Increase the number of iterations (max_iter) or scale the data as shown in:
    https://scikit-learn.org/stable/modules/preprocessing.html
  _check_optimize_result("lbfgs", opt_res)
/home/rstric2s/psi4conda/envs/py37/lib/python3.7/site-packages/sklearn/gaussian_process/_gpr.py:610: ConvergenceWarning: lbfgs failed to converge (status=2):
ABNORMAL_TERMINATION_IN_LNSRCH.

Increase the number of iterations (max_iter) or scale the data as shown in:
    https://scikit-learn.org/stable/modules/preprocessing.html
  _check_optimize_result("lbfgs", opt_res)
/home/rstric2s/psi4conda/envs/py37/lib/python3.7/site-packages/sklearn/gaussian_process/kernels.py:427: ConvergenceWarning: The optimal value found for dimension 0 of parameter length_scale is close to the specified lower bound 1e-05. Decreasing the bound and calling fit again may find a better value.
  ConvergenceWarning,
/home/rstric2s/psi4conda/envs/py37/lib/python3.7/site-packages/sklearn/gaussian_process/kernels.py:427: ConvergenceWarning: The optimal value found for dimension 0 of parameter length_scale is close to the specified lower bound 1e-05. Decreasing the bound and calling fit again may find a better value.
  ConvergenceWarning,
/home/rstric2s/psi4conda/envs/py37/lib/python3.7/site-packages/sklearn/gaussian_process/kernels.py:427: ConvergenceWarning: The optimal value found for dimension 0 of parameter length_scale is close to the specified lower bound 1e-05. Decreasing the bound and calling fit again may find a better value.
  ConvergenceWarning,
/home/rstric2s/psi4conda/envs/py37/lib/python3.7/site-packages/sklearn/gaussian_process/kernels.py:427: ConvergenceWarning: The optimal value found for dimension 0 of parameter periodicity is close to the specified lower bound 1e-05. Decreasing the bound and calling fit again may find a better value.
  ConvergenceWarning,
/home/rstric2s/psi4conda/envs/py37/lib/python3.7/site-packages/sklearn/gaussian_process/kernels.py:427: ConvergenceWarning: The optimal value found for dimension 0 of parameter length_scale is close to the specified lower bound 1e-05. Decreasing the bound and calling fit again may find a better value.
  ConvergenceWarning,
/home/rstric2s/psi4conda/envs/py37/lib/python3.7/site-packages/sklearn/gaussian_process/kernels.py:427: ConvergenceWarning: The optimal value found for dimension 0 of parameter periodicity is close to the specified lower bound 1e-05. Decreasing the bound and calling fit again may find a better value.
  ConvergenceWarning,
/home/rstric2s/psi4conda/envs/py37/lib/python3.7/site-packages/sklearn/gaussian_process/kernels.py:427: ConvergenceWarning: The optimal value found for dimension 0 of parameter length_scale is close to the specified lower bound 1e-05. Decreasing the bound and calling fit again may find a better value.
  ConvergenceWarning,
/home/rstric2s/psi4conda/envs/py37/lib/python3.7/site-packages/sklearn/gaussian_process/kernels.py:427: ConvergenceWarning: The optimal value found for dimension 0 of parameter length_scale is close to the specified lower bound 1e-05. Decreasing the bound and calling fit again may find a better value.
  ConvergenceWarning,
/home/rstric2s/psi4conda/envs/py37/lib/python3.7/site-packages/sklearn/gaussian_process/kernels.py:427: ConvergenceWarning: The optimal value found for dimension 0 of parameter periodicity is close to the specified lower bound 1e-05. Decreasing the bound and calling fit again may find a better value.
  ConvergenceWarning,
/home/rstric2s/psi4conda/envs/py37/lib/python3.7/site-packages/sklearn/gaussian_process/kernels.py:427: ConvergenceWarning: The optimal value found for dimension 0 of parameter length_scale is close to the specified lower bound 1e-05. Decreasing the bound and calling fit again may find a better value.
  ConvergenceWarning,
/home/rstric2s/psi4conda/envs/py37/lib/python3.7/site-packages/sklearn/gaussian_process/kernels.py:427: ConvergenceWarning: The optimal value found for dimension 0 of parameter length_scale is close to the specified lower bound 1e-05. Decreasing the bound and calling fit again may find a better value.
  ConvergenceWarning,
/home/rstric2s/psi4conda/envs/py37/lib/python3.7/site-packages/sklearn/gaussian_process/kernels.py:427: ConvergenceWarning: The optimal value found for dimension 0 of parameter length_scale is close to the specified lower bound 1e-05. Decreasing the bound and calling fit again may find a better value.
  ConvergenceWarning,
/home/rstric2s/psi4conda/envs/py37/lib/python3.7/site-packages/sklearn/gaussian_process/kernels.py:427: ConvergenceWarning: The optimal value found for dimension 0 of parameter length_scale is close to the specified lower bound 1e-05. Decreasing the bound and calling fit again may find a better value.
  ConvergenceWarning,
/home/rstric2s/psi4conda/envs/py37/lib/python3.7/site-packages/sklearn/gaussian_process/_gpr.py:610: ConvergenceWarning: lbfgs failed to converge (status=2):
ABNORMAL_TERMINATION_IN_LNSRCH.

Increase the number of iterations (max_iter) or scale the data as shown in:
    https://scikit-learn.org/stable/modules/preprocessing.html
  _check_optimize_result("lbfgs", opt_res)
/home/rstric2s/psi4conda/envs/py37/lib/python3.7/site-packages/sklearn/gaussian_process/_gpr.py:610: ConvergenceWarning: lbfgs failed to converge (status=2):
ABNORMAL_TERMINATION_IN_LNSRCH.

Increase the number of iterations (max_iter) or scale the data as shown in:
    https://scikit-learn.org/stable/modules/preprocessing.html
  _check_optimize_result("lbfgs", opt_res)
/home/rstric2s/psi4conda/envs/py37/lib/python3.7/site-packages/sklearn/gaussian_process/kernels.py:427: ConvergenceWarning: The optimal value found for dimension 0 of parameter periodicity is close to the specified lower bound 1e-05. Decreasing the bound and calling fit again may find a better value.
  ConvergenceWarning,
/home/rstric2s/psi4conda/envs/py37/lib/python3.7/site-packages/sklearn/gaussian_process/kernels.py:427: ConvergenceWarning: The optimal value found for dimension 0 of parameter length_scale is close to the specified lower bound 1e-05. Decreasing the bound and calling fit again may find a better value.
  ConvergenceWarning,
/home/rstric2s/psi4conda/envs/py37/lib/python3.7/site-packages/sklearn/gaussian_process/kernels.py:427: ConvergenceWarning: The optimal value found for dimension 0 of parameter length_scale is close to the specified lower bound 1e-05. Decreasing the bound and calling fit again may find a better value.
  ConvergenceWarning,
/home/rstric2s/psi4conda/envs/py37/lib/python3.7/site-packages/sklearn/gaussian_process/kernels.py:427: ConvergenceWarning: The optimal value found for dimension 0 of parameter length_scale is close to the specified lower bound 1e-05. Decreasing the bound and calling fit again may find a better value.
  ConvergenceWarning,
/home/rstric2s/psi4conda/envs/py37/lib/python3.7/site-packages/sklearn/gaussian_process/kernels.py:427: ConvergenceWarning: The optimal value found for dimension 0 of parameter length_scale is close to the specified lower bound 1e-05. Decreasing the bound and calling fit again may find a better value.
  ConvergenceWarning,
/home/rstric2s/psi4conda/envs/py37/lib/python3.7/site-packages/sklearn/gaussian_process/kernels.py:427: ConvergenceWarning: The optimal value found for dimension 0 of parameter length_scale is close to the specified lower bound 1e-05. Decreasing the bound and calling fit again may find a better value.
  ConvergenceWarning,
/home/rstric2s/psi4conda/envs/py37/lib/python3.7/site-packages/sklearn/gaussian_process/_gpr.py:610: ConvergenceWarning: lbfgs failed to converge (status=2):
ABNORMAL_TERMINATION_IN_LNSRCH.

Increase the number of iterations (max_iter) or scale the data as shown in:
    https://scikit-learn.org/stable/modules/preprocessing.html
  _check_optimize_result("lbfgs", opt_res)
/home/rstric2s/psi4conda/envs/py37/lib/python3.7/site-packages/sklearn/gaussian_process/kernels.py:427: ConvergenceWarning: The optimal value found for dimension 0 of parameter length_scale is close to the specified lower bound 1e-05. Decreasing the bound and calling fit again may find a better value.
  ConvergenceWarning,
/home/rstric2s/psi4conda/envs/py37/lib/python3.7/site-packages/sklearn/gaussian_process/kernels.py:427: ConvergenceWarning: The optimal value found for dimension 0 of parameter length_scale is close to the specified lower bound 1e-05. Decreasing the bound and calling fit again may find a better value.
  ConvergenceWarning,
/home/rstric2s/psi4conda/envs/py37/lib/python3.7/site-packages/sklearn/gaussian_process/kernels.py:427: ConvergenceWarning: The optimal value found for dimension 0 of parameter length_scale is close to the specified lower bound 1e-05. Decreasing the bound and calling fit again may find a better value.
  ConvergenceWarning,
/home/rstric2s/psi4conda/envs/py37/lib/python3.7/site-packages/sklearn/gaussian_process/_gpr.py:610: ConvergenceWarning: lbfgs failed to converge (status=2):
ABNORMAL_TERMINATION_IN_LNSRCH.

Increase the number of iterations (max_iter) or scale the data as shown in:
    https://scikit-learn.org/stable/modules/preprocessing.html
  _check_optimize_result("lbfgs", opt_res)
/home/rstric2s/psi4conda/envs/py37/lib/python3.7/site-packages/sklearn/gaussian_process/kernels.py:427: ConvergenceWarning: The optimal value found for dimension 0 of parameter length_scale is close to the specified lower bound 1e-05. Decreasing the bound and calling fit again may find a better value.
  ConvergenceWarning,
/home/rstric2s/psi4conda/envs/py37/lib/python3.7/site-packages/sklearn/gaussian_process/kernels.py:427: ConvergenceWarning: The optimal value found for dimension 0 of parameter length_scale is close to the specified lower bound 1e-05. Decreasing the bound and calling fit again may find a better value.
  ConvergenceWarning,
/home/rstric2s/psi4conda/envs/py37/lib/python3.7/site-packages/sklearn/gaussian_process/kernels.py:427: ConvergenceWarning: The optimal value found for dimension 0 of parameter periodicity is close to the specified lower bound 1e-05. Decreasing the bound and calling fit again may find a better value.
  ConvergenceWarning,
/home/rstric2s/psi4conda/envs/py37/lib/python3.7/site-packages/sklearn/gaussian_process/kernels.py:427: ConvergenceWarning: The optimal value found for dimension 0 of parameter periodicity is close to the specified lower bound 1e-05. Decreasing the bound and calling fit again may find a better value.
  ConvergenceWarning,
/home/rstric2s/psi4conda/envs/py37/lib/python3.7/site-packages/sklearn/gaussian_process/kernels.py:427: ConvergenceWarning: The optimal value found for dimension 0 of parameter length_scale is close to the specified lower bound 1e-05. Decreasing the bound and calling fit again may find a better value.
  ConvergenceWarning,
/home/rstric2s/psi4conda/envs/py37/lib/python3.7/site-packages/sklearn/gaussian_process/kernels.py:427: ConvergenceWarning: The optimal value found for dimension 0 of parameter length_scale is close to the specified lower bound 1e-05. Decreasing the bound and calling fit again may find a better value.
  ConvergenceWarning,
/home/rstric2s/psi4conda/envs/py37/lib/python3.7/site-packages/sklearn/gaussian_process/kernels.py:427: ConvergenceWarning: The optimal value found for dimension 0 of parameter length_scale is close to the specified lower bound 1e-05. Decreasing the bound and calling fit again may find a better value.
  ConvergenceWarning,
/home/rstric2s/psi4conda/envs/py37/lib/python3.7/site-packages/sklearn/gaussian_process/kernels.py:427: ConvergenceWarning: The optimal value found for dimension 0 of parameter length_scale is close to the specified lower bound 1e-05. Decreasing the bound and calling fit again may find a better value.
  ConvergenceWarning,
/home/rstric2s/psi4conda/envs/py37/lib/python3.7/site-packages/sklearn/gaussian_process/_gpr.py:610: ConvergenceWarning: lbfgs failed to converge (status=2):
ABNORMAL_TERMINATION_IN_LNSRCH.

Increase the number of iterations (max_iter) or scale the data as shown in:
    https://scikit-learn.org/stable/modules/preprocessing.html
  _check_optimize_result("lbfgs", opt_res)
/home/rstric2s/psi4conda/envs/py37/lib/python3.7/site-packages/sklearn/gaussian_process/_gpr.py:610: ConvergenceWarning: lbfgs failed to converge (status=2):
ABNORMAL_TERMINATION_IN_LNSRCH.

Increase the number of iterations (max_iter) or scale the data as shown in:
    https://scikit-learn.org/stable/modules/preprocessing.html
  _check_optimize_result("lbfgs", opt_res)
/home/rstric2s/psi4conda/envs/py37/lib/python3.7/site-packages/sklearn/gaussian_process/kernels.py:427: ConvergenceWarning: The optimal value found for dimension 0 of parameter length_scale is close to the specified lower bound 1e-05. Decreasing the bound and calling fit again may find a better value.
  ConvergenceWarning,
/home/rstric2s/psi4conda/envs/py37/lib/python3.7/site-packages/sklearn/gaussian_process/kernels.py:427: ConvergenceWarning: The optimal value found for dimension 0 of parameter periodicity is close to the specified lower bound 1e-05. Decreasing the bound and calling fit again may find a better value.
  ConvergenceWarning,
/home/rstric2s/psi4conda/envs/py37/lib/python3.7/site-packages/sklearn/gaussian_process/kernels.py:427: ConvergenceWarning: The optimal value found for dimension 0 of parameter length_scale is close to the specified lower bound 1e-05. Decreasing the bound and calling fit again may find a better value.
  ConvergenceWarning,
/home/rstric2s/psi4conda/envs/py37/lib/python3.7/site-packages/sklearn/gaussian_process/kernels.py:427: ConvergenceWarning: The optimal value found for dimension 0 of parameter periodicity is close to the specified lower bound 1e-05. Decreasing the bound and calling fit again may find a better value.
  ConvergenceWarning,
/home/rstric2s/psi4conda/envs/py37/lib/python3.7/site-packages/sklearn/gaussian_process/kernels.py:427: ConvergenceWarning: The optimal value found for dimension 0 of parameter length_scale is close to the specified lower bound 1e-05. Decreasing the bound and calling fit again may find a better value.
  ConvergenceWarning,
/home/rstric2s/psi4conda/envs/py37/lib/python3.7/site-packages/sklearn/gaussian_process/kernels.py:427: ConvergenceWarning: The optimal value found for dimension 0 of parameter periodicity is close to the specified lower bound 1e-05. Decreasing the bound and calling fit again may find a better value.
  ConvergenceWarning,
/home/rstric2s/psi4conda/envs/py37/lib/python3.7/site-packages/sklearn/gaussian_process/_gpr.py:610: ConvergenceWarning: lbfgs failed to converge (status=2):
ABNORMAL_TERMINATION_IN_LNSRCH.

Increase the number of iterations (max_iter) or scale the data as shown in:
    https://scikit-learn.org/stable/modules/preprocessing.html
  _check_optimize_result("lbfgs", opt_res)
/home/rstric2s/psi4conda/envs/py37/lib/python3.7/site-packages/sklearn/gaussian_process/kernels.py:427: ConvergenceWarning: The optimal value found for dimension 0 of parameter length_scale is close to the specified lower bound 1e-05. Decreasing the bound and calling fit again may find a better value.
  ConvergenceWarning,
/home/rstric2s/psi4conda/envs/py37/lib/python3.7/site-packages/sklearn/gaussian_process/kernels.py:427: ConvergenceWarning: The optimal value found for dimension 0 of parameter periodicity is close to the specified lower bound 1e-05. Decreasing the bound and calling fit again may find a better value.
  ConvergenceWarning,
/home/rstric2s/psi4conda/envs/py37/lib/python3.7/site-packages/sklearn/gaussian_process/kernels.py:427: ConvergenceWarning: The optimal value found for dimension 0 of parameter length_scale is close to the specified lower bound 1e-05. Decreasing the bound and calling fit again may find a better value.
  ConvergenceWarning,
/home/rstric2s/psi4conda/envs/py37/lib/python3.7/site-packages/sklearn/gaussian_process/kernels.py:427: ConvergenceWarning: The optimal value found for dimension 0 of parameter length_scale is close to the specified lower bound 1e-05. Decreasing the bound and calling fit again may find a better value.
  ConvergenceWarning,
/home/rstric2s/psi4conda/envs/py37/lib/python3.7/site-packages/sklearn/gaussian_process/kernels.py:427: ConvergenceWarning: The optimal value found for dimension 0 of parameter length_scale is close to the specified lower bound 1e-05. Decreasing the bound and calling fit again may find a better value.
  ConvergenceWarning,
/home/rstric2s/psi4conda/envs/py37/lib/python3.7/site-packages/sklearn/gaussian_process/_gpr.py:610: ConvergenceWarning: lbfgs failed to converge (status=2):
ABNORMAL_TERMINATION_IN_LNSRCH.

Increase the number of iterations (max_iter) or scale the data as shown in:
    https://scikit-learn.org/stable/modules/preprocessing.html
  _check_optimize_result("lbfgs", opt_res)
/home/rstric2s/psi4conda/envs/py37/lib/python3.7/site-packages/sklearn/gaussian_process/kernels.py:427: ConvergenceWarning: The optimal value found for dimension 0 of parameter length_scale is close to the specified lower bound 1e-05. Decreasing the bound and calling fit again may find a better value.
  ConvergenceWarning,
/home/rstric2s/psi4conda/envs/py37/lib/python3.7/site-packages/sklearn/gaussian_process/kernels.py:427: ConvergenceWarning: The optimal value found for dimension 0 of parameter periodicity is close to the specified lower bound 1e-05. Decreasing the bound and calling fit again may find a better value.
  ConvergenceWarning,
/home/rstric2s/psi4conda/envs/py37/lib/python3.7/site-packages/sklearn/gaussian_process/kernels.py:427: ConvergenceWarning: The optimal value found for dimension 0 of parameter length_scale is close to the specified lower bound 1e-05. Decreasing the bound and calling fit again may find a better value.
  ConvergenceWarning,
/home/rstric2s/psi4conda/envs/py37/lib/python3.7/site-packages/sklearn/gaussian_process/kernels.py:427: ConvergenceWarning: The optimal value found for dimension 0 of parameter periodicity is close to the specified lower bound 1e-05. Decreasing the bound and calling fit again may find a better value.
  ConvergenceWarning,
/home/rstric2s/psi4conda/envs/py37/lib/python3.7/site-packages/sklearn/gaussian_process/_gpr.py:610: ConvergenceWarning: lbfgs failed to converge (status=2):
ABNORMAL_TERMINATION_IN_LNSRCH.

Increase the number of iterations (max_iter) or scale the data as shown in:
    https://scikit-learn.org/stable/modules/preprocessing.html
  _check_optimize_result("lbfgs", opt_res)
/home/rstric2s/psi4conda/envs/py37/lib/python3.7/site-packages/sklearn/gaussian_process/kernels.py:427: ConvergenceWarning: The optimal value found for dimension 0 of parameter length_scale is close to the specified lower bound 1e-05. Decreasing the bound and calling fit again may find a better value.
  ConvergenceWarning,
/home/rstric2s/psi4conda/envs/py37/lib/python3.7/site-packages/sklearn/gaussian_process/kernels.py:427: ConvergenceWarning: The optimal value found for dimension 0 of parameter periodicity is close to the specified lower bound 1e-05. Decreasing the bound and calling fit again may find a better value.
  ConvergenceWarning,
/home/rstric2s/psi4conda/envs/py37/lib/python3.7/site-packages/sklearn/gaussian_process/_gpr.py:610: ConvergenceWarning: lbfgs failed to converge (status=2):
ABNORMAL_TERMINATION_IN_LNSRCH.

Increase the number of iterations (max_iter) or scale the data as shown in:
    https://scikit-learn.org/stable/modules/preprocessing.html
  _check_optimize_result("lbfgs", opt_res)
/home/rstric2s/psi4conda/envs/py37/lib/python3.7/site-packages/sklearn/gaussian_process/kernels.py:427: ConvergenceWarning: The optimal value found for dimension 0 of parameter periodicity is close to the specified lower bound 1e-05. Decreasing the bound and calling fit again may find a better value.
  ConvergenceWarning,
/home/rstric2s/psi4conda/envs/py37/lib/python3.7/site-packages/sklearn/gaussian_process/_gpr.py:610: ConvergenceWarning: lbfgs failed to converge (status=2):
ABNORMAL_TERMINATION_IN_LNSRCH.

Increase the number of iterations (max_iter) or scale the data as shown in:
    https://scikit-learn.org/stable/modules/preprocessing.html
  _check_optimize_result("lbfgs", opt_res)
/home/rstric2s/psi4conda/envs/py37/lib/python3.7/site-packages/sklearn/gaussian_process/kernels.py:427: ConvergenceWarning: The optimal value found for dimension 0 of parameter length_scale is close to the specified lower bound 1e-05. Decreasing the bound and calling fit again may find a better value.
  ConvergenceWarning,
/home/rstric2s/psi4conda/envs/py37/lib/python3.7/site-packages/sklearn/gaussian_process/kernels.py:427: ConvergenceWarning: The optimal value found for dimension 0 of parameter periodicity is close to the specified lower bound 1e-05. Decreasing the bound and calling fit again may find a better value.
  ConvergenceWarning,
/home/rstric2s/psi4conda/envs/py37/lib/python3.7/site-packages/sklearn/gaussian_process/_gpr.py:610: ConvergenceWarning: lbfgs failed to converge (status=2):
ABNORMAL_TERMINATION_IN_LNSRCH.

Increase the number of iterations (max_iter) or scale the data as shown in:
    https://scikit-learn.org/stable/modules/preprocessing.html
  _check_optimize_result("lbfgs", opt_res)
/home/rstric2s/psi4conda/envs/py37/lib/python3.7/site-packages/sklearn/gaussian_process/_gpr.py:610: ConvergenceWarning: lbfgs failed to converge (status=2):
ABNORMAL_TERMINATION_IN_LNSRCH.

Increase the number of iterations (max_iter) or scale the data as shown in:
    https://scikit-learn.org/stable/modules/preprocessing.html
  _check_optimize_result("lbfgs", opt_res)
Training GPR Models with 0.85% of the dataset.

.
.
.
.
.
.
.
.
.
.
.
.
.
.
.
.
.
.
.
.
.
.
.
.
.
.
.
.
.
.
.
.
.
.
.
.
.
.
.
.
.
.
.
.
.
.
.
.
.
.


Training GPR Models with 0.15000000000000002% of the dataset.

.
.
.
.
.
.
.
.
.
.
.
.
.
.
.
.
.
.
.
.
.
.
.
.
.
.
.
.
.
.
.
.
.
.
.
.
.
.
.
.
.
.
.
.
.
.
.
.
.
.


Wrote statistics to file: 'Stats-2.csv'.
      ratio  rndint   dataset  ...        rmse      mape         r2
0      0.15   678.0  Grid1296  ...  383.204199  0.491096 -13.302239
1      0.15   678.0  Grid1296  ...   65.218101  0.059179   0.585734
2      0.15   678.0  Grid1296  ...   49.778768  0.058063   0.758659
3      0.15   678.0  Grid1296  ...  676.186041  0.992724 -43.532381
4      0.15   678.0  Grid2401  ...  493.681301  0.669636 -21.439842
...     ...     ...       ...  ...         ...       ...        ...
1595   0.85   634.0    Sobol1  ...   39.766867  0.036712   0.835320
1596   0.85   634.0    Sobol2  ...   33.424700  0.033181   0.883136
1597   0.85   634.0    Sobol2  ...   28.304398  0.028869   0.916198
1598   0.85   634.0    Sobol2  ...   38.818187  0.042457   0.842378
1599   0.85   634.0    Sobol1  ...   33.424698  0.033181   0.883136

[1600 rows x 11 columns]
