/home/rstric2s/psi4conda/envs/py37/lib/python3.7/site-packages/sklearn/gaussian_process/_gpr.py:610: ConvergenceWarning: lbfgs failed to converge (status=2):
ABNORMAL_TERMINATION_IN_LNSRCH.

Increase the number of iterations (max_iter) or scale the data as shown in:
    https://scikit-learn.org/stable/modules/preprocessing.html
  _check_optimize_result("lbfgs", opt_res)
/home/rstric2s/psi4conda/envs/py37/lib/python3.7/site-packages/sklearn/gaussian_process/kernels.py:427: ConvergenceWarning: The optimal value found for dimension 0 of parameter length_scale is close to the specified lower bound 1e-05. Decreasing the bound and calling fit again may find a better value.
  ConvergenceWarning,
/home/rstric2s/psi4conda/envs/py37/lib/python3.7/site-packages/sklearn/gaussian_process/kernels.py:427: ConvergenceWarning: The optimal value found for dimension 0 of parameter periodicity is close to the specified lower bound 1e-05. Decreasing the bound and calling fit again may find a better value.
  ConvergenceWarning,
/home/rstric2s/psi4conda/envs/py37/lib/python3.7/site-packages/sklearn/gaussian_process/kernels.py:427: ConvergenceWarning: The optimal value found for dimension 0 of parameter length_scale is close to the specified lower bound 1e-05. Decreasing the bound and calling fit again may find a better value.
  ConvergenceWarning,
/home/rstric2s/psi4conda/envs/py37/lib/python3.7/site-packages/sklearn/gaussian_process/kernels.py:427: ConvergenceWarning: The optimal value found for dimension 0 of parameter length_scale is close to the specified lower bound 1e-05. Decreasing the bound and calling fit again may find a better value.
  ConvergenceWarning,
/home/rstric2s/psi4conda/envs/py37/lib/python3.7/site-packages/sklearn/gaussian_process/kernels.py:427: ConvergenceWarning: The optimal value found for dimension 0 of parameter periodicity is close to the specified lower bound 1e-05. Decreasing the bound and calling fit again may find a better value.
  ConvergenceWarning,
/home/rstric2s/psi4conda/envs/py37/lib/python3.7/site-packages/sklearn/gaussian_process/kernels.py:427: ConvergenceWarning: The optimal value found for dimension 0 of parameter length_scale is close to the specified lower bound 1e-05. Decreasing the bound and calling fit again may find a better value.
  ConvergenceWarning,
/home/rstric2s/psi4conda/envs/py37/lib/python3.7/site-packages/sklearn/gaussian_process/kernels.py:427: ConvergenceWarning: The optimal value found for dimension 0 of parameter periodicity is close to the specified lower bound 1e-05. Decreasing the bound and calling fit again may find a better value.
  ConvergenceWarning,
/home/rstric2s/psi4conda/envs/py37/lib/python3.7/site-packages/sklearn/gaussian_process/kernels.py:427: ConvergenceWarning: The optimal value found for dimension 0 of parameter periodicity is close to the specified lower bound 1e-05. Decreasing the bound and calling fit again may find a better value.
  ConvergenceWarning,
/home/rstric2s/psi4conda/envs/py37/lib/python3.7/site-packages/sklearn/gaussian_process/kernels.py:427: ConvergenceWarning: The optimal value found for dimension 0 of parameter length_scale is close to the specified lower bound 1e-05. Decreasing the bound and calling fit again may find a better value.
  ConvergenceWarning,
/home/rstric2s/psi4conda/envs/py37/lib/python3.7/site-packages/sklearn/gaussian_process/kernels.py:427: ConvergenceWarning: The optimal value found for dimension 0 of parameter periodicity is close to the specified lower bound 1e-05. Decreasing the bound and calling fit again may find a better value.
  ConvergenceWarning,
/home/rstric2s/psi4conda/envs/py37/lib/python3.7/site-packages/sklearn/gaussian_process/kernels.py:427: ConvergenceWarning: The optimal value found for dimension 0 of parameter periodicity is close to the specified lower bound 1e-05. Decreasing the bound and calling fit again may find a better value.
  ConvergenceWarning,
/home/rstric2s/psi4conda/envs/py37/lib/python3.7/site-packages/sklearn/gaussian_process/kernels.py:427: ConvergenceWarning: The optimal value found for dimension 0 of parameter periodicity is close to the specified lower bound 1e-05. Decreasing the bound and calling fit again may find a better value.
  ConvergenceWarning,
/home/rstric2s/psi4conda/envs/py37/lib/python3.7/site-packages/sklearn/gaussian_process/kernels.py:427: ConvergenceWarning: The optimal value found for dimension 0 of parameter periodicity is close to the specified lower bound 1e-05. Decreasing the bound and calling fit again may find a better value.
  ConvergenceWarning,
/home/rstric2s/psi4conda/envs/py37/lib/python3.7/site-packages/sklearn/gaussian_process/_gpr.py:610: ConvergenceWarning: lbfgs failed to converge (status=2):
ABNORMAL_TERMINATION_IN_LNSRCH.

Increase the number of iterations (max_iter) or scale the data as shown in:
    https://scikit-learn.org/stable/modules/preprocessing.html
  _check_optimize_result("lbfgs", opt_res)
/home/rstric2s/psi4conda/envs/py37/lib/python3.7/site-packages/sklearn/gaussian_process/kernels.py:427: ConvergenceWarning: The optimal value found for dimension 0 of parameter length_scale is close to the specified lower bound 1e-05. Decreasing the bound and calling fit again may find a better value.
  ConvergenceWarning,
/home/rstric2s/psi4conda/envs/py37/lib/python3.7/site-packages/sklearn/gaussian_process/kernels.py:427: ConvergenceWarning: The optimal value found for dimension 0 of parameter length_scale is close to the specified lower bound 1e-05. Decreasing the bound and calling fit again may find a better value.
  ConvergenceWarning,
/home/rstric2s/psi4conda/envs/py37/lib/python3.7/site-packages/sklearn/gaussian_process/kernels.py:427: ConvergenceWarning: The optimal value found for dimension 0 of parameter length_scale is close to the specified lower bound 1e-05. Decreasing the bound and calling fit again may find a better value.
  ConvergenceWarning,
/home/rstric2s/psi4conda/envs/py37/lib/python3.7/site-packages/sklearn/gaussian_process/kernels.py:427: ConvergenceWarning: The optimal value found for dimension 0 of parameter length_scale is close to the specified lower bound 1e-05. Decreasing the bound and calling fit again may find a better value.
  ConvergenceWarning,
/home/rstric2s/psi4conda/envs/py37/lib/python3.7/site-packages/sklearn/gaussian_process/kernels.py:427: ConvergenceWarning: The optimal value found for dimension 0 of parameter periodicity is close to the specified lower bound 1e-05. Decreasing the bound and calling fit again may find a better value.
  ConvergenceWarning,
/home/rstric2s/psi4conda/envs/py37/lib/python3.7/site-packages/sklearn/gaussian_process/kernels.py:427: ConvergenceWarning: The optimal value found for dimension 0 of parameter length_scale is close to the specified lower bound 1e-05. Decreasing the bound and calling fit again may find a better value.
  ConvergenceWarning,
/home/rstric2s/psi4conda/envs/py37/lib/python3.7/site-packages/sklearn/gaussian_process/kernels.py:427: ConvergenceWarning: The optimal value found for dimension 0 of parameter length_scale is close to the specified lower bound 1e-05. Decreasing the bound and calling fit again may find a better value.
  ConvergenceWarning,
/home/rstric2s/psi4conda/envs/py37/lib/python3.7/site-packages/sklearn/gaussian_process/kernels.py:427: ConvergenceWarning: The optimal value found for dimension 0 of parameter length_scale is close to the specified lower bound 1e-05. Decreasing the bound and calling fit again may find a better value.
  ConvergenceWarning,
/home/rstric2s/psi4conda/envs/py37/lib/python3.7/site-packages/sklearn/gaussian_process/kernels.py:427: ConvergenceWarning: The optimal value found for dimension 0 of parameter length_scale is close to the specified lower bound 1e-05. Decreasing the bound and calling fit again may find a better value.
  ConvergenceWarning,
/home/rstric2s/psi4conda/envs/py37/lib/python3.7/site-packages/sklearn/gaussian_process/kernels.py:427: ConvergenceWarning: The optimal value found for dimension 0 of parameter length_scale is close to the specified lower bound 1e-05. Decreasing the bound and calling fit again may find a better value.
  ConvergenceWarning,
/home/rstric2s/psi4conda/envs/py37/lib/python3.7/site-packages/sklearn/gaussian_process/kernels.py:427: ConvergenceWarning: The optimal value found for dimension 0 of parameter length_scale is close to the specified lower bound 1e-05. Decreasing the bound and calling fit again may find a better value.
  ConvergenceWarning,
/home/rstric2s/psi4conda/envs/py37/lib/python3.7/site-packages/sklearn/gaussian_process/kernels.py:427: ConvergenceWarning: The optimal value found for dimension 0 of parameter periodicity is close to the specified lower bound 1e-05. Decreasing the bound and calling fit again may find a better value.
  ConvergenceWarning,
/home/rstric2s/psi4conda/envs/py37/lib/python3.7/site-packages/sklearn/gaussian_process/kernels.py:427: ConvergenceWarning: The optimal value found for dimension 0 of parameter length_scale is close to the specified lower bound 1e-05. Decreasing the bound and calling fit again may find a better value.
  ConvergenceWarning,
/home/rstric2s/psi4conda/envs/py37/lib/python3.7/site-packages/sklearn/gaussian_process/kernels.py:427: ConvergenceWarning: The optimal value found for dimension 0 of parameter periodicity is close to the specified lower bound 1e-05. Decreasing the bound and calling fit again may find a better value.
  ConvergenceWarning,
/home/rstric2s/psi4conda/envs/py37/lib/python3.7/site-packages/sklearn/gaussian_process/kernels.py:427: ConvergenceWarning: The optimal value found for dimension 0 of parameter length_scale is close to the specified lower bound 1e-05. Decreasing the bound and calling fit again may find a better value.
  ConvergenceWarning,
/home/rstric2s/psi4conda/envs/py37/lib/python3.7/site-packages/sklearn/gaussian_process/kernels.py:427: ConvergenceWarning: The optimal value found for dimension 0 of parameter length_scale is close to the specified lower bound 1e-05. Decreasing the bound and calling fit again may find a better value.
  ConvergenceWarning,
/home/rstric2s/psi4conda/envs/py37/lib/python3.7/site-packages/sklearn/gaussian_process/kernels.py:427: ConvergenceWarning: The optimal value found for dimension 0 of parameter length_scale is close to the specified lower bound 1e-05. Decreasing the bound and calling fit again may find a better value.
  ConvergenceWarning,
/home/rstric2s/psi4conda/envs/py37/lib/python3.7/site-packages/sklearn/gaussian_process/_gpr.py:610: ConvergenceWarning: lbfgs failed to converge (status=2):
ABNORMAL_TERMINATION_IN_LNSRCH.

Increase the number of iterations (max_iter) or scale the data as shown in:
    https://scikit-learn.org/stable/modules/preprocessing.html
  _check_optimize_result("lbfgs", opt_res)
/home/rstric2s/psi4conda/envs/py37/lib/python3.7/site-packages/sklearn/gaussian_process/kernels.py:427: ConvergenceWarning: The optimal value found for dimension 0 of parameter length_scale is close to the specified lower bound 1e-05. Decreasing the bound and calling fit again may find a better value.
  ConvergenceWarning,
/home/rstric2s/psi4conda/envs/py37/lib/python3.7/site-packages/sklearn/gaussian_process/kernels.py:427: ConvergenceWarning: The optimal value found for dimension 0 of parameter periodicity is close to the specified lower bound 1e-05. Decreasing the bound and calling fit again may find a better value.
  ConvergenceWarning,
/home/rstric2s/psi4conda/envs/py37/lib/python3.7/site-packages/sklearn/gaussian_process/_gpr.py:610: ConvergenceWarning: lbfgs failed to converge (status=2):
ABNORMAL_TERMINATION_IN_LNSRCH.

Increase the number of iterations (max_iter) or scale the data as shown in:
    https://scikit-learn.org/stable/modules/preprocessing.html
  _check_optimize_result("lbfgs", opt_res)
/home/rstric2s/psi4conda/envs/py37/lib/python3.7/site-packages/sklearn/gaussian_process/_gpr.py:610: ConvergenceWarning: lbfgs failed to converge (status=2):
ABNORMAL_TERMINATION_IN_LNSRCH.

Increase the number of iterations (max_iter) or scale the data as shown in:
    https://scikit-learn.org/stable/modules/preprocessing.html
  _check_optimize_result("lbfgs", opt_res)
/home/rstric2s/psi4conda/envs/py37/lib/python3.7/site-packages/sklearn/gaussian_process/_gpr.py:610: ConvergenceWarning: lbfgs failed to converge (status=2):
ABNORMAL_TERMINATION_IN_LNSRCH.

Increase the number of iterations (max_iter) or scale the data as shown in:
    https://scikit-learn.org/stable/modules/preprocessing.html
  _check_optimize_result("lbfgs", opt_res)
/home/rstric2s/psi4conda/envs/py37/lib/python3.7/site-packages/sklearn/gaussian_process/kernels.py:427: ConvergenceWarning: The optimal value found for dimension 0 of parameter length_scale is close to the specified lower bound 1e-05. Decreasing the bound and calling fit again may find a better value.
  ConvergenceWarning,
/home/rstric2s/psi4conda/envs/py37/lib/python3.7/site-packages/sklearn/gaussian_process/kernels.py:427: ConvergenceWarning: The optimal value found for dimension 0 of parameter length_scale is close to the specified lower bound 1e-05. Decreasing the bound and calling fit again may find a better value.
  ConvergenceWarning,
/home/rstric2s/psi4conda/envs/py37/lib/python3.7/site-packages/sklearn/gaussian_process/kernels.py:427: ConvergenceWarning: The optimal value found for dimension 0 of parameter length_scale is close to the specified lower bound 1e-05. Decreasing the bound and calling fit again may find a better value.
  ConvergenceWarning,
/home/rstric2s/psi4conda/envs/py37/lib/python3.7/site-packages/sklearn/gaussian_process/kernels.py:427: ConvergenceWarning: The optimal value found for dimension 0 of parameter length_scale is close to the specified lower bound 1e-05. Decreasing the bound and calling fit again may find a better value.
  ConvergenceWarning,
/home/rstric2s/psi4conda/envs/py37/lib/python3.7/site-packages/sklearn/gaussian_process/kernels.py:427: ConvergenceWarning: The optimal value found for dimension 0 of parameter length_scale is close to the specified lower bound 1e-05. Decreasing the bound and calling fit again may find a better value.
  ConvergenceWarning,
/home/rstric2s/psi4conda/envs/py37/lib/python3.7/site-packages/sklearn/gaussian_process/kernels.py:427: ConvergenceWarning: The optimal value found for dimension 0 of parameter length_scale is close to the specified lower bound 1e-05. Decreasing the bound and calling fit again may find a better value.
  ConvergenceWarning,
/home/rstric2s/psi4conda/envs/py37/lib/python3.7/site-packages/sklearn/gaussian_process/kernels.py:427: ConvergenceWarning: The optimal value found for dimension 0 of parameter periodicity is close to the specified lower bound 1e-05. Decreasing the bound and calling fit again may find a better value.
  ConvergenceWarning,
/home/rstric2s/psi4conda/envs/py37/lib/python3.7/site-packages/sklearn/gaussian_process/_gpr.py:610: ConvergenceWarning: lbfgs failed to converge (status=2):
ABNORMAL_TERMINATION_IN_LNSRCH.

Increase the number of iterations (max_iter) or scale the data as shown in:
    https://scikit-learn.org/stable/modules/preprocessing.html
  _check_optimize_result("lbfgs", opt_res)
/home/rstric2s/psi4conda/envs/py37/lib/python3.7/site-packages/sklearn/gaussian_process/_gpr.py:610: ConvergenceWarning: lbfgs failed to converge (status=2):
ABNORMAL_TERMINATION_IN_LNSRCH.

Increase the number of iterations (max_iter) or scale the data as shown in:
    https://scikit-learn.org/stable/modules/preprocessing.html
  _check_optimize_result("lbfgs", opt_res)
/home/rstric2s/psi4conda/envs/py37/lib/python3.7/site-packages/sklearn/gaussian_process/kernels.py:427: ConvergenceWarning: The optimal value found for dimension 0 of parameter length_scale is close to the specified lower bound 1e-05. Decreasing the bound and calling fit again may find a better value.
  ConvergenceWarning,
/home/rstric2s/psi4conda/envs/py37/lib/python3.7/site-packages/sklearn/gaussian_process/kernels.py:427: ConvergenceWarning: The optimal value found for dimension 0 of parameter periodicity is close to the specified lower bound 1e-05. Decreasing the bound and calling fit again may find a better value.
  ConvergenceWarning,
/home/rstric2s/psi4conda/envs/py37/lib/python3.7/site-packages/sklearn/gaussian_process/kernels.py:427: ConvergenceWarning: The optimal value found for dimension 0 of parameter periodicity is close to the specified lower bound 1e-05. Decreasing the bound and calling fit again may find a better value.
  ConvergenceWarning,
/home/rstric2s/psi4conda/envs/py37/lib/python3.7/site-packages/sklearn/gaussian_process/kernels.py:427: ConvergenceWarning: The optimal value found for dimension 0 of parameter length_scale is close to the specified lower bound 1e-05. Decreasing the bound and calling fit again may find a better value.
  ConvergenceWarning,
/home/rstric2s/psi4conda/envs/py37/lib/python3.7/site-packages/sklearn/gaussian_process/kernels.py:427: ConvergenceWarning: The optimal value found for dimension 0 of parameter periodicity is close to the specified lower bound 1e-05. Decreasing the bound and calling fit again may find a better value.
  ConvergenceWarning,
/home/rstric2s/psi4conda/envs/py37/lib/python3.7/site-packages/sklearn/gaussian_process/kernels.py:427: ConvergenceWarning: The optimal value found for dimension 0 of parameter length_scale is close to the specified lower bound 1e-05. Decreasing the bound and calling fit again may find a better value.
  ConvergenceWarning,
/home/rstric2s/psi4conda/envs/py37/lib/python3.7/site-packages/sklearn/gaussian_process/kernels.py:427: ConvergenceWarning: The optimal value found for dimension 0 of parameter periodicity is close to the specified lower bound 1e-05. Decreasing the bound and calling fit again may find a better value.
  ConvergenceWarning,
/home/rstric2s/psi4conda/envs/py37/lib/python3.7/site-packages/sklearn/gaussian_process/_gpr.py:610: ConvergenceWarning: lbfgs failed to converge (status=2):
ABNORMAL_TERMINATION_IN_LNSRCH.

Increase the number of iterations (max_iter) or scale the data as shown in:
    https://scikit-learn.org/stable/modules/preprocessing.html
  _check_optimize_result("lbfgs", opt_res)
/home/rstric2s/psi4conda/envs/py37/lib/python3.7/site-packages/sklearn/gaussian_process/_gpr.py:610: ConvergenceWarning: lbfgs failed to converge (status=2):
ABNORMAL_TERMINATION_IN_LNSRCH.

Increase the number of iterations (max_iter) or scale the data as shown in:
    https://scikit-learn.org/stable/modules/preprocessing.html
  _check_optimize_result("lbfgs", opt_res)
/home/rstric2s/psi4conda/envs/py37/lib/python3.7/site-packages/sklearn/gaussian_process/_gpr.py:610: ConvergenceWarning: lbfgs failed to converge (status=2):
ABNORMAL_TERMINATION_IN_LNSRCH.

Increase the number of iterations (max_iter) or scale the data as shown in:
    https://scikit-learn.org/stable/modules/preprocessing.html
  _check_optimize_result("lbfgs", opt_res)
/home/rstric2s/psi4conda/envs/py37/lib/python3.7/site-packages/sklearn/gaussian_process/kernels.py:427: ConvergenceWarning: The optimal value found for dimension 0 of parameter length_scale is close to the specified lower bound 1e-05. Decreasing the bound and calling fit again may find a better value.
  ConvergenceWarning,
/home/rstric2s/psi4conda/envs/py37/lib/python3.7/site-packages/sklearn/gaussian_process/kernels.py:427: ConvergenceWarning: The optimal value found for dimension 0 of parameter periodicity is close to the specified lower bound 1e-05. Decreasing the bound and calling fit again may find a better value.
  ConvergenceWarning,
/home/rstric2s/psi4conda/envs/py37/lib/python3.7/site-packages/sklearn/gaussian_process/kernels.py:427: ConvergenceWarning: The optimal value found for dimension 0 of parameter periodicity is close to the specified lower bound 1e-05. Decreasing the bound and calling fit again may find a better value.
  ConvergenceWarning,
/home/rstric2s/psi4conda/envs/py37/lib/python3.7/site-packages/sklearn/gaussian_process/_gpr.py:610: ConvergenceWarning: lbfgs failed to converge (status=2):
ABNORMAL_TERMINATION_IN_LNSRCH.

Increase the number of iterations (max_iter) or scale the data as shown in:
    https://scikit-learn.org/stable/modules/preprocessing.html
  _check_optimize_result("lbfgs", opt_res)
/home/rstric2s/psi4conda/envs/py37/lib/python3.7/site-packages/sklearn/gaussian_process/kernels.py:427: ConvergenceWarning: The optimal value found for dimension 0 of parameter length_scale is close to the specified lower bound 1e-05. Decreasing the bound and calling fit again may find a better value.
  ConvergenceWarning,
/home/rstric2s/psi4conda/envs/py37/lib/python3.7/site-packages/sklearn/gaussian_process/kernels.py:427: ConvergenceWarning: The optimal value found for dimension 0 of parameter periodicity is close to the specified lower bound 1e-05. Decreasing the bound and calling fit again may find a better value.
  ConvergenceWarning,
/home/rstric2s/psi4conda/envs/py37/lib/python3.7/site-packages/sklearn/gaussian_process/kernels.py:427: ConvergenceWarning: The optimal value found for dimension 0 of parameter length_scale is close to the specified lower bound 1e-05. Decreasing the bound and calling fit again may find a better value.
  ConvergenceWarning,
/home/rstric2s/psi4conda/envs/py37/lib/python3.7/site-packages/sklearn/gaussian_process/kernels.py:427: ConvergenceWarning: The optimal value found for dimension 0 of parameter length_scale is close to the specified lower bound 1e-05. Decreasing the bound and calling fit again may find a better value.
  ConvergenceWarning,
/home/rstric2s/psi4conda/envs/py37/lib/python3.7/site-packages/sklearn/gaussian_process/kernels.py:427: ConvergenceWarning: The optimal value found for dimension 0 of parameter length_scale is close to the specified lower bound 1e-05. Decreasing the bound and calling fit again may find a better value.
  ConvergenceWarning,
/home/rstric2s/psi4conda/envs/py37/lib/python3.7/site-packages/sklearn/gaussian_process/kernels.py:427: ConvergenceWarning: The optimal value found for dimension 0 of parameter length_scale is close to the specified lower bound 1e-05. Decreasing the bound and calling fit again may find a better value.
  ConvergenceWarning,
/home/rstric2s/psi4conda/envs/py37/lib/python3.7/site-packages/sklearn/gaussian_process/kernels.py:427: ConvergenceWarning: The optimal value found for dimension 0 of parameter periodicity is close to the specified lower bound 1e-05. Decreasing the bound and calling fit again may find a better value.
  ConvergenceWarning,
/home/rstric2s/psi4conda/envs/py37/lib/python3.7/site-packages/sklearn/gaussian_process/kernels.py:427: ConvergenceWarning: The optimal value found for dimension 0 of parameter length_scale is close to the specified lower bound 1e-05. Decreasing the bound and calling fit again may find a better value.
  ConvergenceWarning,
/home/rstric2s/psi4conda/envs/py37/lib/python3.7/site-packages/sklearn/gaussian_process/kernels.py:427: ConvergenceWarning: The optimal value found for dimension 0 of parameter length_scale is close to the specified lower bound 1e-05. Decreasing the bound and calling fit again may find a better value.
  ConvergenceWarning,
/home/rstric2s/psi4conda/envs/py37/lib/python3.7/site-packages/sklearn/gaussian_process/kernels.py:427: ConvergenceWarning: The optimal value found for dimension 0 of parameter periodicity is close to the specified lower bound 1e-05. Decreasing the bound and calling fit again may find a better value.
  ConvergenceWarning,
/home/rstric2s/psi4conda/envs/py37/lib/python3.7/site-packages/sklearn/gaussian_process/kernels.py:427: ConvergenceWarning: The optimal value found for dimension 0 of parameter length_scale is close to the specified lower bound 1e-05. Decreasing the bound and calling fit again may find a better value.
  ConvergenceWarning,
/home/rstric2s/psi4conda/envs/py37/lib/python3.7/site-packages/sklearn/gaussian_process/kernels.py:427: ConvergenceWarning: The optimal value found for dimension 0 of parameter periodicity is close to the specified lower bound 1e-05. Decreasing the bound and calling fit again may find a better value.
  ConvergenceWarning,
/home/rstric2s/psi4conda/envs/py37/lib/python3.7/site-packages/sklearn/gaussian_process/kernels.py:427: ConvergenceWarning: The optimal value found for dimension 0 of parameter length_scale is close to the specified lower bound 1e-05. Decreasing the bound and calling fit again may find a better value.
  ConvergenceWarning,
/home/rstric2s/psi4conda/envs/py37/lib/python3.7/site-packages/sklearn/gaussian_process/kernels.py:427: ConvergenceWarning: The optimal value found for dimension 0 of parameter length_scale is close to the specified lower bound 1e-05. Decreasing the bound and calling fit again may find a better value.
  ConvergenceWarning,
/home/rstric2s/psi4conda/envs/py37/lib/python3.7/site-packages/sklearn/gaussian_process/kernels.py:427: ConvergenceWarning: The optimal value found for dimension 0 of parameter length_scale is close to the specified lower bound 1e-05. Decreasing the bound and calling fit again may find a better value.
  ConvergenceWarning,
/home/rstric2s/psi4conda/envs/py37/lib/python3.7/site-packages/sklearn/gaussian_process/kernels.py:427: ConvergenceWarning: The optimal value found for dimension 0 of parameter length_scale is close to the specified lower bound 1e-05. Decreasing the bound and calling fit again may find a better value.
  ConvergenceWarning,
/home/rstric2s/psi4conda/envs/py37/lib/python3.7/site-packages/sklearn/gaussian_process/kernels.py:427: ConvergenceWarning: The optimal value found for dimension 0 of parameter periodicity is close to the specified lower bound 1e-05. Decreasing the bound and calling fit again may find a better value.
  ConvergenceWarning,
/home/rstric2s/psi4conda/envs/py37/lib/python3.7/site-packages/sklearn/gaussian_process/kernels.py:427: ConvergenceWarning: The optimal value found for dimension 0 of parameter length_scale is close to the specified lower bound 1e-05. Decreasing the bound and calling fit again may find a better value.
  ConvergenceWarning,
/home/rstric2s/psi4conda/envs/py37/lib/python3.7/site-packages/sklearn/gaussian_process/kernels.py:427: ConvergenceWarning: The optimal value found for dimension 0 of parameter periodicity is close to the specified lower bound 1e-05. Decreasing the bound and calling fit again may find a better value.
  ConvergenceWarning,
/home/rstric2s/psi4conda/envs/py37/lib/python3.7/site-packages/sklearn/gaussian_process/kernels.py:427: ConvergenceWarning: The optimal value found for dimension 0 of parameter length_scale is close to the specified lower bound 1e-05. Decreasing the bound and calling fit again may find a better value.
  ConvergenceWarning,
/home/rstric2s/psi4conda/envs/py37/lib/python3.7/site-packages/sklearn/gaussian_process/kernels.py:427: ConvergenceWarning: The optimal value found for dimension 0 of parameter length_scale is close to the specified lower bound 1e-05. Decreasing the bound and calling fit again may find a better value.
  ConvergenceWarning,
/home/rstric2s/psi4conda/envs/py37/lib/python3.7/site-packages/sklearn/gaussian_process/kernels.py:427: ConvergenceWarning: The optimal value found for dimension 0 of parameter length_scale is close to the specified lower bound 1e-05. Decreasing the bound and calling fit again may find a better value.
  ConvergenceWarning,
/home/rstric2s/psi4conda/envs/py37/lib/python3.7/site-packages/sklearn/gaussian_process/kernels.py:427: ConvergenceWarning: The optimal value found for dimension 0 of parameter length_scale is close to the specified lower bound 1e-05. Decreasing the bound and calling fit again may find a better value.
  ConvergenceWarning,
/home/rstric2s/psi4conda/envs/py37/lib/python3.7/site-packages/sklearn/gaussian_process/kernels.py:427: ConvergenceWarning: The optimal value found for dimension 0 of parameter periodicity is close to the specified lower bound 1e-05. Decreasing the bound and calling fit again may find a better value.
  ConvergenceWarning,
/home/rstric2s/psi4conda/envs/py37/lib/python3.7/site-packages/sklearn/gaussian_process/kernels.py:427: ConvergenceWarning: The optimal value found for dimension 0 of parameter length_scale is close to the specified lower bound 1e-05. Decreasing the bound and calling fit again may find a better value.
  ConvergenceWarning,
/home/rstric2s/psi4conda/envs/py37/lib/python3.7/site-packages/sklearn/gaussian_process/kernels.py:427: ConvergenceWarning: The optimal value found for dimension 0 of parameter length_scale is close to the specified lower bound 1e-05. Decreasing the bound and calling fit again may find a better value.
  ConvergenceWarning,
/home/rstric2s/psi4conda/envs/py37/lib/python3.7/site-packages/sklearn/gaussian_process/kernels.py:427: ConvergenceWarning: The optimal value found for dimension 0 of parameter length_scale is close to the specified lower bound 1e-05. Decreasing the bound and calling fit again may find a better value.
  ConvergenceWarning,
/home/rstric2s/psi4conda/envs/py37/lib/python3.7/site-packages/sklearn/gaussian_process/_gpr.py:610: ConvergenceWarning: lbfgs failed to converge (status=2):
ABNORMAL_TERMINATION_IN_LNSRCH.

Increase the number of iterations (max_iter) or scale the data as shown in:
    https://scikit-learn.org/stable/modules/preprocessing.html
  _check_optimize_result("lbfgs", opt_res)
/home/rstric2s/psi4conda/envs/py37/lib/python3.7/site-packages/sklearn/gaussian_process/kernels.py:427: ConvergenceWarning: The optimal value found for dimension 0 of parameter length_scale is close to the specified lower bound 1e-05. Decreasing the bound and calling fit again may find a better value.
  ConvergenceWarning,
/home/rstric2s/psi4conda/envs/py37/lib/python3.7/site-packages/sklearn/gaussian_process/kernels.py:427: ConvergenceWarning: The optimal value found for dimension 0 of parameter periodicity is close to the specified lower bound 1e-05. Decreasing the bound and calling fit again may find a better value.
  ConvergenceWarning,
/home/rstric2s/psi4conda/envs/py37/lib/python3.7/site-packages/sklearn/gaussian_process/kernels.py:427: ConvergenceWarning: The optimal value found for dimension 0 of parameter length_scale is close to the specified lower bound 1e-05. Decreasing the bound and calling fit again may find a better value.
  ConvergenceWarning,
/home/rstric2s/psi4conda/envs/py37/lib/python3.7/site-packages/sklearn/gaussian_process/kernels.py:427: ConvergenceWarning: The optimal value found for dimension 0 of parameter periodicity is close to the specified lower bound 1e-05. Decreasing the bound and calling fit again may find a better value.
  ConvergenceWarning,
/home/rstric2s/psi4conda/envs/py37/lib/python3.7/site-packages/sklearn/gaussian_process/_gpr.py:610: ConvergenceWarning: lbfgs failed to converge (status=2):
ABNORMAL_TERMINATION_IN_LNSRCH.

Increase the number of iterations (max_iter) or scale the data as shown in:
    https://scikit-learn.org/stable/modules/preprocessing.html
  _check_optimize_result("lbfgs", opt_res)
/home/rstric2s/psi4conda/envs/py37/lib/python3.7/site-packages/sklearn/gaussian_process/kernels.py:427: ConvergenceWarning: The optimal value found for dimension 0 of parameter length_scale is close to the specified lower bound 1e-05. Decreasing the bound and calling fit again may find a better value.
  ConvergenceWarning,
/home/rstric2s/psi4conda/envs/py37/lib/python3.7/site-packages/sklearn/gaussian_process/kernels.py:427: ConvergenceWarning: The optimal value found for dimension 0 of parameter periodicity is close to the specified lower bound 1e-05. Decreasing the bound and calling fit again may find a better value.
  ConvergenceWarning,
/home/rstric2s/psi4conda/envs/py37/lib/python3.7/site-packages/sklearn/gaussian_process/kernels.py:427: ConvergenceWarning: The optimal value found for dimension 0 of parameter periodicity is close to the specified lower bound 1e-05. Decreasing the bound and calling fit again may find a better value.
  ConvergenceWarning,
/home/rstric2s/psi4conda/envs/py37/lib/python3.7/site-packages/sklearn/gaussian_process/kernels.py:427: ConvergenceWarning: The optimal value found for dimension 0 of parameter length_scale is close to the specified lower bound 1e-05. Decreasing the bound and calling fit again may find a better value.
  ConvergenceWarning,
/home/rstric2s/psi4conda/envs/py37/lib/python3.7/site-packages/sklearn/gaussian_process/kernels.py:427: ConvergenceWarning: The optimal value found for dimension 0 of parameter length_scale is close to the specified lower bound 1e-05. Decreasing the bound and calling fit again may find a better value.
  ConvergenceWarning,
/home/rstric2s/psi4conda/envs/py37/lib/python3.7/site-packages/sklearn/gaussian_process/kernels.py:427: ConvergenceWarning: The optimal value found for dimension 0 of parameter length_scale is close to the specified lower bound 1e-05. Decreasing the bound and calling fit again may find a better value.
  ConvergenceWarning,
/home/rstric2s/psi4conda/envs/py37/lib/python3.7/site-packages/sklearn/gaussian_process/kernels.py:427: ConvergenceWarning: The optimal value found for dimension 0 of parameter length_scale is close to the specified lower bound 1e-05. Decreasing the bound and calling fit again may find a better value.
  ConvergenceWarning,
/home/rstric2s/psi4conda/envs/py37/lib/python3.7/site-packages/sklearn/gaussian_process/kernels.py:427: ConvergenceWarning: The optimal value found for dimension 0 of parameter periodicity is close to the specified lower bound 1e-05. Decreasing the bound and calling fit again may find a better value.
  ConvergenceWarning,
/home/rstric2s/psi4conda/envs/py37/lib/python3.7/site-packages/sklearn/gaussian_process/kernels.py:427: ConvergenceWarning: The optimal value found for dimension 0 of parameter length_scale is close to the specified lower bound 1e-05. Decreasing the bound and calling fit again may find a better value.
  ConvergenceWarning,
/home/rstric2s/psi4conda/envs/py37/lib/python3.7/site-packages/sklearn/gaussian_process/kernels.py:427: ConvergenceWarning: The optimal value found for dimension 0 of parameter periodicity is close to the specified lower bound 1e-05. Decreasing the bound and calling fit again may find a better value.
  ConvergenceWarning,
/home/rstric2s/psi4conda/envs/py37/lib/python3.7/site-packages/sklearn/gaussian_process/_gpr.py:610: ConvergenceWarning: lbfgs failed to converge (status=2):
ABNORMAL_TERMINATION_IN_LNSRCH.

Increase the number of iterations (max_iter) or scale the data as shown in:
    https://scikit-learn.org/stable/modules/preprocessing.html
  _check_optimize_result("lbfgs", opt_res)
/home/rstric2s/psi4conda/envs/py37/lib/python3.7/site-packages/sklearn/gaussian_process/kernels.py:427: ConvergenceWarning: The optimal value found for dimension 0 of parameter length_scale is close to the specified lower bound 1e-05. Decreasing the bound and calling fit again may find a better value.
  ConvergenceWarning,
/home/rstric2s/psi4conda/envs/py37/lib/python3.7/site-packages/sklearn/gaussian_process/kernels.py:427: ConvergenceWarning: The optimal value found for dimension 0 of parameter periodicity is close to the specified lower bound 1e-05. Decreasing the bound and calling fit again may find a better value.
  ConvergenceWarning,
/home/rstric2s/psi4conda/envs/py37/lib/python3.7/site-packages/sklearn/gaussian_process/kernels.py:427: ConvergenceWarning: The optimal value found for dimension 0 of parameter periodicity is close to the specified lower bound 1e-05. Decreasing the bound and calling fit again may find a better value.
  ConvergenceWarning,
/home/rstric2s/psi4conda/envs/py37/lib/python3.7/site-packages/sklearn/gaussian_process/_gpr.py:610: ConvergenceWarning: lbfgs failed to converge (status=2):
ABNORMAL_TERMINATION_IN_LNSRCH.

Increase the number of iterations (max_iter) or scale the data as shown in:
    https://scikit-learn.org/stable/modules/preprocessing.html
  _check_optimize_result("lbfgs", opt_res)
/home/rstric2s/psi4conda/envs/py37/lib/python3.7/site-packages/sklearn/gaussian_process/kernels.py:427: ConvergenceWarning: The optimal value found for dimension 0 of parameter length_scale is close to the specified lower bound 1e-05. Decreasing the bound and calling fit again may find a better value.
  ConvergenceWarning,
/home/rstric2s/psi4conda/envs/py37/lib/python3.7/site-packages/sklearn/gaussian_process/kernels.py:427: ConvergenceWarning: The optimal value found for dimension 0 of parameter periodicity is close to the specified lower bound 1e-05. Decreasing the bound and calling fit again may find a better value.
  ConvergenceWarning,
/home/rstric2s/psi4conda/envs/py37/lib/python3.7/site-packages/sklearn/gaussian_process/kernels.py:427: ConvergenceWarning: The optimal value found for dimension 0 of parameter length_scale is close to the specified lower bound 1e-05. Decreasing the bound and calling fit again may find a better value.
  ConvergenceWarning,
/home/rstric2s/psi4conda/envs/py37/lib/python3.7/site-packages/sklearn/gaussian_process/kernels.py:427: ConvergenceWarning: The optimal value found for dimension 0 of parameter periodicity is close to the specified lower bound 1e-05. Decreasing the bound and calling fit again may find a better value.
  ConvergenceWarning,
/home/rstric2s/psi4conda/envs/py37/lib/python3.7/site-packages/sklearn/gaussian_process/kernels.py:427: ConvergenceWarning: The optimal value found for dimension 0 of parameter length_scale is close to the specified lower bound 1e-05. Decreasing the bound and calling fit again may find a better value.
  ConvergenceWarning,
/home/rstric2s/psi4conda/envs/py37/lib/python3.7/site-packages/sklearn/gaussian_process/_gpr.py:610: ConvergenceWarning: lbfgs failed to converge (status=2):
ABNORMAL_TERMINATION_IN_LNSRCH.

Increase the number of iterations (max_iter) or scale the data as shown in:
    https://scikit-learn.org/stable/modules/preprocessing.html
  _check_optimize_result("lbfgs", opt_res)
/home/rstric2s/psi4conda/envs/py37/lib/python3.7/site-packages/sklearn/gaussian_process/kernels.py:427: ConvergenceWarning: The optimal value found for dimension 0 of parameter periodicity is close to the specified lower bound 1e-05. Decreasing the bound and calling fit again may find a better value.
  ConvergenceWarning,
/home/rstric2s/psi4conda/envs/py37/lib/python3.7/site-packages/sklearn/gaussian_process/_gpr.py:610: ConvergenceWarning: lbfgs failed to converge (status=2):
ABNORMAL_TERMINATION_IN_LNSRCH.

Increase the number of iterations (max_iter) or scale the data as shown in:
    https://scikit-learn.org/stable/modules/preprocessing.html
  _check_optimize_result("lbfgs", opt_res)
/home/rstric2s/psi4conda/envs/py37/lib/python3.7/site-packages/sklearn/gaussian_process/kernels.py:427: ConvergenceWarning: The optimal value found for dimension 0 of parameter length_scale is close to the specified lower bound 1e-05. Decreasing the bound and calling fit again may find a better value.
  ConvergenceWarning,
/home/rstric2s/psi4conda/envs/py37/lib/python3.7/site-packages/sklearn/gaussian_process/kernels.py:427: ConvergenceWarning: The optimal value found for dimension 0 of parameter length_scale is close to the specified lower bound 1e-05. Decreasing the bound and calling fit again may find a better value.
  ConvergenceWarning,
/home/rstric2s/psi4conda/envs/py37/lib/python3.7/site-packages/sklearn/gaussian_process/kernels.py:427: ConvergenceWarning: The optimal value found for dimension 0 of parameter periodicity is close to the specified lower bound 1e-05. Decreasing the bound and calling fit again may find a better value.
  ConvergenceWarning,
/home/rstric2s/psi4conda/envs/py37/lib/python3.7/site-packages/sklearn/gaussian_process/_gpr.py:610: ConvergenceWarning: lbfgs failed to converge (status=2):
ABNORMAL_TERMINATION_IN_LNSRCH.

Increase the number of iterations (max_iter) or scale the data as shown in:
    https://scikit-learn.org/stable/modules/preprocessing.html
  _check_optimize_result("lbfgs", opt_res)
/home/rstric2s/psi4conda/envs/py37/lib/python3.7/site-packages/sklearn/gaussian_process/kernels.py:427: ConvergenceWarning: The optimal value found for dimension 0 of parameter length_scale is close to the specified lower bound 1e-05. Decreasing the bound and calling fit again may find a better value.
  ConvergenceWarning,
/home/rstric2s/psi4conda/envs/py37/lib/python3.7/site-packages/sklearn/gaussian_process/kernels.py:427: ConvergenceWarning: The optimal value found for dimension 0 of parameter periodicity is close to the specified lower bound 1e-05. Decreasing the bound and calling fit again may find a better value.
  ConvergenceWarning,
/home/rstric2s/psi4conda/envs/py37/lib/python3.7/site-packages/sklearn/gaussian_process/kernels.py:427: ConvergenceWarning: The optimal value found for dimension 0 of parameter periodicity is close to the specified lower bound 1e-05. Decreasing the bound and calling fit again may find a better value.
  ConvergenceWarning,
/home/rstric2s/psi4conda/envs/py37/lib/python3.7/site-packages/sklearn/gaussian_process/kernels.py:427: ConvergenceWarning: The optimal value found for dimension 0 of parameter length_scale is close to the specified lower bound 1e-05. Decreasing the bound and calling fit again may find a better value.
  ConvergenceWarning,
/home/rstric2s/psi4conda/envs/py37/lib/python3.7/site-packages/sklearn/gaussian_process/kernels.py:427: ConvergenceWarning: The optimal value found for dimension 0 of parameter length_scale is close to the specified lower bound 1e-05. Decreasing the bound and calling fit again may find a better value.
  ConvergenceWarning,
/home/rstric2s/psi4conda/envs/py37/lib/python3.7/site-packages/sklearn/gaussian_process/kernels.py:427: ConvergenceWarning: The optimal value found for dimension 0 of parameter length_scale is close to the specified lower bound 1e-05. Decreasing the bound and calling fit again may find a better value.
  ConvergenceWarning,
/home/rstric2s/psi4conda/envs/py37/lib/python3.7/site-packages/sklearn/gaussian_process/kernels.py:427: ConvergenceWarning: The optimal value found for dimension 0 of parameter length_scale is close to the specified lower bound 1e-05. Decreasing the bound and calling fit again may find a better value.
  ConvergenceWarning,
/home/rstric2s/psi4conda/envs/py37/lib/python3.7/site-packages/sklearn/gaussian_process/kernels.py:427: ConvergenceWarning: The optimal value found for dimension 0 of parameter periodicity is close to the specified lower bound 1e-05. Decreasing the bound and calling fit again may find a better value.
  ConvergenceWarning,
/home/rstric2s/psi4conda/envs/py37/lib/python3.7/site-packages/sklearn/gaussian_process/kernels.py:427: ConvergenceWarning: The optimal value found for dimension 0 of parameter length_scale is close to the specified lower bound 1e-05. Decreasing the bound and calling fit again may find a better value.
  ConvergenceWarning,
/home/rstric2s/psi4conda/envs/py37/lib/python3.7/site-packages/sklearn/gaussian_process/_gpr.py:610: ConvergenceWarning: lbfgs failed to converge (status=2):
ABNORMAL_TERMINATION_IN_LNSRCH.

Increase the number of iterations (max_iter) or scale the data as shown in:
    https://scikit-learn.org/stable/modules/preprocessing.html
  _check_optimize_result("lbfgs", opt_res)
/home/rstric2s/psi4conda/envs/py37/lib/python3.7/site-packages/sklearn/gaussian_process/kernels.py:427: ConvergenceWarning: The optimal value found for dimension 0 of parameter periodicity is close to the specified lower bound 1e-05. Decreasing the bound and calling fit again may find a better value.
  ConvergenceWarning,
/home/rstric2s/psi4conda/envs/py37/lib/python3.7/site-packages/sklearn/gaussian_process/kernels.py:427: ConvergenceWarning: The optimal value found for dimension 0 of parameter periodicity is close to the specified lower bound 1e-05. Decreasing the bound and calling fit again may find a better value.
  ConvergenceWarning,
/home/rstric2s/psi4conda/envs/py37/lib/python3.7/site-packages/sklearn/gaussian_process/kernels.py:427: ConvergenceWarning: The optimal value found for dimension 0 of parameter length_scale is close to the specified lower bound 1e-05. Decreasing the bound and calling fit again may find a better value.
  ConvergenceWarning,
/home/rstric2s/psi4conda/envs/py37/lib/python3.7/site-packages/sklearn/gaussian_process/kernels.py:427: ConvergenceWarning: The optimal value found for dimension 0 of parameter length_scale is close to the specified lower bound 1e-05. Decreasing the bound and calling fit again may find a better value.
  ConvergenceWarning,
/home/rstric2s/psi4conda/envs/py37/lib/python3.7/site-packages/sklearn/gaussian_process/kernels.py:427: ConvergenceWarning: The optimal value found for dimension 0 of parameter length_scale is close to the specified lower bound 1e-05. Decreasing the bound and calling fit again may find a better value.
  ConvergenceWarning,
/home/rstric2s/psi4conda/envs/py37/lib/python3.7/site-packages/sklearn/gaussian_process/kernels.py:427: ConvergenceWarning: The optimal value found for dimension 0 of parameter length_scale is close to the specified lower bound 1e-05. Decreasing the bound and calling fit again may find a better value.
  ConvergenceWarning,
/home/rstric2s/psi4conda/envs/py37/lib/python3.7/site-packages/sklearn/gaussian_process/kernels.py:427: ConvergenceWarning: The optimal value found for dimension 0 of parameter periodicity is close to the specified lower bound 1e-05. Decreasing the bound and calling fit again may find a better value.
  ConvergenceWarning,
/home/rstric2s/psi4conda/envs/py37/lib/python3.7/site-packages/sklearn/gaussian_process/kernels.py:427: ConvergenceWarning: The optimal value found for dimension 0 of parameter periodicity is close to the specified lower bound 1e-05. Decreasing the bound and calling fit again may find a better value.
  ConvergenceWarning,
/home/rstric2s/psi4conda/envs/py37/lib/python3.7/site-packages/sklearn/gaussian_process/kernels.py:427: ConvergenceWarning: The optimal value found for dimension 0 of parameter length_scale is close to the specified lower bound 1e-05. Decreasing the bound and calling fit again may find a better value.
  ConvergenceWarning,
/home/rstric2s/psi4conda/envs/py37/lib/python3.7/site-packages/sklearn/gaussian_process/kernels.py:427: ConvergenceWarning: The optimal value found for dimension 0 of parameter periodicity is close to the specified lower bound 1e-05. Decreasing the bound and calling fit again may find a better value.
  ConvergenceWarning,
/home/rstric2s/psi4conda/envs/py37/lib/python3.7/site-packages/sklearn/gaussian_process/kernels.py:427: ConvergenceWarning: The optimal value found for dimension 0 of parameter length_scale is close to the specified lower bound 1e-05. Decreasing the bound and calling fit again may find a better value.
  ConvergenceWarning,
/home/rstric2s/psi4conda/envs/py37/lib/python3.7/site-packages/sklearn/gaussian_process/kernels.py:427: ConvergenceWarning: The optimal value found for dimension 0 of parameter length_scale is close to the specified lower bound 1e-05. Decreasing the bound and calling fit again may find a better value.
  ConvergenceWarning,
/home/rstric2s/psi4conda/envs/py37/lib/python3.7/site-packages/sklearn/gaussian_process/kernels.py:427: ConvergenceWarning: The optimal value found for dimension 0 of parameter length_scale is close to the specified lower bound 1e-05. Decreasing the bound and calling fit again may find a better value.
  ConvergenceWarning,
/home/rstric2s/psi4conda/envs/py37/lib/python3.7/site-packages/sklearn/gaussian_process/kernels.py:427: ConvergenceWarning: The optimal value found for dimension 0 of parameter length_scale is close to the specified lower bound 1e-05. Decreasing the bound and calling fit again may find a better value.
  ConvergenceWarning,
/home/rstric2s/psi4conda/envs/py37/lib/python3.7/site-packages/sklearn/gaussian_process/kernels.py:427: ConvergenceWarning: The optimal value found for dimension 0 of parameter length_scale is close to the specified lower bound 1e-05. Decreasing the bound and calling fit again may find a better value.
  ConvergenceWarning,
/home/rstric2s/psi4conda/envs/py37/lib/python3.7/site-packages/sklearn/gaussian_process/kernels.py:427: ConvergenceWarning: The optimal value found for dimension 0 of parameter length_scale is close to the specified lower bound 1e-05. Decreasing the bound and calling fit again may find a better value.
  ConvergenceWarning,
/home/rstric2s/psi4conda/envs/py37/lib/python3.7/site-packages/sklearn/gaussian_process/_gpr.py:610: ConvergenceWarning: lbfgs failed to converge (status=2):
ABNORMAL_TERMINATION_IN_LNSRCH.

Increase the number of iterations (max_iter) or scale the data as shown in:
    https://scikit-learn.org/stable/modules/preprocessing.html
  _check_optimize_result("lbfgs", opt_res)
/home/rstric2s/psi4conda/envs/py37/lib/python3.7/site-packages/sklearn/gaussian_process/_gpr.py:610: ConvergenceWarning: lbfgs failed to converge (status=2):
ABNORMAL_TERMINATION_IN_LNSRCH.

Increase the number of iterations (max_iter) or scale the data as shown in:
    https://scikit-learn.org/stable/modules/preprocessing.html
  _check_optimize_result("lbfgs", opt_res)
/home/rstric2s/psi4conda/envs/py37/lib/python3.7/site-packages/sklearn/gaussian_process/kernels.py:427: ConvergenceWarning: The optimal value found for dimension 0 of parameter length_scale is close to the specified lower bound 1e-05. Decreasing the bound and calling fit again may find a better value.
  ConvergenceWarning,
/home/rstric2s/psi4conda/envs/py37/lib/python3.7/site-packages/sklearn/gaussian_process/kernels.py:427: ConvergenceWarning: The optimal value found for dimension 0 of parameter periodicity is close to the specified lower bound 1e-05. Decreasing the bound and calling fit again may find a better value.
  ConvergenceWarning,
/home/rstric2s/psi4conda/envs/py37/lib/python3.7/site-packages/sklearn/gaussian_process/kernels.py:427: ConvergenceWarning: The optimal value found for dimension 0 of parameter length_scale is close to the specified lower bound 1e-05. Decreasing the bound and calling fit again may find a better value.
  ConvergenceWarning,
/home/rstric2s/psi4conda/envs/py37/lib/python3.7/site-packages/sklearn/gaussian_process/kernels.py:427: ConvergenceWarning: The optimal value found for dimension 0 of parameter length_scale is close to the specified lower bound 1e-05. Decreasing the bound and calling fit again may find a better value.
  ConvergenceWarning,
/home/rstric2s/psi4conda/envs/py37/lib/python3.7/site-packages/sklearn/gaussian_process/kernels.py:427: ConvergenceWarning: The optimal value found for dimension 0 of parameter periodicity is close to the specified lower bound 1e-05. Decreasing the bound and calling fit again may find a better value.
  ConvergenceWarning,
/home/rstric2s/psi4conda/envs/py37/lib/python3.7/site-packages/sklearn/gaussian_process/kernels.py:427: ConvergenceWarning: The optimal value found for dimension 0 of parameter length_scale is close to the specified lower bound 1e-05. Decreasing the bound and calling fit again may find a better value.
  ConvergenceWarning,
/home/rstric2s/psi4conda/envs/py37/lib/python3.7/site-packages/sklearn/gaussian_process/kernels.py:427: ConvergenceWarning: The optimal value found for dimension 0 of parameter periodicity is close to the specified lower bound 1e-05. Decreasing the bound and calling fit again may find a better value.
  ConvergenceWarning,
/home/rstric2s/psi4conda/envs/py37/lib/python3.7/site-packages/sklearn/gaussian_process/kernels.py:427: ConvergenceWarning: The optimal value found for dimension 0 of parameter length_scale is close to the specified lower bound 1e-05. Decreasing the bound and calling fit again may find a better value.
  ConvergenceWarning,
/home/rstric2s/psi4conda/envs/py37/lib/python3.7/site-packages/sklearn/gaussian_process/kernels.py:427: ConvergenceWarning: The optimal value found for dimension 0 of parameter periodicity is close to the specified lower bound 1e-05. Decreasing the bound and calling fit again may find a better value.
  ConvergenceWarning,
/home/rstric2s/psi4conda/envs/py37/lib/python3.7/site-packages/sklearn/gaussian_process/kernels.py:427: ConvergenceWarning: The optimal value found for dimension 0 of parameter periodicity is close to the specified lower bound 1e-05. Decreasing the bound and calling fit again may find a better value.
  ConvergenceWarning,
/home/rstric2s/psi4conda/envs/py37/lib/python3.7/site-packages/sklearn/gaussian_process/kernels.py:427: ConvergenceWarning: The optimal value found for dimension 0 of parameter length_scale is close to the specified lower bound 1e-05. Decreasing the bound and calling fit again may find a better value.
  ConvergenceWarning,
/home/rstric2s/psi4conda/envs/py37/lib/python3.7/site-packages/sklearn/gaussian_process/kernels.py:427: ConvergenceWarning: The optimal value found for dimension 0 of parameter length_scale is close to the specified lower bound 1e-05. Decreasing the bound and calling fit again may find a better value.
  ConvergenceWarning,
/home/rstric2s/psi4conda/envs/py37/lib/python3.7/site-packages/sklearn/gaussian_process/kernels.py:427: ConvergenceWarning: The optimal value found for dimension 0 of parameter length_scale is close to the specified lower bound 1e-05. Decreasing the bound and calling fit again may find a better value.
  ConvergenceWarning,
/home/rstric2s/psi4conda/envs/py37/lib/python3.7/site-packages/sklearn/gaussian_process/kernels.py:427: ConvergenceWarning: The optimal value found for dimension 0 of parameter length_scale is close to the specified lower bound 1e-05. Decreasing the bound and calling fit again may find a better value.
  ConvergenceWarning,
/home/rstric2s/psi4conda/envs/py37/lib/python3.7/site-packages/sklearn/gaussian_process/_gpr.py:610: ConvergenceWarning: lbfgs failed to converge (status=2):
ABNORMAL_TERMINATION_IN_LNSRCH.

Increase the number of iterations (max_iter) or scale the data as shown in:
    https://scikit-learn.org/stable/modules/preprocessing.html
  _check_optimize_result("lbfgs", opt_res)
/home/rstric2s/psi4conda/envs/py37/lib/python3.7/site-packages/sklearn/gaussian_process/kernels.py:427: ConvergenceWarning: The optimal value found for dimension 0 of parameter length_scale is close to the specified lower bound 1e-05. Decreasing the bound and calling fit again may find a better value.
  ConvergenceWarning,
/home/rstric2s/psi4conda/envs/py37/lib/python3.7/site-packages/sklearn/gaussian_process/kernels.py:427: ConvergenceWarning: The optimal value found for dimension 0 of parameter periodicity is close to the specified lower bound 1e-05. Decreasing the bound and calling fit again may find a better value.
  ConvergenceWarning,
/home/rstric2s/psi4conda/envs/py37/lib/python3.7/site-packages/sklearn/gaussian_process/_gpr.py:610: ConvergenceWarning: lbfgs failed to converge (status=2):
ABNORMAL_TERMINATION_IN_LNSRCH.

Increase the number of iterations (max_iter) or scale the data as shown in:
    https://scikit-learn.org/stable/modules/preprocessing.html
  _check_optimize_result("lbfgs", opt_res)
/home/rstric2s/psi4conda/envs/py37/lib/python3.7/site-packages/sklearn/gaussian_process/kernels.py:427: ConvergenceWarning: The optimal value found for dimension 0 of parameter length_scale is close to the specified lower bound 1e-05. Decreasing the bound and calling fit again may find a better value.
  ConvergenceWarning,
/home/rstric2s/psi4conda/envs/py37/lib/python3.7/site-packages/sklearn/gaussian_process/kernels.py:427: ConvergenceWarning: The optimal value found for dimension 0 of parameter length_scale is close to the specified lower bound 1e-05. Decreasing the bound and calling fit again may find a better value.
  ConvergenceWarning,
/home/rstric2s/psi4conda/envs/py37/lib/python3.7/site-packages/sklearn/gaussian_process/kernels.py:427: ConvergenceWarning: The optimal value found for dimension 0 of parameter length_scale is close to the specified lower bound 1e-05. Decreasing the bound and calling fit again may find a better value.
  ConvergenceWarning,
/home/rstric2s/psi4conda/envs/py37/lib/python3.7/site-packages/sklearn/gaussian_process/kernels.py:427: ConvergenceWarning: The optimal value found for dimension 0 of parameter length_scale is close to the specified lower bound 1e-05. Decreasing the bound and calling fit again may find a better value.
  ConvergenceWarning,
/home/rstric2s/psi4conda/envs/py37/lib/python3.7/site-packages/sklearn/gaussian_process/_gpr.py:610: ConvergenceWarning: lbfgs failed to converge (status=2):
ABNORMAL_TERMINATION_IN_LNSRCH.

Increase the number of iterations (max_iter) or scale the data as shown in:
    https://scikit-learn.org/stable/modules/preprocessing.html
  _check_optimize_result("lbfgs", opt_res)
/home/rstric2s/psi4conda/envs/py37/lib/python3.7/site-packages/sklearn/gaussian_process/_gpr.py:610: ConvergenceWarning: lbfgs failed to converge (status=2):
ABNORMAL_TERMINATION_IN_LNSRCH.

Increase the number of iterations (max_iter) or scale the data as shown in:
    https://scikit-learn.org/stable/modules/preprocessing.html
  _check_optimize_result("lbfgs", opt_res)
/home/rstric2s/psi4conda/envs/py37/lib/python3.7/site-packages/sklearn/gaussian_process/_gpr.py:610: ConvergenceWarning: lbfgs failed to converge (status=2):
ABNORMAL_TERMINATION_IN_LNSRCH.

Increase the number of iterations (max_iter) or scale the data as shown in:
    https://scikit-learn.org/stable/modules/preprocessing.html
  _check_optimize_result("lbfgs", opt_res)
/home/rstric2s/psi4conda/envs/py37/lib/python3.7/site-packages/sklearn/gaussian_process/kernels.py:427: ConvergenceWarning: The optimal value found for dimension 0 of parameter length_scale is close to the specified lower bound 1e-05. Decreasing the bound and calling fit again may find a better value.
  ConvergenceWarning,
/home/rstric2s/psi4conda/envs/py37/lib/python3.7/site-packages/sklearn/gaussian_process/kernels.py:427: ConvergenceWarning: The optimal value found for dimension 0 of parameter length_scale is close to the specified lower bound 1e-05. Decreasing the bound and calling fit again may find a better value.
  ConvergenceWarning,
/home/rstric2s/psi4conda/envs/py37/lib/python3.7/site-packages/sklearn/gaussian_process/kernels.py:427: ConvergenceWarning: The optimal value found for dimension 0 of parameter length_scale is close to the specified lower bound 1e-05. Decreasing the bound and calling fit again may find a better value.
  ConvergenceWarning,
/home/rstric2s/psi4conda/envs/py37/lib/python3.7/site-packages/sklearn/gaussian_process/_gpr.py:610: ConvergenceWarning: lbfgs failed to converge (status=2):
ABNORMAL_TERMINATION_IN_LNSRCH.

Increase the number of iterations (max_iter) or scale the data as shown in:
    https://scikit-learn.org/stable/modules/preprocessing.html
  _check_optimize_result("lbfgs", opt_res)
/home/rstric2s/psi4conda/envs/py37/lib/python3.7/site-packages/sklearn/gaussian_process/kernels.py:427: ConvergenceWarning: The optimal value found for dimension 0 of parameter length_scale is close to the specified lower bound 1e-05. Decreasing the bound and calling fit again may find a better value.
  ConvergenceWarning,
/home/rstric2s/psi4conda/envs/py37/lib/python3.7/site-packages/sklearn/gaussian_process/kernels.py:427: ConvergenceWarning: The optimal value found for dimension 0 of parameter periodicity is close to the specified lower bound 1e-05. Decreasing the bound and calling fit again may find a better value.
  ConvergenceWarning,
/home/rstric2s/psi4conda/envs/py37/lib/python3.7/site-packages/sklearn/gaussian_process/_gpr.py:610: ConvergenceWarning: lbfgs failed to converge (status=2):
ABNORMAL_TERMINATION_IN_LNSRCH.

Increase the number of iterations (max_iter) or scale the data as shown in:
    https://scikit-learn.org/stable/modules/preprocessing.html
  _check_optimize_result("lbfgs", opt_res)
/home/rstric2s/psi4conda/envs/py37/lib/python3.7/site-packages/sklearn/gaussian_process/kernels.py:427: ConvergenceWarning: The optimal value found for dimension 0 of parameter length_scale is close to the specified lower bound 1e-05. Decreasing the bound and calling fit again may find a better value.
  ConvergenceWarning,
/home/rstric2s/psi4conda/envs/py37/lib/python3.7/site-packages/sklearn/gaussian_process/kernels.py:427: ConvergenceWarning: The optimal value found for dimension 0 of parameter length_scale is close to the specified lower bound 1e-05. Decreasing the bound and calling fit again may find a better value.
  ConvergenceWarning,
/home/rstric2s/psi4conda/envs/py37/lib/python3.7/site-packages/sklearn/gaussian_process/_gpr.py:610: ConvergenceWarning: lbfgs failed to converge (status=2):
ABNORMAL_TERMINATION_IN_LNSRCH.

Increase the number of iterations (max_iter) or scale the data as shown in:
    https://scikit-learn.org/stable/modules/preprocessing.html
  _check_optimize_result("lbfgs", opt_res)
/home/rstric2s/psi4conda/envs/py37/lib/python3.7/site-packages/sklearn/gaussian_process/kernels.py:427: ConvergenceWarning: The optimal value found for dimension 0 of parameter length_scale is close to the specified lower bound 1e-05. Decreasing the bound and calling fit again may find a better value.
  ConvergenceWarning,
/home/rstric2s/psi4conda/envs/py37/lib/python3.7/site-packages/sklearn/gaussian_process/_gpr.py:610: ConvergenceWarning: lbfgs failed to converge (status=2):
ABNORMAL_TERMINATION_IN_LNSRCH.

Increase the number of iterations (max_iter) or scale the data as shown in:
    https://scikit-learn.org/stable/modules/preprocessing.html
  _check_optimize_result("lbfgs", opt_res)
/home/rstric2s/psi4conda/envs/py37/lib/python3.7/site-packages/sklearn/gaussian_process/kernels.py:427: ConvergenceWarning: The optimal value found for dimension 0 of parameter length_scale is close to the specified lower bound 1e-05. Decreasing the bound and calling fit again may find a better value.
  ConvergenceWarning,
/home/rstric2s/psi4conda/envs/py37/lib/python3.7/site-packages/sklearn/gaussian_process/_gpr.py:610: ConvergenceWarning: lbfgs failed to converge (status=2):
ABNORMAL_TERMINATION_IN_LNSRCH.

Increase the number of iterations (max_iter) or scale the data as shown in:
    https://scikit-learn.org/stable/modules/preprocessing.html
  _check_optimize_result("lbfgs", opt_res)
/home/rstric2s/psi4conda/envs/py37/lib/python3.7/site-packages/sklearn/gaussian_process/_gpr.py:610: ConvergenceWarning: lbfgs failed to converge (status=2):
ABNORMAL_TERMINATION_IN_LNSRCH.

Increase the number of iterations (max_iter) or scale the data as shown in:
    https://scikit-learn.org/stable/modules/preprocessing.html
  _check_optimize_result("lbfgs", opt_res)
/home/rstric2s/psi4conda/envs/py37/lib/python3.7/site-packages/sklearn/gaussian_process/_gpr.py:610: ConvergenceWarning: lbfgs failed to converge (status=2):
ABNORMAL_TERMINATION_IN_LNSRCH.

Increase the number of iterations (max_iter) or scale the data as shown in:
    https://scikit-learn.org/stable/modules/preprocessing.html
  _check_optimize_result("lbfgs", opt_res)
/home/rstric2s/psi4conda/envs/py37/lib/python3.7/site-packages/sklearn/gaussian_process/kernels.py:427: ConvergenceWarning: The optimal value found for dimension 0 of parameter length_scale is close to the specified lower bound 1e-05. Decreasing the bound and calling fit again may find a better value.
  ConvergenceWarning,
/home/rstric2s/psi4conda/envs/py37/lib/python3.7/site-packages/sklearn/gaussian_process/kernels.py:427: ConvergenceWarning: The optimal value found for dimension 0 of parameter periodicity is close to the specified lower bound 1e-05. Decreasing the bound and calling fit again may find a better value.
  ConvergenceWarning,
/home/rstric2s/psi4conda/envs/py37/lib/python3.7/site-packages/sklearn/gaussian_process/_gpr.py:610: ConvergenceWarning: lbfgs failed to converge (status=2):
ABNORMAL_TERMINATION_IN_LNSRCH.

Increase the number of iterations (max_iter) or scale the data as shown in:
    https://scikit-learn.org/stable/modules/preprocessing.html
  _check_optimize_result("lbfgs", opt_res)
/home/rstric2s/psi4conda/envs/py37/lib/python3.7/site-packages/sklearn/gaussian_process/kernels.py:427: ConvergenceWarning: The optimal value found for dimension 0 of parameter length_scale is close to the specified lower bound 1e-05. Decreasing the bound and calling fit again may find a better value.
  ConvergenceWarning,
/home/rstric2s/psi4conda/envs/py37/lib/python3.7/site-packages/sklearn/gaussian_process/kernels.py:427: ConvergenceWarning: The optimal value found for dimension 0 of parameter periodicity is close to the specified lower bound 1e-05. Decreasing the bound and calling fit again may find a better value.
  ConvergenceWarning,
/home/rstric2s/psi4conda/envs/py37/lib/python3.7/site-packages/sklearn/gaussian_process/_gpr.py:610: ConvergenceWarning: lbfgs failed to converge (status=2):
ABNORMAL_TERMINATION_IN_LNSRCH.

Increase the number of iterations (max_iter) or scale the data as shown in:
    https://scikit-learn.org/stable/modules/preprocessing.html
  _check_optimize_result("lbfgs", opt_res)
/home/rstric2s/psi4conda/envs/py37/lib/python3.7/site-packages/sklearn/gaussian_process/kernels.py:427: ConvergenceWarning: The optimal value found for dimension 0 of parameter length_scale is close to the specified lower bound 1e-05. Decreasing the bound and calling fit again may find a better value.
  ConvergenceWarning,
/home/rstric2s/psi4conda/envs/py37/lib/python3.7/site-packages/sklearn/gaussian_process/kernels.py:427: ConvergenceWarning: The optimal value found for dimension 0 of parameter periodicity is close to the specified lower bound 1e-05. Decreasing the bound and calling fit again may find a better value.
  ConvergenceWarning,
/home/rstric2s/psi4conda/envs/py37/lib/python3.7/site-packages/sklearn/gaussian_process/kernels.py:427: ConvergenceWarning: The optimal value found for dimension 0 of parameter length_scale is close to the specified lower bound 1e-05. Decreasing the bound and calling fit again may find a better value.
  ConvergenceWarning,
/home/rstric2s/psi4conda/envs/py37/lib/python3.7/site-packages/sklearn/gaussian_process/kernels.py:427: ConvergenceWarning: The optimal value found for dimension 0 of parameter length_scale is close to the specified lower bound 1e-05. Decreasing the bound and calling fit again may find a better value.
  ConvergenceWarning,
/home/rstric2s/psi4conda/envs/py37/lib/python3.7/site-packages/sklearn/gaussian_process/kernels.py:427: ConvergenceWarning: The optimal value found for dimension 0 of parameter length_scale is close to the specified lower bound 1e-05. Decreasing the bound and calling fit again may find a better value.
  ConvergenceWarning,
/home/rstric2s/psi4conda/envs/py37/lib/python3.7/site-packages/sklearn/gaussian_process/kernels.py:427: ConvergenceWarning: The optimal value found for dimension 0 of parameter periodicity is close to the specified lower bound 1e-05. Decreasing the bound and calling fit again may find a better value.
  ConvergenceWarning,
/home/rstric2s/psi4conda/envs/py37/lib/python3.7/site-packages/sklearn/gaussian_process/kernels.py:427: ConvergenceWarning: The optimal value found for dimension 0 of parameter length_scale is close to the specified lower bound 1e-05. Decreasing the bound and calling fit again may find a better value.
  ConvergenceWarning,
/home/rstric2s/psi4conda/envs/py37/lib/python3.7/site-packages/sklearn/gaussian_process/kernels.py:427: ConvergenceWarning: The optimal value found for dimension 0 of parameter periodicity is close to the specified lower bound 1e-05. Decreasing the bound and calling fit again may find a better value.
  ConvergenceWarning,
/home/rstric2s/psi4conda/envs/py37/lib/python3.7/site-packages/sklearn/gaussian_process/kernels.py:427: ConvergenceWarning: The optimal value found for dimension 0 of parameter length_scale is close to the specified lower bound 1e-05. Decreasing the bound and calling fit again may find a better value.
  ConvergenceWarning,
/home/rstric2s/psi4conda/envs/py37/lib/python3.7/site-packages/sklearn/gaussian_process/kernels.py:427: ConvergenceWarning: The optimal value found for dimension 0 of parameter periodicity is close to the specified lower bound 1e-05. Decreasing the bound and calling fit again may find a better value.
  ConvergenceWarning,
/home/rstric2s/psi4conda/envs/py37/lib/python3.7/site-packages/sklearn/gaussian_process/kernels.py:427: ConvergenceWarning: The optimal value found for dimension 0 of parameter periodicity is close to the specified lower bound 1e-05. Decreasing the bound and calling fit again may find a better value.
  ConvergenceWarning,
/home/rstric2s/psi4conda/envs/py37/lib/python3.7/site-packages/sklearn/gaussian_process/kernels.py:427: ConvergenceWarning: The optimal value found for dimension 0 of parameter length_scale is close to the specified lower bound 1e-05. Decreasing the bound and calling fit again may find a better value.
  ConvergenceWarning,
/home/rstric2s/psi4conda/envs/py37/lib/python3.7/site-packages/sklearn/gaussian_process/kernels.py:427: ConvergenceWarning: The optimal value found for dimension 0 of parameter periodicity is close to the specified lower bound 1e-05. Decreasing the bound and calling fit again may find a better value.
  ConvergenceWarning,
/home/rstric2s/psi4conda/envs/py37/lib/python3.7/site-packages/sklearn/gaussian_process/kernels.py:427: ConvergenceWarning: The optimal value found for dimension 0 of parameter length_scale is close to the specified lower bound 1e-05. Decreasing the bound and calling fit again may find a better value.
  ConvergenceWarning,
/home/rstric2s/psi4conda/envs/py37/lib/python3.7/site-packages/sklearn/gaussian_process/kernels.py:427: ConvergenceWarning: The optimal value found for dimension 0 of parameter periodicity is close to the specified lower bound 1e-05. Decreasing the bound and calling fit again may find a better value.
  ConvergenceWarning,
/home/rstric2s/psi4conda/envs/py37/lib/python3.7/site-packages/sklearn/gaussian_process/_gpr.py:610: ConvergenceWarning: lbfgs failed to converge (status=2):
ABNORMAL_TERMINATION_IN_LNSRCH.

Increase the number of iterations (max_iter) or scale the data as shown in:
    https://scikit-learn.org/stable/modules/preprocessing.html
  _check_optimize_result("lbfgs", opt_res)
Training GPR Models with 0.75% of the dataset.

.
.
.
.
.
.
.
.
.
.
.
.
.
.
.
.
.
.
.
.
.
.
.
.
.
.
.
.
.
.
.
.
.
.
.
.
.
.
.
.
.
.
.
.
.
.
.
.
.
.


Training GPR Models with 0.25% of the dataset.

.
.
.
.
.
.
.
.
.
.
.
.
.
.
.
.
.
.
.
.
.
.
.
.
.
.
.
.
.
.
.
.
.
.
.
.
.
.
.
.
.
.
.
.
.
.
.
.
.
.


Wrote statistics to file: 'Stats-4.csv'.
      ratio  rndint   dataset  ...        rmse      mape         r2
0      0.25   678.0  Grid1296  ...  339.586872  0.427332 -10.347471
1      0.25   678.0  Grid1296  ...   63.330668  0.057597   0.605338
2      0.25   678.0  Grid1296  ...   49.897768  0.057903   0.755004
3      0.25   678.0  Grid1296  ...  676.390195  0.993319 -44.018590
4      0.25   678.0  Grid2401  ...  468.277996  0.624680 -19.470039
...     ...     ...       ...  ...         ...       ...        ...
1595   0.75   634.0    Sobol1  ...   31.412913  0.027344   0.896268
1596   0.75   634.0    Sobol2  ...   25.867567  0.025004   0.929108
1597   0.75   634.0    Sobol2  ...   24.828695  0.024056   0.934688
1598   0.75   634.0    Sobol2  ...   30.966286  0.031887   0.898407
1599   0.75   634.0    Sobol1  ...   25.867566  0.025004   0.929108

[1600 rows x 11 columns]
