/home/rstric2s/psi4conda/envs/py37/lib/python3.7/site-packages/sklearn/gaussian_process/_gpr.py:610: ConvergenceWarning: lbfgs failed to converge (status=2):
ABNORMAL_TERMINATION_IN_LNSRCH.

Increase the number of iterations (max_iter) or scale the data as shown in:
    https://scikit-learn.org/stable/modules/preprocessing.html
  _check_optimize_result("lbfgs", opt_res)
/home/rstric2s/psi4conda/envs/py37/lib/python3.7/site-packages/sklearn/gaussian_process/kernels.py:427: ConvergenceWarning: The optimal value found for dimension 0 of parameter length_scale is close to the specified lower bound 1e-05. Decreasing the bound and calling fit again may find a better value.
  ConvergenceWarning,
/home/rstric2s/psi4conda/envs/py37/lib/python3.7/site-packages/sklearn/gaussian_process/kernels.py:427: ConvergenceWarning: The optimal value found for dimension 0 of parameter periodicity is close to the specified lower bound 1e-05. Decreasing the bound and calling fit again may find a better value.
  ConvergenceWarning,
/home/rstric2s/psi4conda/envs/py37/lib/python3.7/site-packages/sklearn/gaussian_process/_gpr.py:610: ConvergenceWarning: lbfgs failed to converge (status=2):
ABNORMAL_TERMINATION_IN_LNSRCH.

Increase the number of iterations (max_iter) or scale the data as shown in:
    https://scikit-learn.org/stable/modules/preprocessing.html
  _check_optimize_result("lbfgs", opt_res)
/home/rstric2s/psi4conda/envs/py37/lib/python3.7/site-packages/sklearn/gaussian_process/kernels.py:427: ConvergenceWarning: The optimal value found for dimension 0 of parameter length_scale is close to the specified lower bound 1e-05. Decreasing the bound and calling fit again may find a better value.
  ConvergenceWarning,
/home/rstric2s/psi4conda/envs/py37/lib/python3.7/site-packages/sklearn/gaussian_process/kernels.py:427: ConvergenceWarning: The optimal value found for dimension 0 of parameter periodicity is close to the specified lower bound 1e-05. Decreasing the bound and calling fit again may find a better value.
  ConvergenceWarning,
/home/rstric2s/psi4conda/envs/py37/lib/python3.7/site-packages/sklearn/gaussian_process/kernels.py:427: ConvergenceWarning: The optimal value found for dimension 0 of parameter length_scale is close to the specified lower bound 1e-05. Decreasing the bound and calling fit again may find a better value.
  ConvergenceWarning,
/home/rstric2s/psi4conda/envs/py37/lib/python3.7/site-packages/sklearn/gaussian_process/kernels.py:427: ConvergenceWarning: The optimal value found for dimension 0 of parameter periodicity is close to the specified lower bound 1e-05. Decreasing the bound and calling fit again may find a better value.
  ConvergenceWarning,
/home/rstric2s/psi4conda/envs/py37/lib/python3.7/site-packages/sklearn/gaussian_process/_gpr.py:610: ConvergenceWarning: lbfgs failed to converge (status=2):
ABNORMAL_TERMINATION_IN_LNSRCH.

Increase the number of iterations (max_iter) or scale the data as shown in:
    https://scikit-learn.org/stable/modules/preprocessing.html
  _check_optimize_result("lbfgs", opt_res)
/home/rstric2s/psi4conda/envs/py37/lib/python3.7/site-packages/sklearn/gaussian_process/_gpr.py:610: ConvergenceWarning: lbfgs failed to converge (status=2):
ABNORMAL_TERMINATION_IN_LNSRCH.

Increase the number of iterations (max_iter) or scale the data as shown in:
    https://scikit-learn.org/stable/modules/preprocessing.html
  _check_optimize_result("lbfgs", opt_res)
/home/rstric2s/psi4conda/envs/py37/lib/python3.7/site-packages/sklearn/gaussian_process/kernels.py:427: ConvergenceWarning: The optimal value found for dimension 0 of parameter length_scale is close to the specified lower bound 1e-05. Decreasing the bound and calling fit again may find a better value.
  ConvergenceWarning,
/home/rstric2s/psi4conda/envs/py37/lib/python3.7/site-packages/sklearn/gaussian_process/kernels.py:427: ConvergenceWarning: The optimal value found for dimension 0 of parameter periodicity is close to the specified lower bound 1e-05. Decreasing the bound and calling fit again may find a better value.
  ConvergenceWarning,
/home/rstric2s/psi4conda/envs/py37/lib/python3.7/site-packages/sklearn/gaussian_process/kernels.py:427: ConvergenceWarning: The optimal value found for dimension 0 of parameter length_scale is close to the specified lower bound 1e-05. Decreasing the bound and calling fit again may find a better value.
  ConvergenceWarning,
/home/rstric2s/psi4conda/envs/py37/lib/python3.7/site-packages/sklearn/gaussian_process/kernels.py:427: ConvergenceWarning: The optimal value found for dimension 0 of parameter periodicity is close to the specified lower bound 1e-05. Decreasing the bound and calling fit again may find a better value.
  ConvergenceWarning,
/home/rstric2s/psi4conda/envs/py37/lib/python3.7/site-packages/sklearn/gaussian_process/kernels.py:427: ConvergenceWarning: The optimal value found for dimension 0 of parameter periodicity is close to the specified lower bound 1e-05. Decreasing the bound and calling fit again may find a better value.
  ConvergenceWarning,
/home/rstric2s/psi4conda/envs/py37/lib/python3.7/site-packages/sklearn/gaussian_process/kernels.py:427: ConvergenceWarning: The optimal value found for dimension 0 of parameter periodicity is close to the specified lower bound 1e-05. Decreasing the bound and calling fit again may find a better value.
  ConvergenceWarning,
/home/rstric2s/psi4conda/envs/py37/lib/python3.7/site-packages/sklearn/gaussian_process/_gpr.py:610: ConvergenceWarning: lbfgs failed to converge (status=2):
ABNORMAL_TERMINATION_IN_LNSRCH.

Increase the number of iterations (max_iter) or scale the data as shown in:
    https://scikit-learn.org/stable/modules/preprocessing.html
  _check_optimize_result("lbfgs", opt_res)
/home/rstric2s/psi4conda/envs/py37/lib/python3.7/site-packages/sklearn/gaussian_process/_gpr.py:610: ConvergenceWarning: lbfgs failed to converge (status=2):
ABNORMAL_TERMINATION_IN_LNSRCH.

Increase the number of iterations (max_iter) or scale the data as shown in:
    https://scikit-learn.org/stable/modules/preprocessing.html
  _check_optimize_result("lbfgs", opt_res)
/home/rstric2s/psi4conda/envs/py37/lib/python3.7/site-packages/sklearn/gaussian_process/kernels.py:427: ConvergenceWarning: The optimal value found for dimension 0 of parameter length_scale is close to the specified lower bound 1e-05. Decreasing the bound and calling fit again may find a better value.
  ConvergenceWarning,
/home/rstric2s/psi4conda/envs/py37/lib/python3.7/site-packages/sklearn/gaussian_process/kernels.py:427: ConvergenceWarning: The optimal value found for dimension 0 of parameter length_scale is close to the specified lower bound 1e-05. Decreasing the bound and calling fit again may find a better value.
  ConvergenceWarning,
/home/rstric2s/psi4conda/envs/py37/lib/python3.7/site-packages/sklearn/gaussian_process/kernels.py:427: ConvergenceWarning: The optimal value found for dimension 0 of parameter length_scale is close to the specified lower bound 1e-05. Decreasing the bound and calling fit again may find a better value.
  ConvergenceWarning,
/home/rstric2s/psi4conda/envs/py37/lib/python3.7/site-packages/sklearn/gaussian_process/kernels.py:427: ConvergenceWarning: The optimal value found for dimension 0 of parameter length_scale is close to the specified lower bound 1e-05. Decreasing the bound and calling fit again may find a better value.
  ConvergenceWarning,
/home/rstric2s/psi4conda/envs/py37/lib/python3.7/site-packages/sklearn/gaussian_process/kernels.py:427: ConvergenceWarning: The optimal value found for dimension 0 of parameter periodicity is close to the specified lower bound 1e-05. Decreasing the bound and calling fit again may find a better value.
  ConvergenceWarning,
/home/rstric2s/psi4conda/envs/py37/lib/python3.7/site-packages/sklearn/gaussian_process/kernels.py:427: ConvergenceWarning: The optimal value found for dimension 0 of parameter length_scale is close to the specified lower bound 1e-05. Decreasing the bound and calling fit again may find a better value.
  ConvergenceWarning,
/home/rstric2s/psi4conda/envs/py37/lib/python3.7/site-packages/sklearn/gaussian_process/kernels.py:427: ConvergenceWarning: The optimal value found for dimension 0 of parameter length_scale is close to the specified lower bound 1e-05. Decreasing the bound and calling fit again may find a better value.
  ConvergenceWarning,
/home/rstric2s/psi4conda/envs/py37/lib/python3.7/site-packages/sklearn/gaussian_process/kernels.py:427: ConvergenceWarning: The optimal value found for dimension 0 of parameter length_scale is close to the specified lower bound 1e-05. Decreasing the bound and calling fit again may find a better value.
  ConvergenceWarning,
/home/rstric2s/psi4conda/envs/py37/lib/python3.7/site-packages/sklearn/gaussian_process/_gpr.py:610: ConvergenceWarning: lbfgs failed to converge (status=2):
ABNORMAL_TERMINATION_IN_LNSRCH.

Increase the number of iterations (max_iter) or scale the data as shown in:
    https://scikit-learn.org/stable/modules/preprocessing.html
  _check_optimize_result("lbfgs", opt_res)
/home/rstric2s/psi4conda/envs/py37/lib/python3.7/site-packages/sklearn/gaussian_process/kernels.py:427: ConvergenceWarning: The optimal value found for dimension 0 of parameter length_scale is close to the specified lower bound 1e-05. Decreasing the bound and calling fit again may find a better value.
  ConvergenceWarning,
/home/rstric2s/psi4conda/envs/py37/lib/python3.7/site-packages/sklearn/gaussian_process/kernels.py:427: ConvergenceWarning: The optimal value found for dimension 0 of parameter periodicity is close to the specified lower bound 1e-05. Decreasing the bound and calling fit again may find a better value.
  ConvergenceWarning,
/home/rstric2s/psi4conda/envs/py37/lib/python3.7/site-packages/sklearn/gaussian_process/kernels.py:427: ConvergenceWarning: The optimal value found for dimension 0 of parameter length_scale is close to the specified lower bound 1e-05. Decreasing the bound and calling fit again may find a better value.
  ConvergenceWarning,
/home/rstric2s/psi4conda/envs/py37/lib/python3.7/site-packages/sklearn/gaussian_process/kernels.py:427: ConvergenceWarning: The optimal value found for dimension 0 of parameter length_scale is close to the specified lower bound 1e-05. Decreasing the bound and calling fit again may find a better value.
  ConvergenceWarning,
/home/rstric2s/psi4conda/envs/py37/lib/python3.7/site-packages/sklearn/gaussian_process/kernels.py:427: ConvergenceWarning: The optimal value found for dimension 0 of parameter periodicity is close to the specified lower bound 1e-05. Decreasing the bound and calling fit again may find a better value.
  ConvergenceWarning,
/home/rstric2s/psi4conda/envs/py37/lib/python3.7/site-packages/sklearn/gaussian_process/kernels.py:427: ConvergenceWarning: The optimal value found for dimension 0 of parameter periodicity is close to the specified lower bound 1e-05. Decreasing the bound and calling fit again may find a better value.
  ConvergenceWarning,
/home/rstric2s/psi4conda/envs/py37/lib/python3.7/site-packages/sklearn/gaussian_process/kernels.py:427: ConvergenceWarning: The optimal value found for dimension 0 of parameter length_scale is close to the specified lower bound 1e-05. Decreasing the bound and calling fit again may find a better value.
  ConvergenceWarning,
/home/rstric2s/psi4conda/envs/py37/lib/python3.7/site-packages/sklearn/gaussian_process/kernels.py:427: ConvergenceWarning: The optimal value found for dimension 0 of parameter length_scale is close to the specified lower bound 1e-05. Decreasing the bound and calling fit again may find a better value.
  ConvergenceWarning,
/home/rstric2s/psi4conda/envs/py37/lib/python3.7/site-packages/sklearn/gaussian_process/kernels.py:427: ConvergenceWarning: The optimal value found for dimension 0 of parameter length_scale is close to the specified lower bound 1e-05. Decreasing the bound and calling fit again may find a better value.
  ConvergenceWarning,
/home/rstric2s/psi4conda/envs/py37/lib/python3.7/site-packages/sklearn/gaussian_process/kernels.py:427: ConvergenceWarning: The optimal value found for dimension 0 of parameter length_scale is close to the specified lower bound 1e-05. Decreasing the bound and calling fit again may find a better value.
  ConvergenceWarning,
/home/rstric2s/psi4conda/envs/py37/lib/python3.7/site-packages/sklearn/gaussian_process/_gpr.py:610: ConvergenceWarning: lbfgs failed to converge (status=2):
ABNORMAL_TERMINATION_IN_LNSRCH.

Increase the number of iterations (max_iter) or scale the data as shown in:
    https://scikit-learn.org/stable/modules/preprocessing.html
  _check_optimize_result("lbfgs", opt_res)
/home/rstric2s/psi4conda/envs/py37/lib/python3.7/site-packages/sklearn/gaussian_process/kernels.py:427: ConvergenceWarning: The optimal value found for dimension 0 of parameter length_scale is close to the specified lower bound 1e-05. Decreasing the bound and calling fit again may find a better value.
  ConvergenceWarning,
/home/rstric2s/psi4conda/envs/py37/lib/python3.7/site-packages/sklearn/gaussian_process/kernels.py:427: ConvergenceWarning: The optimal value found for dimension 0 of parameter periodicity is close to the specified lower bound 1e-05. Decreasing the bound and calling fit again may find a better value.
  ConvergenceWarning,
/home/rstric2s/psi4conda/envs/py37/lib/python3.7/site-packages/sklearn/gaussian_process/kernels.py:427: ConvergenceWarning: The optimal value found for dimension 0 of parameter periodicity is close to the specified lower bound 1e-05. Decreasing the bound and calling fit again may find a better value.
  ConvergenceWarning,
/home/rstric2s/psi4conda/envs/py37/lib/python3.7/site-packages/sklearn/gaussian_process/_gpr.py:610: ConvergenceWarning: lbfgs failed to converge (status=2):
ABNORMAL_TERMINATION_IN_LNSRCH.

Increase the number of iterations (max_iter) or scale the data as shown in:
    https://scikit-learn.org/stable/modules/preprocessing.html
  _check_optimize_result("lbfgs", opt_res)
/home/rstric2s/psi4conda/envs/py37/lib/python3.7/site-packages/sklearn/gaussian_process/kernels.py:427: ConvergenceWarning: The optimal value found for dimension 0 of parameter length_scale is close to the specified lower bound 1e-05. Decreasing the bound and calling fit again may find a better value.
  ConvergenceWarning,
/home/rstric2s/psi4conda/envs/py37/lib/python3.7/site-packages/sklearn/gaussian_process/kernels.py:427: ConvergenceWarning: The optimal value found for dimension 0 of parameter length_scale is close to the specified lower bound 1e-05. Decreasing the bound and calling fit again may find a better value.
  ConvergenceWarning,
/home/rstric2s/psi4conda/envs/py37/lib/python3.7/site-packages/sklearn/gaussian_process/kernels.py:427: ConvergenceWarning: The optimal value found for dimension 0 of parameter length_scale is close to the specified lower bound 1e-05. Decreasing the bound and calling fit again may find a better value.
  ConvergenceWarning,
/home/rstric2s/psi4conda/envs/py37/lib/python3.7/site-packages/sklearn/gaussian_process/kernels.py:427: ConvergenceWarning: The optimal value found for dimension 0 of parameter length_scale is close to the specified lower bound 1e-05. Decreasing the bound and calling fit again may find a better value.
  ConvergenceWarning,
/home/rstric2s/psi4conda/envs/py37/lib/python3.7/site-packages/sklearn/gaussian_process/_gpr.py:610: ConvergenceWarning: lbfgs failed to converge (status=2):
ABNORMAL_TERMINATION_IN_LNSRCH.

Increase the number of iterations (max_iter) or scale the data as shown in:
    https://scikit-learn.org/stable/modules/preprocessing.html
  _check_optimize_result("lbfgs", opt_res)
/home/rstric2s/psi4conda/envs/py37/lib/python3.7/site-packages/sklearn/gaussian_process/kernels.py:427: ConvergenceWarning: The optimal value found for dimension 0 of parameter length_scale is close to the specified lower bound 1e-05. Decreasing the bound and calling fit again may find a better value.
  ConvergenceWarning,
/home/rstric2s/psi4conda/envs/py37/lib/python3.7/site-packages/sklearn/gaussian_process/kernels.py:427: ConvergenceWarning: The optimal value found for dimension 0 of parameter periodicity is close to the specified lower bound 1e-05. Decreasing the bound and calling fit again may find a better value.
  ConvergenceWarning,
/home/rstric2s/psi4conda/envs/py37/lib/python3.7/site-packages/sklearn/gaussian_process/kernels.py:427: ConvergenceWarning: The optimal value found for dimension 0 of parameter length_scale is close to the specified lower bound 1e-05. Decreasing the bound and calling fit again may find a better value.
  ConvergenceWarning,
/home/rstric2s/psi4conda/envs/py37/lib/python3.7/site-packages/sklearn/gaussian_process/kernels.py:427: ConvergenceWarning: The optimal value found for dimension 0 of parameter periodicity is close to the specified lower bound 1e-05. Decreasing the bound and calling fit again may find a better value.
  ConvergenceWarning,
/home/rstric2s/psi4conda/envs/py37/lib/python3.7/site-packages/sklearn/gaussian_process/_gpr.py:610: ConvergenceWarning: lbfgs failed to converge (status=2):
ABNORMAL_TERMINATION_IN_LNSRCH.

Increase the number of iterations (max_iter) or scale the data as shown in:
    https://scikit-learn.org/stable/modules/preprocessing.html
  _check_optimize_result("lbfgs", opt_res)
/home/rstric2s/psi4conda/envs/py37/lib/python3.7/site-packages/sklearn/gaussian_process/kernels.py:427: ConvergenceWarning: The optimal value found for dimension 0 of parameter length_scale is close to the specified lower bound 1e-05. Decreasing the bound and calling fit again may find a better value.
  ConvergenceWarning,
/home/rstric2s/psi4conda/envs/py37/lib/python3.7/site-packages/sklearn/gaussian_process/kernels.py:427: ConvergenceWarning: The optimal value found for dimension 0 of parameter periodicity is close to the specified lower bound 1e-05. Decreasing the bound and calling fit again may find a better value.
  ConvergenceWarning,
/home/rstric2s/psi4conda/envs/py37/lib/python3.7/site-packages/sklearn/gaussian_process/kernels.py:427: ConvergenceWarning: The optimal value found for dimension 0 of parameter length_scale is close to the specified lower bound 1e-05. Decreasing the bound and calling fit again may find a better value.
  ConvergenceWarning,
/home/rstric2s/psi4conda/envs/py37/lib/python3.7/site-packages/sklearn/gaussian_process/kernels.py:427: ConvergenceWarning: The optimal value found for dimension 0 of parameter periodicity is close to the specified lower bound 1e-05. Decreasing the bound and calling fit again may find a better value.
  ConvergenceWarning,
/home/rstric2s/psi4conda/envs/py37/lib/python3.7/site-packages/sklearn/gaussian_process/_gpr.py:610: ConvergenceWarning: lbfgs failed to converge (status=2):
ABNORMAL_TERMINATION_IN_LNSRCH.

Increase the number of iterations (max_iter) or scale the data as shown in:
    https://scikit-learn.org/stable/modules/preprocessing.html
  _check_optimize_result("lbfgs", opt_res)
/home/rstric2s/psi4conda/envs/py37/lib/python3.7/site-packages/sklearn/gaussian_process/kernels.py:427: ConvergenceWarning: The optimal value found for dimension 0 of parameter periodicity is close to the specified lower bound 1e-05. Decreasing the bound and calling fit again may find a better value.
  ConvergenceWarning,
/home/rstric2s/psi4conda/envs/py37/lib/python3.7/site-packages/sklearn/gaussian_process/kernels.py:427: ConvergenceWarning: The optimal value found for dimension 0 of parameter length_scale is close to the specified lower bound 1e-05. Decreasing the bound and calling fit again may find a better value.
  ConvergenceWarning,
/home/rstric2s/psi4conda/envs/py37/lib/python3.7/site-packages/sklearn/gaussian_process/kernels.py:427: ConvergenceWarning: The optimal value found for dimension 0 of parameter periodicity is close to the specified lower bound 1e-05. Decreasing the bound and calling fit again may find a better value.
  ConvergenceWarning,
/home/rstric2s/psi4conda/envs/py37/lib/python3.7/site-packages/sklearn/gaussian_process/_gpr.py:610: ConvergenceWarning: lbfgs failed to converge (status=2):
ABNORMAL_TERMINATION_IN_LNSRCH.

Increase the number of iterations (max_iter) or scale the data as shown in:
    https://scikit-learn.org/stable/modules/preprocessing.html
  _check_optimize_result("lbfgs", opt_res)
/home/rstric2s/psi4conda/envs/py37/lib/python3.7/site-packages/sklearn/gaussian_process/_gpr.py:610: ConvergenceWarning: lbfgs failed to converge (status=2):
ABNORMAL_TERMINATION_IN_LNSRCH.

Increase the number of iterations (max_iter) or scale the data as shown in:
    https://scikit-learn.org/stable/modules/preprocessing.html
  _check_optimize_result("lbfgs", opt_res)
/home/rstric2s/psi4conda/envs/py37/lib/python3.7/site-packages/sklearn/gaussian_process/kernels.py:427: ConvergenceWarning: The optimal value found for dimension 0 of parameter length_scale is close to the specified lower bound 1e-05. Decreasing the bound and calling fit again may find a better value.
  ConvergenceWarning,
/home/rstric2s/psi4conda/envs/py37/lib/python3.7/site-packages/sklearn/gaussian_process/kernels.py:427: ConvergenceWarning: The optimal value found for dimension 0 of parameter periodicity is close to the specified lower bound 1e-05. Decreasing the bound and calling fit again may find a better value.
  ConvergenceWarning,
/home/rstric2s/psi4conda/envs/py37/lib/python3.7/site-packages/sklearn/gaussian_process/kernels.py:427: ConvergenceWarning: The optimal value found for dimension 0 of parameter periodicity is close to the specified lower bound 1e-05. Decreasing the bound and calling fit again may find a better value.
  ConvergenceWarning,
/home/rstric2s/psi4conda/envs/py37/lib/python3.7/site-packages/sklearn/gaussian_process/_gpr.py:610: ConvergenceWarning: lbfgs failed to converge (status=2):
ABNORMAL_TERMINATION_IN_LNSRCH.

Increase the number of iterations (max_iter) or scale the data as shown in:
    https://scikit-learn.org/stable/modules/preprocessing.html
  _check_optimize_result("lbfgs", opt_res)
/home/rstric2s/psi4conda/envs/py37/lib/python3.7/site-packages/sklearn/gaussian_process/kernels.py:427: ConvergenceWarning: The optimal value found for dimension 0 of parameter length_scale is close to the specified lower bound 1e-05. Decreasing the bound and calling fit again may find a better value.
  ConvergenceWarning,
/home/rstric2s/psi4conda/envs/py37/lib/python3.7/site-packages/sklearn/gaussian_process/kernels.py:427: ConvergenceWarning: The optimal value found for dimension 0 of parameter periodicity is close to the specified lower bound 1e-05. Decreasing the bound and calling fit again may find a better value.
  ConvergenceWarning,
/home/rstric2s/psi4conda/envs/py37/lib/python3.7/site-packages/sklearn/gaussian_process/kernels.py:427: ConvergenceWarning: The optimal value found for dimension 0 of parameter length_scale is close to the specified lower bound 1e-05. Decreasing the bound and calling fit again may find a better value.
  ConvergenceWarning,
/home/rstric2s/psi4conda/envs/py37/lib/python3.7/site-packages/sklearn/gaussian_process/kernels.py:427: ConvergenceWarning: The optimal value found for dimension 0 of parameter periodicity is close to the specified lower bound 1e-05. Decreasing the bound and calling fit again may find a better value.
  ConvergenceWarning,
/home/rstric2s/psi4conda/envs/py37/lib/python3.7/site-packages/sklearn/gaussian_process/kernels.py:427: ConvergenceWarning: The optimal value found for dimension 0 of parameter length_scale is close to the specified lower bound 1e-05. Decreasing the bound and calling fit again may find a better value.
  ConvergenceWarning,
/home/rstric2s/psi4conda/envs/py37/lib/python3.7/site-packages/sklearn/gaussian_process/kernels.py:427: ConvergenceWarning: The optimal value found for dimension 0 of parameter length_scale is close to the specified lower bound 1e-05. Decreasing the bound and calling fit again may find a better value.
  ConvergenceWarning,
/home/rstric2s/psi4conda/envs/py37/lib/python3.7/site-packages/sklearn/gaussian_process/kernels.py:427: ConvergenceWarning: The optimal value found for dimension 0 of parameter length_scale is close to the specified lower bound 1e-05. Decreasing the bound and calling fit again may find a better value.
  ConvergenceWarning,
/home/rstric2s/psi4conda/envs/py37/lib/python3.7/site-packages/sklearn/gaussian_process/kernels.py:427: ConvergenceWarning: The optimal value found for dimension 0 of parameter length_scale is close to the specified lower bound 1e-05. Decreasing the bound and calling fit again may find a better value.
  ConvergenceWarning,
/home/rstric2s/psi4conda/envs/py37/lib/python3.7/site-packages/sklearn/gaussian_process/kernels.py:427: ConvergenceWarning: The optimal value found for dimension 0 of parameter periodicity is close to the specified lower bound 1e-05. Decreasing the bound and calling fit again may find a better value.
  ConvergenceWarning,
/home/rstric2s/psi4conda/envs/py37/lib/python3.7/site-packages/sklearn/gaussian_process/kernels.py:427: ConvergenceWarning: The optimal value found for dimension 0 of parameter length_scale is close to the specified lower bound 1e-05. Decreasing the bound and calling fit again may find a better value.
  ConvergenceWarning,
/home/rstric2s/psi4conda/envs/py37/lib/python3.7/site-packages/sklearn/gaussian_process/kernels.py:427: ConvergenceWarning: The optimal value found for dimension 0 of parameter length_scale is close to the specified lower bound 1e-05. Decreasing the bound and calling fit again may find a better value.
  ConvergenceWarning,
/home/rstric2s/psi4conda/envs/py37/lib/python3.7/site-packages/sklearn/gaussian_process/kernels.py:427: ConvergenceWarning: The optimal value found for dimension 0 of parameter periodicity is close to the specified lower bound 1e-05. Decreasing the bound and calling fit again may find a better value.
  ConvergenceWarning,
/home/rstric2s/psi4conda/envs/py37/lib/python3.7/site-packages/sklearn/gaussian_process/kernels.py:427: ConvergenceWarning: The optimal value found for dimension 0 of parameter periodicity is close to the specified lower bound 1e-05. Decreasing the bound and calling fit again may find a better value.
  ConvergenceWarning,
/home/rstric2s/psi4conda/envs/py37/lib/python3.7/site-packages/sklearn/gaussian_process/kernels.py:427: ConvergenceWarning: The optimal value found for dimension 0 of parameter length_scale is close to the specified lower bound 1e-05. Decreasing the bound and calling fit again may find a better value.
  ConvergenceWarning,
/home/rstric2s/psi4conda/envs/py37/lib/python3.7/site-packages/sklearn/gaussian_process/kernels.py:427: ConvergenceWarning: The optimal value found for dimension 0 of parameter length_scale is close to the specified lower bound 1e-05. Decreasing the bound and calling fit again may find a better value.
  ConvergenceWarning,
/home/rstric2s/psi4conda/envs/py37/lib/python3.7/site-packages/sklearn/gaussian_process/kernels.py:427: ConvergenceWarning: The optimal value found for dimension 0 of parameter length_scale is close to the specified lower bound 1e-05. Decreasing the bound and calling fit again may find a better value.
  ConvergenceWarning,
/home/rstric2s/psi4conda/envs/py37/lib/python3.7/site-packages/sklearn/gaussian_process/kernels.py:427: ConvergenceWarning: The optimal value found for dimension 0 of parameter length_scale is close to the specified lower bound 1e-05. Decreasing the bound and calling fit again may find a better value.
  ConvergenceWarning,
/home/rstric2s/psi4conda/envs/py37/lib/python3.7/site-packages/sklearn/gaussian_process/_gpr.py:610: ConvergenceWarning: lbfgs failed to converge (status=2):
ABNORMAL_TERMINATION_IN_LNSRCH.

Increase the number of iterations (max_iter) or scale the data as shown in:
    https://scikit-learn.org/stable/modules/preprocessing.html
  _check_optimize_result("lbfgs", opt_res)
/home/rstric2s/psi4conda/envs/py37/lib/python3.7/site-packages/sklearn/gaussian_process/_gpr.py:610: ConvergenceWarning: lbfgs failed to converge (status=2):
ABNORMAL_TERMINATION_IN_LNSRCH.

Increase the number of iterations (max_iter) or scale the data as shown in:
    https://scikit-learn.org/stable/modules/preprocessing.html
  _check_optimize_result("lbfgs", opt_res)
/home/rstric2s/psi4conda/envs/py37/lib/python3.7/site-packages/sklearn/gaussian_process/kernels.py:427: ConvergenceWarning: The optimal value found for dimension 0 of parameter periodicity is close to the specified lower bound 1e-05. Decreasing the bound and calling fit again may find a better value.
  ConvergenceWarning,
/home/rstric2s/psi4conda/envs/py37/lib/python3.7/site-packages/sklearn/gaussian_process/kernels.py:427: ConvergenceWarning: The optimal value found for dimension 0 of parameter length_scale is close to the specified lower bound 1e-05. Decreasing the bound and calling fit again may find a better value.
  ConvergenceWarning,
/home/rstric2s/psi4conda/envs/py37/lib/python3.7/site-packages/sklearn/gaussian_process/kernels.py:427: ConvergenceWarning: The optimal value found for dimension 0 of parameter periodicity is close to the specified lower bound 1e-05. Decreasing the bound and calling fit again may find a better value.
  ConvergenceWarning,
/home/rstric2s/psi4conda/envs/py37/lib/python3.7/site-packages/sklearn/gaussian_process/kernels.py:427: ConvergenceWarning: The optimal value found for dimension 0 of parameter length_scale is close to the specified lower bound 1e-05. Decreasing the bound and calling fit again may find a better value.
  ConvergenceWarning,
/home/rstric2s/psi4conda/envs/py37/lib/python3.7/site-packages/sklearn/gaussian_process/kernels.py:427: ConvergenceWarning: The optimal value found for dimension 0 of parameter length_scale is close to the specified lower bound 1e-05. Decreasing the bound and calling fit again may find a better value.
  ConvergenceWarning,
/home/rstric2s/psi4conda/envs/py37/lib/python3.7/site-packages/sklearn/gaussian_process/kernels.py:427: ConvergenceWarning: The optimal value found for dimension 0 of parameter length_scale is close to the specified lower bound 1e-05. Decreasing the bound and calling fit again may find a better value.
  ConvergenceWarning,
/home/rstric2s/psi4conda/envs/py37/lib/python3.7/site-packages/sklearn/gaussian_process/kernels.py:427: ConvergenceWarning: The optimal value found for dimension 0 of parameter length_scale is close to the specified lower bound 1e-05. Decreasing the bound and calling fit again may find a better value.
  ConvergenceWarning,
/home/rstric2s/psi4conda/envs/py37/lib/python3.7/site-packages/sklearn/gaussian_process/kernels.py:427: ConvergenceWarning: The optimal value found for dimension 0 of parameter length_scale is close to the specified lower bound 1e-05. Decreasing the bound and calling fit again may find a better value.
  ConvergenceWarning,
/home/rstric2s/psi4conda/envs/py37/lib/python3.7/site-packages/sklearn/gaussian_process/kernels.py:427: ConvergenceWarning: The optimal value found for dimension 0 of parameter length_scale is close to the specified lower bound 1e-05. Decreasing the bound and calling fit again may find a better value.
  ConvergenceWarning,
/home/rstric2s/psi4conda/envs/py37/lib/python3.7/site-packages/sklearn/gaussian_process/kernels.py:427: ConvergenceWarning: The optimal value found for dimension 0 of parameter length_scale is close to the specified lower bound 1e-05. Decreasing the bound and calling fit again may find a better value.
  ConvergenceWarning,
/home/rstric2s/psi4conda/envs/py37/lib/python3.7/site-packages/sklearn/gaussian_process/kernels.py:427: ConvergenceWarning: The optimal value found for dimension 0 of parameter length_scale is close to the specified lower bound 1e-05. Decreasing the bound and calling fit again may find a better value.
  ConvergenceWarning,
/home/rstric2s/psi4conda/envs/py37/lib/python3.7/site-packages/sklearn/gaussian_process/kernels.py:427: ConvergenceWarning: The optimal value found for dimension 0 of parameter periodicity is close to the specified lower bound 1e-05. Decreasing the bound and calling fit again may find a better value.
  ConvergenceWarning,
/home/rstric2s/psi4conda/envs/py37/lib/python3.7/site-packages/sklearn/gaussian_process/kernels.py:427: ConvergenceWarning: The optimal value found for dimension 0 of parameter length_scale is close to the specified lower bound 1e-05. Decreasing the bound and calling fit again may find a better value.
  ConvergenceWarning,
/home/rstric2s/psi4conda/envs/py37/lib/python3.7/site-packages/sklearn/gaussian_process/kernels.py:427: ConvergenceWarning: The optimal value found for dimension 0 of parameter periodicity is close to the specified lower bound 1e-05. Decreasing the bound and calling fit again may find a better value.
  ConvergenceWarning,
/home/rstric2s/psi4conda/envs/py37/lib/python3.7/site-packages/sklearn/gaussian_process/kernels.py:427: ConvergenceWarning: The optimal value found for dimension 0 of parameter length_scale is close to the specified lower bound 1e-05. Decreasing the bound and calling fit again may find a better value.
  ConvergenceWarning,
/home/rstric2s/psi4conda/envs/py37/lib/python3.7/site-packages/sklearn/gaussian_process/kernels.py:427: ConvergenceWarning: The optimal value found for dimension 0 of parameter periodicity is close to the specified lower bound 1e-05. Decreasing the bound and calling fit again may find a better value.
  ConvergenceWarning,
/home/rstric2s/psi4conda/envs/py37/lib/python3.7/site-packages/sklearn/gaussian_process/_gpr.py:610: ConvergenceWarning: lbfgs failed to converge (status=2):
ABNORMAL_TERMINATION_IN_LNSRCH.

Increase the number of iterations (max_iter) or scale the data as shown in:
    https://scikit-learn.org/stable/modules/preprocessing.html
  _check_optimize_result("lbfgs", opt_res)
/home/rstric2s/psi4conda/envs/py37/lib/python3.7/site-packages/sklearn/gaussian_process/kernels.py:427: ConvergenceWarning: The optimal value found for dimension 0 of parameter length_scale is close to the specified lower bound 1e-05. Decreasing the bound and calling fit again may find a better value.
  ConvergenceWarning,
/home/rstric2s/psi4conda/envs/py37/lib/python3.7/site-packages/sklearn/gaussian_process/kernels.py:427: ConvergenceWarning: The optimal value found for dimension 0 of parameter periodicity is close to the specified lower bound 1e-05. Decreasing the bound and calling fit again may find a better value.
  ConvergenceWarning,
/home/rstric2s/psi4conda/envs/py37/lib/python3.7/site-packages/sklearn/gaussian_process/kernels.py:427: ConvergenceWarning: The optimal value found for dimension 0 of parameter periodicity is close to the specified lower bound 1e-05. Decreasing the bound and calling fit again may find a better value.
  ConvergenceWarning,
/home/rstric2s/psi4conda/envs/py37/lib/python3.7/site-packages/sklearn/gaussian_process/kernels.py:427: ConvergenceWarning: The optimal value found for dimension 0 of parameter length_scale is close to the specified lower bound 1e-05. Decreasing the bound and calling fit again may find a better value.
  ConvergenceWarning,
/home/rstric2s/psi4conda/envs/py37/lib/python3.7/site-packages/sklearn/gaussian_process/kernels.py:427: ConvergenceWarning: The optimal value found for dimension 0 of parameter length_scale is close to the specified lower bound 1e-05. Decreasing the bound and calling fit again may find a better value.
  ConvergenceWarning,
/home/rstric2s/psi4conda/envs/py37/lib/python3.7/site-packages/sklearn/gaussian_process/kernels.py:427: ConvergenceWarning: The optimal value found for dimension 0 of parameter length_scale is close to the specified lower bound 1e-05. Decreasing the bound and calling fit again may find a better value.
  ConvergenceWarning,
/home/rstric2s/psi4conda/envs/py37/lib/python3.7/site-packages/sklearn/gaussian_process/_gpr.py:610: ConvergenceWarning: lbfgs failed to converge (status=2):
ABNORMAL_TERMINATION_IN_LNSRCH.

Increase the number of iterations (max_iter) or scale the data as shown in:
    https://scikit-learn.org/stable/modules/preprocessing.html
  _check_optimize_result("lbfgs", opt_res)
/home/rstric2s/psi4conda/envs/py37/lib/python3.7/site-packages/sklearn/gaussian_process/kernels.py:427: ConvergenceWarning: The optimal value found for dimension 0 of parameter length_scale is close to the specified lower bound 1e-05. Decreasing the bound and calling fit again may find a better value.
  ConvergenceWarning,
/home/rstric2s/psi4conda/envs/py37/lib/python3.7/site-packages/sklearn/gaussian_process/kernels.py:427: ConvergenceWarning: The optimal value found for dimension 0 of parameter periodicity is close to the specified lower bound 1e-05. Decreasing the bound and calling fit again may find a better value.
  ConvergenceWarning,
/home/rstric2s/psi4conda/envs/py37/lib/python3.7/site-packages/sklearn/gaussian_process/kernels.py:427: ConvergenceWarning: The optimal value found for dimension 0 of parameter length_scale is close to the specified lower bound 1e-05. Decreasing the bound and calling fit again may find a better value.
  ConvergenceWarning,
/home/rstric2s/psi4conda/envs/py37/lib/python3.7/site-packages/sklearn/gaussian_process/kernels.py:427: ConvergenceWarning: The optimal value found for dimension 0 of parameter length_scale is close to the specified lower bound 1e-05. Decreasing the bound and calling fit again may find a better value.
  ConvergenceWarning,
/home/rstric2s/psi4conda/envs/py37/lib/python3.7/site-packages/sklearn/gaussian_process/kernels.py:427: ConvergenceWarning: The optimal value found for dimension 0 of parameter periodicity is close to the specified lower bound 1e-05. Decreasing the bound and calling fit again may find a better value.
  ConvergenceWarning,
/home/rstric2s/psi4conda/envs/py37/lib/python3.7/site-packages/sklearn/gaussian_process/_gpr.py:610: ConvergenceWarning: lbfgs failed to converge (status=2):
ABNORMAL_TERMINATION_IN_LNSRCH.

Increase the number of iterations (max_iter) or scale the data as shown in:
    https://scikit-learn.org/stable/modules/preprocessing.html
  _check_optimize_result("lbfgs", opt_res)
/home/rstric2s/psi4conda/envs/py37/lib/python3.7/site-packages/sklearn/gaussian_process/_gpr.py:610: ConvergenceWarning: lbfgs failed to converge (status=2):
ABNORMAL_TERMINATION_IN_LNSRCH.

Increase the number of iterations (max_iter) or scale the data as shown in:
    https://scikit-learn.org/stable/modules/preprocessing.html
  _check_optimize_result("lbfgs", opt_res)
/home/rstric2s/psi4conda/envs/py37/lib/python3.7/site-packages/sklearn/gaussian_process/kernels.py:427: ConvergenceWarning: The optimal value found for dimension 0 of parameter length_scale is close to the specified lower bound 1e-05. Decreasing the bound and calling fit again may find a better value.
  ConvergenceWarning,
/home/rstric2s/psi4conda/envs/py37/lib/python3.7/site-packages/sklearn/gaussian_process/kernels.py:427: ConvergenceWarning: The optimal value found for dimension 0 of parameter periodicity is close to the specified lower bound 1e-05. Decreasing the bound and calling fit again may find a better value.
  ConvergenceWarning,
/home/rstric2s/psi4conda/envs/py37/lib/python3.7/site-packages/sklearn/gaussian_process/kernels.py:427: ConvergenceWarning: The optimal value found for dimension 0 of parameter periodicity is close to the specified lower bound 1e-05. Decreasing the bound and calling fit again may find a better value.
  ConvergenceWarning,
/home/rstric2s/psi4conda/envs/py37/lib/python3.7/site-packages/sklearn/gaussian_process/_gpr.py:610: ConvergenceWarning: lbfgs failed to converge (status=2):
ABNORMAL_TERMINATION_IN_LNSRCH.

Increase the number of iterations (max_iter) or scale the data as shown in:
    https://scikit-learn.org/stable/modules/preprocessing.html
  _check_optimize_result("lbfgs", opt_res)
/home/rstric2s/psi4conda/envs/py37/lib/python3.7/site-packages/sklearn/gaussian_process/kernels.py:427: ConvergenceWarning: The optimal value found for dimension 0 of parameter length_scale is close to the specified lower bound 1e-05. Decreasing the bound and calling fit again may find a better value.
  ConvergenceWarning,
/home/rstric2s/psi4conda/envs/py37/lib/python3.7/site-packages/sklearn/gaussian_process/kernels.py:427: ConvergenceWarning: The optimal value found for dimension 0 of parameter periodicity is close to the specified lower bound 1e-05. Decreasing the bound and calling fit again may find a better value.
  ConvergenceWarning,
/home/rstric2s/psi4conda/envs/py37/lib/python3.7/site-packages/sklearn/gaussian_process/kernels.py:427: ConvergenceWarning: The optimal value found for dimension 0 of parameter length_scale is close to the specified lower bound 1e-05. Decreasing the bound and calling fit again may find a better value.
  ConvergenceWarning,
/home/rstric2s/psi4conda/envs/py37/lib/python3.7/site-packages/sklearn/gaussian_process/kernels.py:427: ConvergenceWarning: The optimal value found for dimension 0 of parameter periodicity is close to the specified lower bound 1e-05. Decreasing the bound and calling fit again may find a better value.
  ConvergenceWarning,
/home/rstric2s/psi4conda/envs/py37/lib/python3.7/site-packages/sklearn/gaussian_process/_gpr.py:610: ConvergenceWarning: lbfgs failed to converge (status=2):
ABNORMAL_TERMINATION_IN_LNSRCH.

Increase the number of iterations (max_iter) or scale the data as shown in:
    https://scikit-learn.org/stable/modules/preprocessing.html
  _check_optimize_result("lbfgs", opt_res)
/home/rstric2s/psi4conda/envs/py37/lib/python3.7/site-packages/sklearn/gaussian_process/_gpr.py:610: ConvergenceWarning: lbfgs failed to converge (status=2):
ABNORMAL_TERMINATION_IN_LNSRCH.

Increase the number of iterations (max_iter) or scale the data as shown in:
    https://scikit-learn.org/stable/modules/preprocessing.html
  _check_optimize_result("lbfgs", opt_res)
/home/rstric2s/psi4conda/envs/py37/lib/python3.7/site-packages/sklearn/gaussian_process/kernels.py:427: ConvergenceWarning: The optimal value found for dimension 0 of parameter periodicity is close to the specified lower bound 1e-05. Decreasing the bound and calling fit again may find a better value.
  ConvergenceWarning,
/home/rstric2s/psi4conda/envs/py37/lib/python3.7/site-packages/sklearn/gaussian_process/_gpr.py:610: ConvergenceWarning: lbfgs failed to converge (status=2):
ABNORMAL_TERMINATION_IN_LNSRCH.

Increase the number of iterations (max_iter) or scale the data as shown in:
    https://scikit-learn.org/stable/modules/preprocessing.html
  _check_optimize_result("lbfgs", opt_res)
/home/rstric2s/psi4conda/envs/py37/lib/python3.7/site-packages/sklearn/gaussian_process/kernels.py:427: ConvergenceWarning: The optimal value found for dimension 0 of parameter length_scale is close to the specified lower bound 1e-05. Decreasing the bound and calling fit again may find a better value.
  ConvergenceWarning,
/home/rstric2s/psi4conda/envs/py37/lib/python3.7/site-packages/sklearn/gaussian_process/kernels.py:427: ConvergenceWarning: The optimal value found for dimension 0 of parameter periodicity is close to the specified lower bound 1e-05. Decreasing the bound and calling fit again may find a better value.
  ConvergenceWarning,
/home/rstric2s/psi4conda/envs/py37/lib/python3.7/site-packages/sklearn/gaussian_process/kernels.py:427: ConvergenceWarning: The optimal value found for dimension 0 of parameter periodicity is close to the specified lower bound 1e-05. Decreasing the bound and calling fit again may find a better value.
  ConvergenceWarning,
/home/rstric2s/psi4conda/envs/py37/lib/python3.7/site-packages/sklearn/gaussian_process/kernels.py:427: ConvergenceWarning: The optimal value found for dimension 0 of parameter length_scale is close to the specified lower bound 1e-05. Decreasing the bound and calling fit again may find a better value.
  ConvergenceWarning,
/home/rstric2s/psi4conda/envs/py37/lib/python3.7/site-packages/sklearn/gaussian_process/_gpr.py:610: ConvergenceWarning: lbfgs failed to converge (status=2):
ABNORMAL_TERMINATION_IN_LNSRCH.

Increase the number of iterations (max_iter) or scale the data as shown in:
    https://scikit-learn.org/stable/modules/preprocessing.html
  _check_optimize_result("lbfgs", opt_res)
/home/rstric2s/psi4conda/envs/py37/lib/python3.7/site-packages/sklearn/gaussian_process/kernels.py:427: ConvergenceWarning: The optimal value found for dimension 0 of parameter length_scale is close to the specified lower bound 1e-05. Decreasing the bound and calling fit again may find a better value.
  ConvergenceWarning,
/home/rstric2s/psi4conda/envs/py37/lib/python3.7/site-packages/sklearn/gaussian_process/kernels.py:427: ConvergenceWarning: The optimal value found for dimension 0 of parameter periodicity is close to the specified lower bound 1e-05. Decreasing the bound and calling fit again may find a better value.
  ConvergenceWarning,
/home/rstric2s/psi4conda/envs/py37/lib/python3.7/site-packages/sklearn/gaussian_process/kernels.py:427: ConvergenceWarning: The optimal value found for dimension 0 of parameter length_scale is close to the specified lower bound 1e-05. Decreasing the bound and calling fit again may find a better value.
  ConvergenceWarning,
/home/rstric2s/psi4conda/envs/py37/lib/python3.7/site-packages/sklearn/gaussian_process/kernels.py:427: ConvergenceWarning: The optimal value found for dimension 0 of parameter periodicity is close to the specified lower bound 1e-05. Decreasing the bound and calling fit again may find a better value.
  ConvergenceWarning,
/home/rstric2s/psi4conda/envs/py37/lib/python3.7/site-packages/sklearn/gaussian_process/_gpr.py:610: ConvergenceWarning: lbfgs failed to converge (status=2):
ABNORMAL_TERMINATION_IN_LNSRCH.

Increase the number of iterations (max_iter) or scale the data as shown in:
    https://scikit-learn.org/stable/modules/preprocessing.html
  _check_optimize_result("lbfgs", opt_res)
/home/rstric2s/psi4conda/envs/py37/lib/python3.7/site-packages/sklearn/gaussian_process/kernels.py:427: ConvergenceWarning: The optimal value found for dimension 0 of parameter length_scale is close to the specified lower bound 1e-05. Decreasing the bound and calling fit again may find a better value.
  ConvergenceWarning,
/home/rstric2s/psi4conda/envs/py37/lib/python3.7/site-packages/sklearn/gaussian_process/kernels.py:427: ConvergenceWarning: The optimal value found for dimension 0 of parameter periodicity is close to the specified lower bound 1e-05. Decreasing the bound and calling fit again may find a better value.
  ConvergenceWarning,
/home/rstric2s/psi4conda/envs/py37/lib/python3.7/site-packages/sklearn/gaussian_process/_gpr.py:610: ConvergenceWarning: lbfgs failed to converge (status=2):
ABNORMAL_TERMINATION_IN_LNSRCH.

Increase the number of iterations (max_iter) or scale the data as shown in:
    https://scikit-learn.org/stable/modules/preprocessing.html
  _check_optimize_result("lbfgs", opt_res)
/home/rstric2s/psi4conda/envs/py37/lib/python3.7/site-packages/sklearn/gaussian_process/kernels.py:427: ConvergenceWarning: The optimal value found for dimension 0 of parameter length_scale is close to the specified lower bound 1e-05. Decreasing the bound and calling fit again may find a better value.
  ConvergenceWarning,
/home/rstric2s/psi4conda/envs/py37/lib/python3.7/site-packages/sklearn/gaussian_process/kernels.py:427: ConvergenceWarning: The optimal value found for dimension 0 of parameter periodicity is close to the specified lower bound 1e-05. Decreasing the bound and calling fit again may find a better value.
  ConvergenceWarning,
/home/rstric2s/psi4conda/envs/py37/lib/python3.7/site-packages/sklearn/gaussian_process/_gpr.py:610: ConvergenceWarning: lbfgs failed to converge (status=2):
ABNORMAL_TERMINATION_IN_LNSRCH.

Increase the number of iterations (max_iter) or scale the data as shown in:
    https://scikit-learn.org/stable/modules/preprocessing.html
  _check_optimize_result("lbfgs", opt_res)
/home/rstric2s/psi4conda/envs/py37/lib/python3.7/site-packages/sklearn/gaussian_process/kernels.py:427: ConvergenceWarning: The optimal value found for dimension 0 of parameter length_scale is close to the specified lower bound 1e-05. Decreasing the bound and calling fit again may find a better value.
  ConvergenceWarning,
/home/rstric2s/psi4conda/envs/py37/lib/python3.7/site-packages/sklearn/gaussian_process/kernels.py:427: ConvergenceWarning: The optimal value found for dimension 0 of parameter length_scale is close to the specified lower bound 1e-05. Decreasing the bound and calling fit again may find a better value.
  ConvergenceWarning,
/home/rstric2s/psi4conda/envs/py37/lib/python3.7/site-packages/sklearn/gaussian_process/kernels.py:427: ConvergenceWarning: The optimal value found for dimension 0 of parameter length_scale is close to the specified lower bound 1e-05. Decreasing the bound and calling fit again may find a better value.
  ConvergenceWarning,
/home/rstric2s/psi4conda/envs/py37/lib/python3.7/site-packages/sklearn/gaussian_process/kernels.py:427: ConvergenceWarning: The optimal value found for dimension 0 of parameter length_scale is close to the specified lower bound 1e-05. Decreasing the bound and calling fit again may find a better value.
  ConvergenceWarning,
/home/rstric2s/psi4conda/envs/py37/lib/python3.7/site-packages/sklearn/gaussian_process/kernels.py:427: ConvergenceWarning: The optimal value found for dimension 0 of parameter length_scale is close to the specified lower bound 1e-05. Decreasing the bound and calling fit again may find a better value.
  ConvergenceWarning,
/home/rstric2s/psi4conda/envs/py37/lib/python3.7/site-packages/sklearn/gaussian_process/kernels.py:427: ConvergenceWarning: The optimal value found for dimension 0 of parameter periodicity is close to the specified lower bound 1e-05. Decreasing the bound and calling fit again may find a better value.
  ConvergenceWarning,
/home/rstric2s/psi4conda/envs/py37/lib/python3.7/site-packages/sklearn/gaussian_process/kernels.py:427: ConvergenceWarning: The optimal value found for dimension 0 of parameter length_scale is close to the specified lower bound 1e-05. Decreasing the bound and calling fit again may find a better value.
  ConvergenceWarning,
/home/rstric2s/psi4conda/envs/py37/lib/python3.7/site-packages/sklearn/gaussian_process/kernels.py:427: ConvergenceWarning: The optimal value found for dimension 0 of parameter periodicity is close to the specified lower bound 1e-05. Decreasing the bound and calling fit again may find a better value.
  ConvergenceWarning,
/home/rstric2s/psi4conda/envs/py37/lib/python3.7/site-packages/sklearn/gaussian_process/kernels.py:427: ConvergenceWarning: The optimal value found for dimension 0 of parameter periodicity is close to the specified lower bound 1e-05. Decreasing the bound and calling fit again may find a better value.
  ConvergenceWarning,
/home/rstric2s/psi4conda/envs/py37/lib/python3.7/site-packages/sklearn/gaussian_process/kernels.py:427: ConvergenceWarning: The optimal value found for dimension 0 of parameter length_scale is close to the specified lower bound 1e-05. Decreasing the bound and calling fit again may find a better value.
  ConvergenceWarning,
/home/rstric2s/psi4conda/envs/py37/lib/python3.7/site-packages/sklearn/gaussian_process/kernels.py:427: ConvergenceWarning: The optimal value found for dimension 0 of parameter length_scale is close to the specified lower bound 1e-05. Decreasing the bound and calling fit again may find a better value.
  ConvergenceWarning,
/home/rstric2s/psi4conda/envs/py37/lib/python3.7/site-packages/sklearn/gaussian_process/kernels.py:427: ConvergenceWarning: The optimal value found for dimension 0 of parameter length_scale is close to the specified lower bound 1e-05. Decreasing the bound and calling fit again may find a better value.
  ConvergenceWarning,
/home/rstric2s/psi4conda/envs/py37/lib/python3.7/site-packages/sklearn/gaussian_process/_gpr.py:610: ConvergenceWarning: lbfgs failed to converge (status=2):
ABNORMAL_TERMINATION_IN_LNSRCH.

Increase the number of iterations (max_iter) or scale the data as shown in:
    https://scikit-learn.org/stable/modules/preprocessing.html
  _check_optimize_result("lbfgs", opt_res)
/home/rstric2s/psi4conda/envs/py37/lib/python3.7/site-packages/sklearn/gaussian_process/_gpr.py:610: ConvergenceWarning: lbfgs failed to converge (status=2):
ABNORMAL_TERMINATION_IN_LNSRCH.

Increase the number of iterations (max_iter) or scale the data as shown in:
    https://scikit-learn.org/stable/modules/preprocessing.html
  _check_optimize_result("lbfgs", opt_res)
/home/rstric2s/psi4conda/envs/py37/lib/python3.7/site-packages/sklearn/gaussian_process/kernels.py:427: ConvergenceWarning: The optimal value found for dimension 0 of parameter length_scale is close to the specified lower bound 1e-05. Decreasing the bound and calling fit again may find a better value.
  ConvergenceWarning,
/home/rstric2s/psi4conda/envs/py37/lib/python3.7/site-packages/sklearn/gaussian_process/kernels.py:427: ConvergenceWarning: The optimal value found for dimension 0 of parameter periodicity is close to the specified lower bound 1e-05. Decreasing the bound and calling fit again may find a better value.
  ConvergenceWarning,
/home/rstric2s/psi4conda/envs/py37/lib/python3.7/site-packages/sklearn/gaussian_process/kernels.py:427: ConvergenceWarning: The optimal value found for dimension 0 of parameter periodicity is close to the specified lower bound 1e-05. Decreasing the bound and calling fit again may find a better value.
  ConvergenceWarning,
/home/rstric2s/psi4conda/envs/py37/lib/python3.7/site-packages/sklearn/gaussian_process/kernels.py:427: ConvergenceWarning: The optimal value found for dimension 0 of parameter length_scale is close to the specified lower bound 1e-05. Decreasing the bound and calling fit again may find a better value.
  ConvergenceWarning,
/home/rstric2s/psi4conda/envs/py37/lib/python3.7/site-packages/sklearn/gaussian_process/kernels.py:427: ConvergenceWarning: The optimal value found for dimension 0 of parameter periodicity is close to the specified lower bound 1e-05. Decreasing the bound and calling fit again may find a better value.
  ConvergenceWarning,
/home/rstric2s/psi4conda/envs/py37/lib/python3.7/site-packages/sklearn/gaussian_process/kernels.py:427: ConvergenceWarning: The optimal value found for dimension 0 of parameter length_scale is close to the specified lower bound 1e-05. Decreasing the bound and calling fit again may find a better value.
  ConvergenceWarning,
/home/rstric2s/psi4conda/envs/py37/lib/python3.7/site-packages/sklearn/gaussian_process/kernels.py:427: ConvergenceWarning: The optimal value found for dimension 0 of parameter length_scale is close to the specified lower bound 1e-05. Decreasing the bound and calling fit again may find a better value.
  ConvergenceWarning,
/home/rstric2s/psi4conda/envs/py37/lib/python3.7/site-packages/sklearn/gaussian_process/kernels.py:427: ConvergenceWarning: The optimal value found for dimension 0 of parameter length_scale is close to the specified lower bound 1e-05. Decreasing the bound and calling fit again may find a better value.
  ConvergenceWarning,
/home/rstric2s/psi4conda/envs/py37/lib/python3.7/site-packages/sklearn/gaussian_process/kernels.py:427: ConvergenceWarning: The optimal value found for dimension 0 of parameter length_scale is close to the specified lower bound 1e-05. Decreasing the bound and calling fit again may find a better value.
  ConvergenceWarning,
/home/rstric2s/psi4conda/envs/py37/lib/python3.7/site-packages/sklearn/gaussian_process/kernels.py:427: ConvergenceWarning: The optimal value found for dimension 0 of parameter periodicity is close to the specified lower bound 1e-05. Decreasing the bound and calling fit again may find a better value.
  ConvergenceWarning,
/home/rstric2s/psi4conda/envs/py37/lib/python3.7/site-packages/sklearn/gaussian_process/kernels.py:427: ConvergenceWarning: The optimal value found for dimension 0 of parameter length_scale is close to the specified lower bound 1e-05. Decreasing the bound and calling fit again may find a better value.
  ConvergenceWarning,
/home/rstric2s/psi4conda/envs/py37/lib/python3.7/site-packages/sklearn/gaussian_process/kernels.py:427: ConvergenceWarning: The optimal value found for dimension 0 of parameter length_scale is close to the specified lower bound 1e-05. Decreasing the bound and calling fit again may find a better value.
  ConvergenceWarning,
/home/rstric2s/psi4conda/envs/py37/lib/python3.7/site-packages/sklearn/gaussian_process/kernels.py:427: ConvergenceWarning: The optimal value found for dimension 0 of parameter length_scale is close to the specified lower bound 1e-05. Decreasing the bound and calling fit again may find a better value.
  ConvergenceWarning,
/home/rstric2s/psi4conda/envs/py37/lib/python3.7/site-packages/sklearn/gaussian_process/kernels.py:427: ConvergenceWarning: The optimal value found for dimension 0 of parameter periodicity is close to the specified lower bound 1e-05. Decreasing the bound and calling fit again may find a better value.
  ConvergenceWarning,
/home/rstric2s/psi4conda/envs/py37/lib/python3.7/site-packages/sklearn/gaussian_process/_gpr.py:610: ConvergenceWarning: lbfgs failed to converge (status=2):
ABNORMAL_TERMINATION_IN_LNSRCH.

Increase the number of iterations (max_iter) or scale the data as shown in:
    https://scikit-learn.org/stable/modules/preprocessing.html
  _check_optimize_result("lbfgs", opt_res)
/home/rstric2s/psi4conda/envs/py37/lib/python3.7/site-packages/sklearn/gaussian_process/kernels.py:427: ConvergenceWarning: The optimal value found for dimension 0 of parameter length_scale is close to the specified lower bound 1e-05. Decreasing the bound and calling fit again may find a better value.
  ConvergenceWarning,
/home/rstric2s/psi4conda/envs/py37/lib/python3.7/site-packages/sklearn/gaussian_process/kernels.py:427: ConvergenceWarning: The optimal value found for dimension 0 of parameter periodicity is close to the specified lower bound 1e-05. Decreasing the bound and calling fit again may find a better value.
  ConvergenceWarning,
/home/rstric2s/psi4conda/envs/py37/lib/python3.7/site-packages/sklearn/gaussian_process/_gpr.py:610: ConvergenceWarning: lbfgs failed to converge (status=2):
ABNORMAL_TERMINATION_IN_LNSRCH.

Increase the number of iterations (max_iter) or scale the data as shown in:
    https://scikit-learn.org/stable/modules/preprocessing.html
  _check_optimize_result("lbfgs", opt_res)
/home/rstric2s/psi4conda/envs/py37/lib/python3.7/site-packages/sklearn/gaussian_process/_gpr.py:610: ConvergenceWarning: lbfgs failed to converge (status=2):
ABNORMAL_TERMINATION_IN_LNSRCH.

Increase the number of iterations (max_iter) or scale the data as shown in:
    https://scikit-learn.org/stable/modules/preprocessing.html
  _check_optimize_result("lbfgs", opt_res)
/home/rstric2s/psi4conda/envs/py37/lib/python3.7/site-packages/sklearn/gaussian_process/_gpr.py:610: ConvergenceWarning: lbfgs failed to converge (status=2):
ABNORMAL_TERMINATION_IN_LNSRCH.

Increase the number of iterations (max_iter) or scale the data as shown in:
    https://scikit-learn.org/stable/modules/preprocessing.html
  _check_optimize_result("lbfgs", opt_res)
/home/rstric2s/psi4conda/envs/py37/lib/python3.7/site-packages/sklearn/gaussian_process/_gpr.py:610: ConvergenceWarning: lbfgs failed to converge (status=2):
ABNORMAL_TERMINATION_IN_LNSRCH.

Increase the number of iterations (max_iter) or scale the data as shown in:
    https://scikit-learn.org/stable/modules/preprocessing.html
  _check_optimize_result("lbfgs", opt_res)
/home/rstric2s/psi4conda/envs/py37/lib/python3.7/site-packages/sklearn/gaussian_process/_gpr.py:610: ConvergenceWarning: lbfgs failed to converge (status=2):
ABNORMAL_TERMINATION_IN_LNSRCH.

Increase the number of iterations (max_iter) or scale the data as shown in:
    https://scikit-learn.org/stable/modules/preprocessing.html
  _check_optimize_result("lbfgs", opt_res)
/home/rstric2s/psi4conda/envs/py37/lib/python3.7/site-packages/sklearn/gaussian_process/kernels.py:427: ConvergenceWarning: The optimal value found for dimension 0 of parameter length_scale is close to the specified lower bound 1e-05. Decreasing the bound and calling fit again may find a better value.
  ConvergenceWarning,
/home/rstric2s/psi4conda/envs/py37/lib/python3.7/site-packages/sklearn/gaussian_process/kernels.py:427: ConvergenceWarning: The optimal value found for dimension 0 of parameter periodicity is close to the specified lower bound 1e-05. Decreasing the bound and calling fit again may find a better value.
  ConvergenceWarning,
/home/rstric2s/psi4conda/envs/py37/lib/python3.7/site-packages/sklearn/gaussian_process/_gpr.py:610: ConvergenceWarning: lbfgs failed to converge (status=2):
ABNORMAL_TERMINATION_IN_LNSRCH.

Increase the number of iterations (max_iter) or scale the data as shown in:
    https://scikit-learn.org/stable/modules/preprocessing.html
  _check_optimize_result("lbfgs", opt_res)
/home/rstric2s/psi4conda/envs/py37/lib/python3.7/site-packages/sklearn/gaussian_process/kernels.py:427: ConvergenceWarning: The optimal value found for dimension 0 of parameter length_scale is close to the specified lower bound 1e-05. Decreasing the bound and calling fit again may find a better value.
  ConvergenceWarning,
/home/rstric2s/psi4conda/envs/py37/lib/python3.7/site-packages/sklearn/gaussian_process/kernels.py:427: ConvergenceWarning: The optimal value found for dimension 0 of parameter periodicity is close to the specified lower bound 1e-05. Decreasing the bound and calling fit again may find a better value.
  ConvergenceWarning,
/home/rstric2s/psi4conda/envs/py37/lib/python3.7/site-packages/sklearn/gaussian_process/kernels.py:427: ConvergenceWarning: The optimal value found for dimension 0 of parameter periodicity is close to the specified lower bound 1e-05. Decreasing the bound and calling fit again may find a better value.
  ConvergenceWarning,
/home/rstric2s/psi4conda/envs/py37/lib/python3.7/site-packages/sklearn/gaussian_process/kernels.py:427: ConvergenceWarning: The optimal value found for dimension 0 of parameter length_scale is close to the specified lower bound 1e-05. Decreasing the bound and calling fit again may find a better value.
  ConvergenceWarning,
/home/rstric2s/psi4conda/envs/py37/lib/python3.7/site-packages/sklearn/gaussian_process/kernels.py:427: ConvergenceWarning: The optimal value found for dimension 0 of parameter length_scale is close to the specified lower bound 1e-05. Decreasing the bound and calling fit again may find a better value.
  ConvergenceWarning,
/home/rstric2s/psi4conda/envs/py37/lib/python3.7/site-packages/sklearn/gaussian_process/kernels.py:427: ConvergenceWarning: The optimal value found for dimension 0 of parameter length_scale is close to the specified lower bound 1e-05. Decreasing the bound and calling fit again may find a better value.
  ConvergenceWarning,
/home/rstric2s/psi4conda/envs/py37/lib/python3.7/site-packages/sklearn/gaussian_process/kernels.py:427: ConvergenceWarning: The optimal value found for dimension 0 of parameter length_scale is close to the specified lower bound 1e-05. Decreasing the bound and calling fit again may find a better value.
  ConvergenceWarning,
/home/rstric2s/psi4conda/envs/py37/lib/python3.7/site-packages/sklearn/gaussian_process/_gpr.py:610: ConvergenceWarning: lbfgs failed to converge (status=2):
ABNORMAL_TERMINATION_IN_LNSRCH.

Increase the number of iterations (max_iter) or scale the data as shown in:
    https://scikit-learn.org/stable/modules/preprocessing.html
  _check_optimize_result("lbfgs", opt_res)
/home/rstric2s/psi4conda/envs/py37/lib/python3.7/site-packages/sklearn/gaussian_process/kernels.py:427: ConvergenceWarning: The optimal value found for dimension 0 of parameter length_scale is close to the specified lower bound 1e-05. Decreasing the bound and calling fit again may find a better value.
  ConvergenceWarning,
/home/rstric2s/psi4conda/envs/py37/lib/python3.7/site-packages/sklearn/gaussian_process/kernels.py:427: ConvergenceWarning: The optimal value found for dimension 0 of parameter periodicity is close to the specified lower bound 1e-05. Decreasing the bound and calling fit again may find a better value.
  ConvergenceWarning,
/home/rstric2s/psi4conda/envs/py37/lib/python3.7/site-packages/sklearn/gaussian_process/kernels.py:427: ConvergenceWarning: The optimal value found for dimension 0 of parameter periodicity is close to the specified lower bound 1e-05. Decreasing the bound and calling fit again may find a better value.
  ConvergenceWarning,
/home/rstric2s/psi4conda/envs/py37/lib/python3.7/site-packages/sklearn/gaussian_process/kernels.py:427: ConvergenceWarning: The optimal value found for dimension 0 of parameter length_scale is close to the specified lower bound 1e-05. Decreasing the bound and calling fit again may find a better value.
  ConvergenceWarning,
/home/rstric2s/psi4conda/envs/py37/lib/python3.7/site-packages/sklearn/gaussian_process/kernels.py:427: ConvergenceWarning: The optimal value found for dimension 0 of parameter length_scale is close to the specified lower bound 1e-05. Decreasing the bound and calling fit again may find a better value.
  ConvergenceWarning,
/home/rstric2s/psi4conda/envs/py37/lib/python3.7/site-packages/sklearn/gaussian_process/kernels.py:427: ConvergenceWarning: The optimal value found for dimension 0 of parameter length_scale is close to the specified lower bound 1e-05. Decreasing the bound and calling fit again may find a better value.
  ConvergenceWarning,
/home/rstric2s/psi4conda/envs/py37/lib/python3.7/site-packages/sklearn/gaussian_process/kernels.py:427: ConvergenceWarning: The optimal value found for dimension 0 of parameter length_scale is close to the specified lower bound 1e-05. Decreasing the bound and calling fit again may find a better value.
  ConvergenceWarning,
/home/rstric2s/psi4conda/envs/py37/lib/python3.7/site-packages/sklearn/gaussian_process/kernels.py:427: ConvergenceWarning: The optimal value found for dimension 0 of parameter length_scale is close to the specified lower bound 1e-05. Decreasing the bound and calling fit again may find a better value.
  ConvergenceWarning,
/home/rstric2s/psi4conda/envs/py37/lib/python3.7/site-packages/sklearn/gaussian_process/kernels.py:427: ConvergenceWarning: The optimal value found for dimension 0 of parameter length_scale is close to the specified lower bound 1e-05. Decreasing the bound and calling fit again may find a better value.
  ConvergenceWarning,
/home/rstric2s/psi4conda/envs/py37/lib/python3.7/site-packages/sklearn/gaussian_process/kernels.py:427: ConvergenceWarning: The optimal value found for dimension 0 of parameter length_scale is close to the specified lower bound 1e-05. Decreasing the bound and calling fit again may find a better value.
  ConvergenceWarning,
/home/rstric2s/psi4conda/envs/py37/lib/python3.7/site-packages/sklearn/gaussian_process/_gpr.py:610: ConvergenceWarning: lbfgs failed to converge (status=2):
ABNORMAL_TERMINATION_IN_LNSRCH.

Increase the number of iterations (max_iter) or scale the data as shown in:
    https://scikit-learn.org/stable/modules/preprocessing.html
  _check_optimize_result("lbfgs", opt_res)
/home/rstric2s/psi4conda/envs/py37/lib/python3.7/site-packages/sklearn/gaussian_process/kernels.py:427: ConvergenceWarning: The optimal value found for dimension 0 of parameter length_scale is close to the specified lower bound 1e-05. Decreasing the bound and calling fit again may find a better value.
  ConvergenceWarning,
/home/rstric2s/psi4conda/envs/py37/lib/python3.7/site-packages/sklearn/gaussian_process/_gpr.py:610: ConvergenceWarning: lbfgs failed to converge (status=2):
ABNORMAL_TERMINATION_IN_LNSRCH.

Increase the number of iterations (max_iter) or scale the data as shown in:
    https://scikit-learn.org/stable/modules/preprocessing.html
  _check_optimize_result("lbfgs", opt_res)
/home/rstric2s/psi4conda/envs/py37/lib/python3.7/site-packages/sklearn/gaussian_process/kernels.py:427: ConvergenceWarning: The optimal value found for dimension 0 of parameter periodicity is close to the specified lower bound 1e-05. Decreasing the bound and calling fit again may find a better value.
  ConvergenceWarning,
/home/rstric2s/psi4conda/envs/py37/lib/python3.7/site-packages/sklearn/gaussian_process/kernels.py:427: ConvergenceWarning: The optimal value found for dimension 0 of parameter length_scale is close to the specified lower bound 1e-05. Decreasing the bound and calling fit again may find a better value.
  ConvergenceWarning,
/home/rstric2s/psi4conda/envs/py37/lib/python3.7/site-packages/sklearn/gaussian_process/kernels.py:427: ConvergenceWarning: The optimal value found for dimension 0 of parameter length_scale is close to the specified lower bound 1e-05. Decreasing the bound and calling fit again may find a better value.
  ConvergenceWarning,
/home/rstric2s/psi4conda/envs/py37/lib/python3.7/site-packages/sklearn/gaussian_process/_gpr.py:610: ConvergenceWarning: lbfgs failed to converge (status=2):
ABNORMAL_TERMINATION_IN_LNSRCH.

Increase the number of iterations (max_iter) or scale the data as shown in:
    https://scikit-learn.org/stable/modules/preprocessing.html
  _check_optimize_result("lbfgs", opt_res)
/home/rstric2s/psi4conda/envs/py37/lib/python3.7/site-packages/sklearn/gaussian_process/kernels.py:427: ConvergenceWarning: The optimal value found for dimension 0 of parameter length_scale is close to the specified lower bound 1e-05. Decreasing the bound and calling fit again may find a better value.
  ConvergenceWarning,
/home/rstric2s/psi4conda/envs/py37/lib/python3.7/site-packages/sklearn/gaussian_process/kernels.py:427: ConvergenceWarning: The optimal value found for dimension 0 of parameter length_scale is close to the specified lower bound 1e-05. Decreasing the bound and calling fit again may find a better value.
  ConvergenceWarning,
/home/rstric2s/psi4conda/envs/py37/lib/python3.7/site-packages/sklearn/gaussian_process/_gpr.py:610: ConvergenceWarning: lbfgs failed to converge (status=2):
ABNORMAL_TERMINATION_IN_LNSRCH.

Increase the number of iterations (max_iter) or scale the data as shown in:
    https://scikit-learn.org/stable/modules/preprocessing.html
  _check_optimize_result("lbfgs", opt_res)
/home/rstric2s/psi4conda/envs/py37/lib/python3.7/site-packages/sklearn/gaussian_process/kernels.py:427: ConvergenceWarning: The optimal value found for dimension 0 of parameter length_scale is close to the specified lower bound 1e-05. Decreasing the bound and calling fit again may find a better value.
  ConvergenceWarning,
/home/rstric2s/psi4conda/envs/py37/lib/python3.7/site-packages/sklearn/gaussian_process/kernels.py:427: ConvergenceWarning: The optimal value found for dimension 0 of parameter periodicity is close to the specified lower bound 1e-05. Decreasing the bound and calling fit again may find a better value.
  ConvergenceWarning,
/home/rstric2s/psi4conda/envs/py37/lib/python3.7/site-packages/sklearn/gaussian_process/kernels.py:427: ConvergenceWarning: The optimal value found for dimension 0 of parameter periodicity is close to the specified lower bound 1e-05. Decreasing the bound and calling fit again may find a better value.
  ConvergenceWarning,
/home/rstric2s/psi4conda/envs/py37/lib/python3.7/site-packages/sklearn/gaussian_process/_gpr.py:610: ConvergenceWarning: lbfgs failed to converge (status=2):
ABNORMAL_TERMINATION_IN_LNSRCH.

Increase the number of iterations (max_iter) or scale the data as shown in:
    https://scikit-learn.org/stable/modules/preprocessing.html
  _check_optimize_result("lbfgs", opt_res)
/home/rstric2s/psi4conda/envs/py37/lib/python3.7/site-packages/sklearn/gaussian_process/kernels.py:427: ConvergenceWarning: The optimal value found for dimension 0 of parameter periodicity is close to the specified lower bound 1e-05. Decreasing the bound and calling fit again may find a better value.
  ConvergenceWarning,
/home/rstric2s/psi4conda/envs/py37/lib/python3.7/site-packages/sklearn/gaussian_process/kernels.py:427: ConvergenceWarning: The optimal value found for dimension 0 of parameter length_scale is close to the specified lower bound 1e-05. Decreasing the bound and calling fit again may find a better value.
  ConvergenceWarning,
/home/rstric2s/psi4conda/envs/py37/lib/python3.7/site-packages/sklearn/gaussian_process/kernels.py:427: ConvergenceWarning: The optimal value found for dimension 0 of parameter length_scale is close to the specified lower bound 1e-05. Decreasing the bound and calling fit again may find a better value.
  ConvergenceWarning,
/home/rstric2s/psi4conda/envs/py37/lib/python3.7/site-packages/sklearn/gaussian_process/kernels.py:427: ConvergenceWarning: The optimal value found for dimension 0 of parameter length_scale is close to the specified lower bound 1e-05. Decreasing the bound and calling fit again may find a better value.
  ConvergenceWarning,
/home/rstric2s/psi4conda/envs/py37/lib/python3.7/site-packages/sklearn/gaussian_process/kernels.py:427: ConvergenceWarning: The optimal value found for dimension 0 of parameter periodicity is close to the specified lower bound 1e-05. Decreasing the bound and calling fit again may find a better value.
  ConvergenceWarning,
/home/rstric2s/psi4conda/envs/py37/lib/python3.7/site-packages/sklearn/gaussian_process/kernels.py:427: ConvergenceWarning: The optimal value found for dimension 0 of parameter length_scale is close to the specified lower bound 1e-05. Decreasing the bound and calling fit again may find a better value.
  ConvergenceWarning,
/home/rstric2s/psi4conda/envs/py37/lib/python3.7/site-packages/sklearn/gaussian_process/_gpr.py:610: ConvergenceWarning: lbfgs failed to converge (status=2):
ABNORMAL_TERMINATION_IN_LNSRCH.

Increase the number of iterations (max_iter) or scale the data as shown in:
    https://scikit-learn.org/stable/modules/preprocessing.html
  _check_optimize_result("lbfgs", opt_res)
/home/rstric2s/psi4conda/envs/py37/lib/python3.7/site-packages/sklearn/gaussian_process/kernels.py:427: ConvergenceWarning: The optimal value found for dimension 0 of parameter length_scale is close to the specified lower bound 1e-05. Decreasing the bound and calling fit again may find a better value.
  ConvergenceWarning,
/home/rstric2s/psi4conda/envs/py37/lib/python3.7/site-packages/sklearn/gaussian_process/kernels.py:427: ConvergenceWarning: The optimal value found for dimension 0 of parameter periodicity is close to the specified lower bound 1e-05. Decreasing the bound and calling fit again may find a better value.
  ConvergenceWarning,
/home/rstric2s/psi4conda/envs/py37/lib/python3.7/site-packages/sklearn/gaussian_process/_gpr.py:610: ConvergenceWarning: lbfgs failed to converge (status=2):
ABNORMAL_TERMINATION_IN_LNSRCH.

Increase the number of iterations (max_iter) or scale the data as shown in:
    https://scikit-learn.org/stable/modules/preprocessing.html
  _check_optimize_result("lbfgs", opt_res)
/home/rstric2s/psi4conda/envs/py37/lib/python3.7/site-packages/sklearn/gaussian_process/kernels.py:427: ConvergenceWarning: The optimal value found for dimension 0 of parameter length_scale is close to the specified lower bound 1e-05. Decreasing the bound and calling fit again may find a better value.
  ConvergenceWarning,
/home/rstric2s/psi4conda/envs/py37/lib/python3.7/site-packages/sklearn/gaussian_process/kernels.py:427: ConvergenceWarning: The optimal value found for dimension 0 of parameter periodicity is close to the specified lower bound 1e-05. Decreasing the bound and calling fit again may find a better value.
  ConvergenceWarning,
/home/rstric2s/psi4conda/envs/py37/lib/python3.7/site-packages/sklearn/gaussian_process/kernels.py:427: ConvergenceWarning: The optimal value found for dimension 0 of parameter periodicity is close to the specified lower bound 1e-05. Decreasing the bound and calling fit again may find a better value.
  ConvergenceWarning,
/home/rstric2s/psi4conda/envs/py37/lib/python3.7/site-packages/sklearn/gaussian_process/kernels.py:427: ConvergenceWarning: The optimal value found for dimension 0 of parameter length_scale is close to the specified lower bound 1e-05. Decreasing the bound and calling fit again may find a better value.
  ConvergenceWarning,
/home/rstric2s/psi4conda/envs/py37/lib/python3.7/site-packages/sklearn/gaussian_process/kernels.py:427: ConvergenceWarning: The optimal value found for dimension 0 of parameter periodicity is close to the specified lower bound 1e-05. Decreasing the bound and calling fit again may find a better value.
  ConvergenceWarning,
/home/rstric2s/psi4conda/envs/py37/lib/python3.7/site-packages/sklearn/gaussian_process/kernels.py:427: ConvergenceWarning: The optimal value found for dimension 0 of parameter length_scale is close to the specified lower bound 1e-05. Decreasing the bound and calling fit again may find a better value.
  ConvergenceWarning,
/home/rstric2s/psi4conda/envs/py37/lib/python3.7/site-packages/sklearn/gaussian_process/kernels.py:427: ConvergenceWarning: The optimal value found for dimension 0 of parameter periodicity is close to the specified lower bound 1e-05. Decreasing the bound and calling fit again may find a better value.
  ConvergenceWarning,
/home/rstric2s/psi4conda/envs/py37/lib/python3.7/site-packages/sklearn/gaussian_process/_gpr.py:610: ConvergenceWarning: lbfgs failed to converge (status=2):
ABNORMAL_TERMINATION_IN_LNSRCH.

Increase the number of iterations (max_iter) or scale the data as shown in:
    https://scikit-learn.org/stable/modules/preprocessing.html
  _check_optimize_result("lbfgs", opt_res)
/home/rstric2s/psi4conda/envs/py37/lib/python3.7/site-packages/sklearn/gaussian_process/_gpr.py:610: ConvergenceWarning: lbfgs failed to converge (status=2):
ABNORMAL_TERMINATION_IN_LNSRCH.

Increase the number of iterations (max_iter) or scale the data as shown in:
    https://scikit-learn.org/stable/modules/preprocessing.html
  _check_optimize_result("lbfgs", opt_res)
Training GPR Models with 0.7% of the dataset.

.
.
.
.
.
.
.
.
.
.
.
.
.
.
.
.
.
.
.
.
.
.
.
.
.
.
.
.
.
.
.
.
.
.
.
.
.
.
.
.
.
.
.
.
.
.
.
.
.
.


Training GPR Models with 0.30000000000000004% of the dataset.

.
.
.
.
.
.
.
.
.
.
.
.
.
.
.
.
.
.
.
.
.
.
.
.
.
.
.
.
.
.
.
.
.
.
.
.
.
.
.
.
.
.
.
.
.
.
.
.
.
.


Wrote statistics to file: 'Stats-5.csv'.
      ratio  rndint   dataset  ...        rmse      mape         r2
0       0.3   678.0  Grid1296  ...  317.397479  0.395351  -8.939229
1       0.3   678.0  Grid1296  ...   62.197662  0.056602   0.618325
2       0.3   678.0  Grid1296  ...   49.909919  0.057815   0.754235
3       0.3   678.0  Grid1296  ...  676.637060  0.993500 -44.170750
4       0.3   678.0  Grid2401  ...  451.995055  0.598201 -18.209005
...     ...     ...       ...  ...         ...       ...        ...
1595    0.7   634.0    Sobol1  ...   29.260111  0.025244   0.910017
1596    0.7   634.0    Sobol2  ...   26.843847  0.025477   0.923712
1597    0.7   634.0    Sobol2  ...   24.325965  0.023035   0.937352
1598    0.7   634.0    Sobol2  ...   29.708087  0.029935   0.906563
1599    0.7   634.0    Sobol1  ...   26.843846  0.025477   0.923712

[1600 rows x 11 columns]
