/home/rstric2s/psi4conda/envs/py37/lib/python3.7/site-packages/sklearn/gaussian_process/_gpr.py:610: ConvergenceWarning: lbfgs failed to converge (status=2):
ABNORMAL_TERMINATION_IN_LNSRCH.

Increase the number of iterations (max_iter) or scale the data as shown in:
    https://scikit-learn.org/stable/modules/preprocessing.html
  _check_optimize_result("lbfgs", opt_res)
/home/rstric2s/psi4conda/envs/py37/lib/python3.7/site-packages/sklearn/gaussian_process/kernels.py:427: ConvergenceWarning: The optimal value found for dimension 0 of parameter length_scale is close to the specified lower bound 1e-05. Decreasing the bound and calling fit again may find a better value.
  ConvergenceWarning,
/home/rstric2s/psi4conda/envs/py37/lib/python3.7/site-packages/sklearn/gaussian_process/kernels.py:427: ConvergenceWarning: The optimal value found for dimension 0 of parameter periodicity is close to the specified lower bound 1e-05. Decreasing the bound and calling fit again may find a better value.
  ConvergenceWarning,
/home/rstric2s/psi4conda/envs/py37/lib/python3.7/site-packages/sklearn/gaussian_process/kernels.py:427: ConvergenceWarning: The optimal value found for dimension 0 of parameter periodicity is close to the specified lower bound 1e-05. Decreasing the bound and calling fit again may find a better value.
  ConvergenceWarning,
/home/rstric2s/psi4conda/envs/py37/lib/python3.7/site-packages/sklearn/gaussian_process/_gpr.py:610: ConvergenceWarning: lbfgs failed to converge (status=2):
ABNORMAL_TERMINATION_IN_LNSRCH.

Increase the number of iterations (max_iter) or scale the data as shown in:
    https://scikit-learn.org/stable/modules/preprocessing.html
  _check_optimize_result("lbfgs", opt_res)
/home/rstric2s/psi4conda/envs/py37/lib/python3.7/site-packages/sklearn/gaussian_process/kernels.py:427: ConvergenceWarning: The optimal value found for dimension 0 of parameter length_scale is close to the specified lower bound 1e-05. Decreasing the bound and calling fit again may find a better value.
  ConvergenceWarning,
/home/rstric2s/psi4conda/envs/py37/lib/python3.7/site-packages/sklearn/gaussian_process/kernels.py:427: ConvergenceWarning: The optimal value found for dimension 0 of parameter periodicity is close to the specified lower bound 1e-05. Decreasing the bound and calling fit again may find a better value.
  ConvergenceWarning,
/home/rstric2s/psi4conda/envs/py37/lib/python3.7/site-packages/sklearn/gaussian_process/_gpr.py:610: ConvergenceWarning: lbfgs failed to converge (status=2):
ABNORMAL_TERMINATION_IN_LNSRCH.

Increase the number of iterations (max_iter) or scale the data as shown in:
    https://scikit-learn.org/stable/modules/preprocessing.html
  _check_optimize_result("lbfgs", opt_res)
/home/rstric2s/psi4conda/envs/py37/lib/python3.7/site-packages/sklearn/gaussian_process/kernels.py:427: ConvergenceWarning: The optimal value found for dimension 0 of parameter length_scale is close to the specified lower bound 1e-05. Decreasing the bound and calling fit again may find a better value.
  ConvergenceWarning,
/home/rstric2s/psi4conda/envs/py37/lib/python3.7/site-packages/sklearn/gaussian_process/kernels.py:427: ConvergenceWarning: The optimal value found for dimension 0 of parameter periodicity is close to the specified lower bound 1e-05. Decreasing the bound and calling fit again may find a better value.
  ConvergenceWarning,
/home/rstric2s/psi4conda/envs/py37/lib/python3.7/site-packages/sklearn/gaussian_process/kernels.py:427: ConvergenceWarning: The optimal value found for dimension 0 of parameter periodicity is close to the specified lower bound 1e-05. Decreasing the bound and calling fit again may find a better value.
  ConvergenceWarning,
/home/rstric2s/psi4conda/envs/py37/lib/python3.7/site-packages/sklearn/gaussian_process/_gpr.py:610: ConvergenceWarning: lbfgs failed to converge (status=2):
ABNORMAL_TERMINATION_IN_LNSRCH.

Increase the number of iterations (max_iter) or scale the data as shown in:
    https://scikit-learn.org/stable/modules/preprocessing.html
  _check_optimize_result("lbfgs", opt_res)
/home/rstric2s/psi4conda/envs/py37/lib/python3.7/site-packages/sklearn/gaussian_process/_gpr.py:610: ConvergenceWarning: lbfgs failed to converge (status=2):
ABNORMAL_TERMINATION_IN_LNSRCH.

Increase the number of iterations (max_iter) or scale the data as shown in:
    https://scikit-learn.org/stable/modules/preprocessing.html
  _check_optimize_result("lbfgs", opt_res)
/home/rstric2s/psi4conda/envs/py37/lib/python3.7/site-packages/sklearn/gaussian_process/_gpr.py:610: ConvergenceWarning: lbfgs failed to converge (status=2):
ABNORMAL_TERMINATION_IN_LNSRCH.

Increase the number of iterations (max_iter) or scale the data as shown in:
    https://scikit-learn.org/stable/modules/preprocessing.html
  _check_optimize_result("lbfgs", opt_res)
/home/rstric2s/psi4conda/envs/py37/lib/python3.7/site-packages/sklearn/gaussian_process/kernels.py:427: ConvergenceWarning: The optimal value found for dimension 0 of parameter length_scale is close to the specified lower bound 1e-05. Decreasing the bound and calling fit again may find a better value.
  ConvergenceWarning,
/home/rstric2s/psi4conda/envs/py37/lib/python3.7/site-packages/sklearn/gaussian_process/kernels.py:427: ConvergenceWarning: The optimal value found for dimension 0 of parameter length_scale is close to the specified lower bound 1e-05. Decreasing the bound and calling fit again may find a better value.
  ConvergenceWarning,
/home/rstric2s/psi4conda/envs/py37/lib/python3.7/site-packages/sklearn/gaussian_process/kernels.py:427: ConvergenceWarning: The optimal value found for dimension 0 of parameter length_scale is close to the specified lower bound 1e-05. Decreasing the bound and calling fit again may find a better value.
  ConvergenceWarning,
/home/rstric2s/psi4conda/envs/py37/lib/python3.7/site-packages/sklearn/gaussian_process/kernels.py:427: ConvergenceWarning: The optimal value found for dimension 0 of parameter length_scale is close to the specified lower bound 1e-05. Decreasing the bound and calling fit again may find a better value.
  ConvergenceWarning,
/home/rstric2s/psi4conda/envs/py37/lib/python3.7/site-packages/sklearn/gaussian_process/kernels.py:427: ConvergenceWarning: The optimal value found for dimension 0 of parameter length_scale is close to the specified lower bound 1e-05. Decreasing the bound and calling fit again may find a better value.
  ConvergenceWarning,
/home/rstric2s/psi4conda/envs/py37/lib/python3.7/site-packages/sklearn/gaussian_process/kernels.py:427: ConvergenceWarning: The optimal value found for dimension 0 of parameter length_scale is close to the specified lower bound 1e-05. Decreasing the bound and calling fit again may find a better value.
  ConvergenceWarning,
/home/rstric2s/psi4conda/envs/py37/lib/python3.7/site-packages/sklearn/gaussian_process/_gpr.py:610: ConvergenceWarning: lbfgs failed to converge (status=2):
ABNORMAL_TERMINATION_IN_LNSRCH.

Increase the number of iterations (max_iter) or scale the data as shown in:
    https://scikit-learn.org/stable/modules/preprocessing.html
  _check_optimize_result("lbfgs", opt_res)
/home/rstric2s/psi4conda/envs/py37/lib/python3.7/site-packages/sklearn/gaussian_process/kernels.py:427: ConvergenceWarning: The optimal value found for dimension 0 of parameter length_scale is close to the specified lower bound 1e-05. Decreasing the bound and calling fit again may find a better value.
  ConvergenceWarning,
/home/rstric2s/psi4conda/envs/py37/lib/python3.7/site-packages/sklearn/gaussian_process/kernels.py:427: ConvergenceWarning: The optimal value found for dimension 0 of parameter periodicity is close to the specified lower bound 1e-05. Decreasing the bound and calling fit again may find a better value.
  ConvergenceWarning,
/home/rstric2s/psi4conda/envs/py37/lib/python3.7/site-packages/sklearn/gaussian_process/kernels.py:427: ConvergenceWarning: The optimal value found for dimension 0 of parameter length_scale is close to the specified lower bound 1e-05. Decreasing the bound and calling fit again may find a better value.
  ConvergenceWarning,
/home/rstric2s/psi4conda/envs/py37/lib/python3.7/site-packages/sklearn/gaussian_process/kernels.py:427: ConvergenceWarning: The optimal value found for dimension 0 of parameter length_scale is close to the specified lower bound 1e-05. Decreasing the bound and calling fit again may find a better value.
  ConvergenceWarning,
/home/rstric2s/psi4conda/envs/py37/lib/python3.7/site-packages/sklearn/gaussian_process/kernels.py:427: ConvergenceWarning: The optimal value found for dimension 0 of parameter length_scale is close to the specified lower bound 1e-05. Decreasing the bound and calling fit again may find a better value.
  ConvergenceWarning,
/home/rstric2s/psi4conda/envs/py37/lib/python3.7/site-packages/sklearn/gaussian_process/kernels.py:427: ConvergenceWarning: The optimal value found for dimension 0 of parameter periodicity is close to the specified lower bound 1e-05. Decreasing the bound and calling fit again may find a better value.
  ConvergenceWarning,
/home/rstric2s/psi4conda/envs/py37/lib/python3.7/site-packages/sklearn/gaussian_process/kernels.py:427: ConvergenceWarning: The optimal value found for dimension 0 of parameter periodicity is close to the specified lower bound 1e-05. Decreasing the bound and calling fit again may find a better value.
  ConvergenceWarning,
/home/rstric2s/psi4conda/envs/py37/lib/python3.7/site-packages/sklearn/gaussian_process/kernels.py:427: ConvergenceWarning: The optimal value found for dimension 0 of parameter length_scale is close to the specified lower bound 1e-05. Decreasing the bound and calling fit again may find a better value.
  ConvergenceWarning,
/home/rstric2s/psi4conda/envs/py37/lib/python3.7/site-packages/sklearn/gaussian_process/kernels.py:427: ConvergenceWarning: The optimal value found for dimension 0 of parameter length_scale is close to the specified lower bound 1e-05. Decreasing the bound and calling fit again may find a better value.
  ConvergenceWarning,
/home/rstric2s/psi4conda/envs/py37/lib/python3.7/site-packages/sklearn/gaussian_process/kernels.py:427: ConvergenceWarning: The optimal value found for dimension 0 of parameter length_scale is close to the specified lower bound 1e-05. Decreasing the bound and calling fit again may find a better value.
  ConvergenceWarning,
/home/rstric2s/psi4conda/envs/py37/lib/python3.7/site-packages/sklearn/gaussian_process/kernels.py:427: ConvergenceWarning: The optimal value found for dimension 0 of parameter length_scale is close to the specified lower bound 1e-05. Decreasing the bound and calling fit again may find a better value.
  ConvergenceWarning,
/home/rstric2s/psi4conda/envs/py37/lib/python3.7/site-packages/sklearn/gaussian_process/kernels.py:427: ConvergenceWarning: The optimal value found for dimension 0 of parameter length_scale is close to the specified lower bound 1e-05. Decreasing the bound and calling fit again may find a better value.
  ConvergenceWarning,
/home/rstric2s/psi4conda/envs/py37/lib/python3.7/site-packages/sklearn/gaussian_process/kernels.py:427: ConvergenceWarning: The optimal value found for dimension 0 of parameter periodicity is close to the specified lower bound 1e-05. Decreasing the bound and calling fit again may find a better value.
  ConvergenceWarning,
/home/rstric2s/psi4conda/envs/py37/lib/python3.7/site-packages/sklearn/gaussian_process/kernels.py:427: ConvergenceWarning: The optimal value found for dimension 0 of parameter periodicity is close to the specified lower bound 1e-05. Decreasing the bound and calling fit again may find a better value.
  ConvergenceWarning,
/home/rstric2s/psi4conda/envs/py37/lib/python3.7/site-packages/sklearn/gaussian_process/kernels.py:427: ConvergenceWarning: The optimal value found for dimension 0 of parameter length_scale is close to the specified lower bound 1e-05. Decreasing the bound and calling fit again may find a better value.
  ConvergenceWarning,
/home/rstric2s/psi4conda/envs/py37/lib/python3.7/site-packages/sklearn/gaussian_process/kernels.py:427: ConvergenceWarning: The optimal value found for dimension 0 of parameter periodicity is close to the specified lower bound 1e-05. Decreasing the bound and calling fit again may find a better value.
  ConvergenceWarning,
/home/rstric2s/psi4conda/envs/py37/lib/python3.7/site-packages/sklearn/gaussian_process/_gpr.py:610: ConvergenceWarning: lbfgs failed to converge (status=2):
ABNORMAL_TERMINATION_IN_LNSRCH.

Increase the number of iterations (max_iter) or scale the data as shown in:
    https://scikit-learn.org/stable/modules/preprocessing.html
  _check_optimize_result("lbfgs", opt_res)
/home/rstric2s/psi4conda/envs/py37/lib/python3.7/site-packages/sklearn/gaussian_process/_gpr.py:610: ConvergenceWarning: lbfgs failed to converge (status=2):
ABNORMAL_TERMINATION_IN_LNSRCH.

Increase the number of iterations (max_iter) or scale the data as shown in:
    https://scikit-learn.org/stable/modules/preprocessing.html
  _check_optimize_result("lbfgs", opt_res)
/home/rstric2s/psi4conda/envs/py37/lib/python3.7/site-packages/sklearn/gaussian_process/kernels.py:427: ConvergenceWarning: The optimal value found for dimension 0 of parameter length_scale is close to the specified lower bound 1e-05. Decreasing the bound and calling fit again may find a better value.
  ConvergenceWarning,
/home/rstric2s/psi4conda/envs/py37/lib/python3.7/site-packages/sklearn/gaussian_process/kernels.py:427: ConvergenceWarning: The optimal value found for dimension 0 of parameter length_scale is close to the specified lower bound 1e-05. Decreasing the bound and calling fit again may find a better value.
  ConvergenceWarning,
/home/rstric2s/psi4conda/envs/py37/lib/python3.7/site-packages/sklearn/gaussian_process/kernels.py:427: ConvergenceWarning: The optimal value found for dimension 0 of parameter length_scale is close to the specified lower bound 1e-05. Decreasing the bound and calling fit again may find a better value.
  ConvergenceWarning,
/home/rstric2s/psi4conda/envs/py37/lib/python3.7/site-packages/sklearn/gaussian_process/kernels.py:427: ConvergenceWarning: The optimal value found for dimension 0 of parameter length_scale is close to the specified lower bound 1e-05. Decreasing the bound and calling fit again may find a better value.
  ConvergenceWarning,
/home/rstric2s/psi4conda/envs/py37/lib/python3.7/site-packages/sklearn/gaussian_process/kernels.py:427: ConvergenceWarning: The optimal value found for dimension 0 of parameter length_scale is close to the specified lower bound 1e-05. Decreasing the bound and calling fit again may find a better value.
  ConvergenceWarning,
/home/rstric2s/psi4conda/envs/py37/lib/python3.7/site-packages/sklearn/gaussian_process/kernels.py:427: ConvergenceWarning: The optimal value found for dimension 0 of parameter periodicity is close to the specified lower bound 1e-05. Decreasing the bound and calling fit again may find a better value.
  ConvergenceWarning,
/home/rstric2s/psi4conda/envs/py37/lib/python3.7/site-packages/sklearn/gaussian_process/kernels.py:427: ConvergenceWarning: The optimal value found for dimension 0 of parameter length_scale is close to the specified lower bound 1e-05. Decreasing the bound and calling fit again may find a better value.
  ConvergenceWarning,
/home/rstric2s/psi4conda/envs/py37/lib/python3.7/site-packages/sklearn/gaussian_process/kernels.py:427: ConvergenceWarning: The optimal value found for dimension 0 of parameter length_scale is close to the specified lower bound 1e-05. Decreasing the bound and calling fit again may find a better value.
  ConvergenceWarning,
/home/rstric2s/psi4conda/envs/py37/lib/python3.7/site-packages/sklearn/gaussian_process/kernels.py:427: ConvergenceWarning: The optimal value found for dimension 0 of parameter periodicity is close to the specified lower bound 1e-05. Decreasing the bound and calling fit again may find a better value.
  ConvergenceWarning,
/home/rstric2s/psi4conda/envs/py37/lib/python3.7/site-packages/sklearn/gaussian_process/_gpr.py:610: ConvergenceWarning: lbfgs failed to converge (status=2):
ABNORMAL_TERMINATION_IN_LNSRCH.

Increase the number of iterations (max_iter) or scale the data as shown in:
    https://scikit-learn.org/stable/modules/preprocessing.html
  _check_optimize_result("lbfgs", opt_res)
/home/rstric2s/psi4conda/envs/py37/lib/python3.7/site-packages/sklearn/gaussian_process/kernels.py:427: ConvergenceWarning: The optimal value found for dimension 0 of parameter length_scale is close to the specified lower bound 1e-05. Decreasing the bound and calling fit again may find a better value.
  ConvergenceWarning,
/home/rstric2s/psi4conda/envs/py37/lib/python3.7/site-packages/sklearn/gaussian_process/kernels.py:427: ConvergenceWarning: The optimal value found for dimension 0 of parameter periodicity is close to the specified lower bound 1e-05. Decreasing the bound and calling fit again may find a better value.
  ConvergenceWarning,
/home/rstric2s/psi4conda/envs/py37/lib/python3.7/site-packages/sklearn/gaussian_process/_gpr.py:610: ConvergenceWarning: lbfgs failed to converge (status=2):
ABNORMAL_TERMINATION_IN_LNSRCH.

Increase the number of iterations (max_iter) or scale the data as shown in:
    https://scikit-learn.org/stable/modules/preprocessing.html
  _check_optimize_result("lbfgs", opt_res)
/home/rstric2s/psi4conda/envs/py37/lib/python3.7/site-packages/sklearn/gaussian_process/kernels.py:427: ConvergenceWarning: The optimal value found for dimension 0 of parameter length_scale is close to the specified lower bound 1e-05. Decreasing the bound and calling fit again may find a better value.
  ConvergenceWarning,
/home/rstric2s/psi4conda/envs/py37/lib/python3.7/site-packages/sklearn/gaussian_process/kernels.py:427: ConvergenceWarning: The optimal value found for dimension 0 of parameter periodicity is close to the specified lower bound 1e-05. Decreasing the bound and calling fit again may find a better value.
  ConvergenceWarning,
/home/rstric2s/psi4conda/envs/py37/lib/python3.7/site-packages/sklearn/gaussian_process/kernels.py:427: ConvergenceWarning: The optimal value found for dimension 0 of parameter periodicity is close to the specified lower bound 1e-05. Decreasing the bound and calling fit again may find a better value.
  ConvergenceWarning,
/home/rstric2s/psi4conda/envs/py37/lib/python3.7/site-packages/sklearn/gaussian_process/kernels.py:427: ConvergenceWarning: The optimal value found for dimension 0 of parameter length_scale is close to the specified lower bound 1e-05. Decreasing the bound and calling fit again may find a better value.
  ConvergenceWarning,
/home/rstric2s/psi4conda/envs/py37/lib/python3.7/site-packages/sklearn/gaussian_process/kernels.py:427: ConvergenceWarning: The optimal value found for dimension 0 of parameter periodicity is close to the specified lower bound 1e-05. Decreasing the bound and calling fit again may find a better value.
  ConvergenceWarning,
/home/rstric2s/psi4conda/envs/py37/lib/python3.7/site-packages/sklearn/gaussian_process/kernels.py:427: ConvergenceWarning: The optimal value found for dimension 0 of parameter length_scale is close to the specified lower bound 1e-05. Decreasing the bound and calling fit again may find a better value.
  ConvergenceWarning,
/home/rstric2s/psi4conda/envs/py37/lib/python3.7/site-packages/sklearn/gaussian_process/kernels.py:427: ConvergenceWarning: The optimal value found for dimension 0 of parameter periodicity is close to the specified lower bound 1e-05. Decreasing the bound and calling fit again may find a better value.
  ConvergenceWarning,
/home/rstric2s/psi4conda/envs/py37/lib/python3.7/site-packages/sklearn/gaussian_process/kernels.py:427: ConvergenceWarning: The optimal value found for dimension 0 of parameter length_scale is close to the specified lower bound 1e-05. Decreasing the bound and calling fit again may find a better value.
  ConvergenceWarning,
/home/rstric2s/psi4conda/envs/py37/lib/python3.7/site-packages/sklearn/gaussian_process/kernels.py:427: ConvergenceWarning: The optimal value found for dimension 0 of parameter length_scale is close to the specified lower bound 1e-05. Decreasing the bound and calling fit again may find a better value.
  ConvergenceWarning,
/home/rstric2s/psi4conda/envs/py37/lib/python3.7/site-packages/sklearn/gaussian_process/kernels.py:427: ConvergenceWarning: The optimal value found for dimension 0 of parameter length_scale is close to the specified lower bound 1e-05. Decreasing the bound and calling fit again may find a better value.
  ConvergenceWarning,
/home/rstric2s/psi4conda/envs/py37/lib/python3.7/site-packages/sklearn/gaussian_process/kernels.py:427: ConvergenceWarning: The optimal value found for dimension 0 of parameter length_scale is close to the specified lower bound 1e-05. Decreasing the bound and calling fit again may find a better value.
  ConvergenceWarning,
/home/rstric2s/psi4conda/envs/py37/lib/python3.7/site-packages/sklearn/gaussian_process/kernels.py:427: ConvergenceWarning: The optimal value found for dimension 0 of parameter length_scale is close to the specified lower bound 1e-05. Decreasing the bound and calling fit again may find a better value.
  ConvergenceWarning,
/home/rstric2s/psi4conda/envs/py37/lib/python3.7/site-packages/sklearn/gaussian_process/kernels.py:427: ConvergenceWarning: The optimal value found for dimension 0 of parameter periodicity is close to the specified lower bound 1e-05. Decreasing the bound and calling fit again may find a better value.
  ConvergenceWarning,
/home/rstric2s/psi4conda/envs/py37/lib/python3.7/site-packages/sklearn/gaussian_process/kernels.py:427: ConvergenceWarning: The optimal value found for dimension 0 of parameter length_scale is close to the specified lower bound 1e-05. Decreasing the bound and calling fit again may find a better value.
  ConvergenceWarning,
/home/rstric2s/psi4conda/envs/py37/lib/python3.7/site-packages/sklearn/gaussian_process/_gpr.py:610: ConvergenceWarning: lbfgs failed to converge (status=2):
ABNORMAL_TERMINATION_IN_LNSRCH.

Increase the number of iterations (max_iter) or scale the data as shown in:
    https://scikit-learn.org/stable/modules/preprocessing.html
  _check_optimize_result("lbfgs", opt_res)
/home/rstric2s/psi4conda/envs/py37/lib/python3.7/site-packages/sklearn/gaussian_process/kernels.py:427: ConvergenceWarning: The optimal value found for dimension 0 of parameter periodicity is close to the specified lower bound 1e-05. Decreasing the bound and calling fit again may find a better value.
  ConvergenceWarning,
/home/rstric2s/psi4conda/envs/py37/lib/python3.7/site-packages/sklearn/gaussian_process/kernels.py:427: ConvergenceWarning: The optimal value found for dimension 0 of parameter length_scale is close to the specified lower bound 1e-05. Decreasing the bound and calling fit again may find a better value.
  ConvergenceWarning,
/home/rstric2s/psi4conda/envs/py37/lib/python3.7/site-packages/sklearn/gaussian_process/kernels.py:427: ConvergenceWarning: The optimal value found for dimension 0 of parameter length_scale is close to the specified lower bound 1e-05. Decreasing the bound and calling fit again may find a better value.
  ConvergenceWarning,
/home/rstric2s/psi4conda/envs/py37/lib/python3.7/site-packages/sklearn/gaussian_process/kernels.py:427: ConvergenceWarning: The optimal value found for dimension 0 of parameter length_scale is close to the specified lower bound 1e-05. Decreasing the bound and calling fit again may find a better value.
  ConvergenceWarning,
/home/rstric2s/psi4conda/envs/py37/lib/python3.7/site-packages/sklearn/gaussian_process/kernels.py:427: ConvergenceWarning: The optimal value found for dimension 0 of parameter length_scale is close to the specified lower bound 1e-05. Decreasing the bound and calling fit again may find a better value.
  ConvergenceWarning,
/home/rstric2s/psi4conda/envs/py37/lib/python3.7/site-packages/sklearn/gaussian_process/_gpr.py:610: ConvergenceWarning: lbfgs failed to converge (status=2):
ABNORMAL_TERMINATION_IN_LNSRCH.

Increase the number of iterations (max_iter) or scale the data as shown in:
    https://scikit-learn.org/stable/modules/preprocessing.html
  _check_optimize_result("lbfgs", opt_res)
/home/rstric2s/psi4conda/envs/py37/lib/python3.7/site-packages/sklearn/gaussian_process/_gpr.py:610: ConvergenceWarning: lbfgs failed to converge (status=2):
ABNORMAL_TERMINATION_IN_LNSRCH.

Increase the number of iterations (max_iter) or scale the data as shown in:
    https://scikit-learn.org/stable/modules/preprocessing.html
  _check_optimize_result("lbfgs", opt_res)
/home/rstric2s/psi4conda/envs/py37/lib/python3.7/site-packages/sklearn/gaussian_process/kernels.py:427: ConvergenceWarning: The optimal value found for dimension 0 of parameter length_scale is close to the specified lower bound 1e-05. Decreasing the bound and calling fit again may find a better value.
  ConvergenceWarning,
/home/rstric2s/psi4conda/envs/py37/lib/python3.7/site-packages/sklearn/gaussian_process/kernels.py:427: ConvergenceWarning: The optimal value found for dimension 0 of parameter length_scale is close to the specified lower bound 1e-05. Decreasing the bound and calling fit again may find a better value.
  ConvergenceWarning,
/home/rstric2s/psi4conda/envs/py37/lib/python3.7/site-packages/sklearn/gaussian_process/kernels.py:427: ConvergenceWarning: The optimal value found for dimension 0 of parameter length_scale is close to the specified lower bound 1e-05. Decreasing the bound and calling fit again may find a better value.
  ConvergenceWarning,
/home/rstric2s/psi4conda/envs/py37/lib/python3.7/site-packages/sklearn/gaussian_process/kernels.py:427: ConvergenceWarning: The optimal value found for dimension 0 of parameter length_scale is close to the specified lower bound 1e-05. Decreasing the bound and calling fit again may find a better value.
  ConvergenceWarning,
/home/rstric2s/psi4conda/envs/py37/lib/python3.7/site-packages/sklearn/gaussian_process/_gpr.py:610: ConvergenceWarning: lbfgs failed to converge (status=2):
ABNORMAL_TERMINATION_IN_LNSRCH.

Increase the number of iterations (max_iter) or scale the data as shown in:
    https://scikit-learn.org/stable/modules/preprocessing.html
  _check_optimize_result("lbfgs", opt_res)
/home/rstric2s/psi4conda/envs/py37/lib/python3.7/site-packages/sklearn/gaussian_process/kernels.py:427: ConvergenceWarning: The optimal value found for dimension 0 of parameter length_scale is close to the specified lower bound 1e-05. Decreasing the bound and calling fit again may find a better value.
  ConvergenceWarning,
/home/rstric2s/psi4conda/envs/py37/lib/python3.7/site-packages/sklearn/gaussian_process/kernels.py:427: ConvergenceWarning: The optimal value found for dimension 0 of parameter periodicity is close to the specified lower bound 1e-05. Decreasing the bound and calling fit again may find a better value.
  ConvergenceWarning,
/home/rstric2s/psi4conda/envs/py37/lib/python3.7/site-packages/sklearn/gaussian_process/kernels.py:427: ConvergenceWarning: The optimal value found for dimension 0 of parameter length_scale is close to the specified lower bound 1e-05. Decreasing the bound and calling fit again may find a better value.
  ConvergenceWarning,
/home/rstric2s/psi4conda/envs/py37/lib/python3.7/site-packages/sklearn/gaussian_process/kernels.py:427: ConvergenceWarning: The optimal value found for dimension 0 of parameter length_scale is close to the specified lower bound 1e-05. Decreasing the bound and calling fit again may find a better value.
  ConvergenceWarning,
/home/rstric2s/psi4conda/envs/py37/lib/python3.7/site-packages/sklearn/gaussian_process/_gpr.py:610: ConvergenceWarning: lbfgs failed to converge (status=2):
ABNORMAL_TERMINATION_IN_LNSRCH.

Increase the number of iterations (max_iter) or scale the data as shown in:
    https://scikit-learn.org/stable/modules/preprocessing.html
  _check_optimize_result("lbfgs", opt_res)
/home/rstric2s/psi4conda/envs/py37/lib/python3.7/site-packages/sklearn/gaussian_process/kernels.py:427: ConvergenceWarning: The optimal value found for dimension 0 of parameter length_scale is close to the specified lower bound 1e-05. Decreasing the bound and calling fit again may find a better value.
  ConvergenceWarning,
/home/rstric2s/psi4conda/envs/py37/lib/python3.7/site-packages/sklearn/gaussian_process/_gpr.py:610: ConvergenceWarning: lbfgs failed to converge (status=2):
ABNORMAL_TERMINATION_IN_LNSRCH.

Increase the number of iterations (max_iter) or scale the data as shown in:
    https://scikit-learn.org/stable/modules/preprocessing.html
  _check_optimize_result("lbfgs", opt_res)
/home/rstric2s/psi4conda/envs/py37/lib/python3.7/site-packages/sklearn/gaussian_process/_gpr.py:610: ConvergenceWarning: lbfgs failed to converge (status=2):
ABNORMAL_TERMINATION_IN_LNSRCH.

Increase the number of iterations (max_iter) or scale the data as shown in:
    https://scikit-learn.org/stable/modules/preprocessing.html
  _check_optimize_result("lbfgs", opt_res)
/home/rstric2s/psi4conda/envs/py37/lib/python3.7/site-packages/sklearn/gaussian_process/kernels.py:427: ConvergenceWarning: The optimal value found for dimension 0 of parameter length_scale is close to the specified lower bound 1e-05. Decreasing the bound and calling fit again may find a better value.
  ConvergenceWarning,
/home/rstric2s/psi4conda/envs/py37/lib/python3.7/site-packages/sklearn/gaussian_process/kernels.py:427: ConvergenceWarning: The optimal value found for dimension 0 of parameter periodicity is close to the specified lower bound 1e-05. Decreasing the bound and calling fit again may find a better value.
  ConvergenceWarning,
/home/rstric2s/psi4conda/envs/py37/lib/python3.7/site-packages/sklearn/gaussian_process/kernels.py:427: ConvergenceWarning: The optimal value found for dimension 0 of parameter periodicity is close to the specified lower bound 1e-05. Decreasing the bound and calling fit again may find a better value.
  ConvergenceWarning,
/home/rstric2s/psi4conda/envs/py37/lib/python3.7/site-packages/sklearn/gaussian_process/kernels.py:427: ConvergenceWarning: The optimal value found for dimension 0 of parameter length_scale is close to the specified lower bound 1e-05. Decreasing the bound and calling fit again may find a better value.
  ConvergenceWarning,
/home/rstric2s/psi4conda/envs/py37/lib/python3.7/site-packages/sklearn/gaussian_process/kernels.py:427: ConvergenceWarning: The optimal value found for dimension 0 of parameter periodicity is close to the specified lower bound 1e-05. Decreasing the bound and calling fit again may find a better value.
  ConvergenceWarning,
/home/rstric2s/psi4conda/envs/py37/lib/python3.7/site-packages/sklearn/gaussian_process/kernels.py:427: ConvergenceWarning: The optimal value found for dimension 0 of parameter periodicity is close to the specified lower bound 1e-05. Decreasing the bound and calling fit again may find a better value.
  ConvergenceWarning,
/home/rstric2s/psi4conda/envs/py37/lib/python3.7/site-packages/sklearn/gaussian_process/kernels.py:427: ConvergenceWarning: The optimal value found for dimension 0 of parameter length_scale is close to the specified lower bound 1e-05. Decreasing the bound and calling fit again may find a better value.
  ConvergenceWarning,
/home/rstric2s/psi4conda/envs/py37/lib/python3.7/site-packages/sklearn/gaussian_process/kernels.py:427: ConvergenceWarning: The optimal value found for dimension 0 of parameter length_scale is close to the specified lower bound 1e-05. Decreasing the bound and calling fit again may find a better value.
  ConvergenceWarning,
/home/rstric2s/psi4conda/envs/py37/lib/python3.7/site-packages/sklearn/gaussian_process/kernels.py:427: ConvergenceWarning: The optimal value found for dimension 0 of parameter length_scale is close to the specified lower bound 1e-05. Decreasing the bound and calling fit again may find a better value.
  ConvergenceWarning,
/home/rstric2s/psi4conda/envs/py37/lib/python3.7/site-packages/sklearn/gaussian_process/kernels.py:427: ConvergenceWarning: The optimal value found for dimension 0 of parameter length_scale is close to the specified lower bound 1e-05. Decreasing the bound and calling fit again may find a better value.
  ConvergenceWarning,
/home/rstric2s/psi4conda/envs/py37/lib/python3.7/site-packages/sklearn/gaussian_process/kernels.py:427: ConvergenceWarning: The optimal value found for dimension 0 of parameter periodicity is close to the specified lower bound 1e-05. Decreasing the bound and calling fit again may find a better value.
  ConvergenceWarning,
/home/rstric2s/psi4conda/envs/py37/lib/python3.7/site-packages/sklearn/gaussian_process/kernels.py:427: ConvergenceWarning: The optimal value found for dimension 0 of parameter length_scale is close to the specified lower bound 1e-05. Decreasing the bound and calling fit again may find a better value.
  ConvergenceWarning,
/home/rstric2s/psi4conda/envs/py37/lib/python3.7/site-packages/sklearn/gaussian_process/kernels.py:427: ConvergenceWarning: The optimal value found for dimension 0 of parameter length_scale is close to the specified lower bound 1e-05. Decreasing the bound and calling fit again may find a better value.
  ConvergenceWarning,
/home/rstric2s/psi4conda/envs/py37/lib/python3.7/site-packages/sklearn/gaussian_process/kernels.py:427: ConvergenceWarning: The optimal value found for dimension 0 of parameter periodicity is close to the specified lower bound 1e-05. Decreasing the bound and calling fit again may find a better value.
  ConvergenceWarning,
/home/rstric2s/psi4conda/envs/py37/lib/python3.7/site-packages/sklearn/gaussian_process/_gpr.py:610: ConvergenceWarning: lbfgs failed to converge (status=2):
ABNORMAL_TERMINATION_IN_LNSRCH.

Increase the number of iterations (max_iter) or scale the data as shown in:
    https://scikit-learn.org/stable/modules/preprocessing.html
  _check_optimize_result("lbfgs", opt_res)
/home/rstric2s/psi4conda/envs/py37/lib/python3.7/site-packages/sklearn/gaussian_process/_gpr.py:610: ConvergenceWarning: lbfgs failed to converge (status=2):
ABNORMAL_TERMINATION_IN_LNSRCH.

Increase the number of iterations (max_iter) or scale the data as shown in:
    https://scikit-learn.org/stable/modules/preprocessing.html
  _check_optimize_result("lbfgs", opt_res)
/home/rstric2s/psi4conda/envs/py37/lib/python3.7/site-packages/sklearn/gaussian_process/_gpr.py:610: ConvergenceWarning: lbfgs failed to converge (status=2):
ABNORMAL_TERMINATION_IN_LNSRCH.

Increase the number of iterations (max_iter) or scale the data as shown in:
    https://scikit-learn.org/stable/modules/preprocessing.html
  _check_optimize_result("lbfgs", opt_res)
/home/rstric2s/psi4conda/envs/py37/lib/python3.7/site-packages/sklearn/gaussian_process/_gpr.py:610: ConvergenceWarning: lbfgs failed to converge (status=2):
ABNORMAL_TERMINATION_IN_LNSRCH.

Increase the number of iterations (max_iter) or scale the data as shown in:
    https://scikit-learn.org/stable/modules/preprocessing.html
  _check_optimize_result("lbfgs", opt_res)
/home/rstric2s/psi4conda/envs/py37/lib/python3.7/site-packages/sklearn/gaussian_process/kernels.py:427: ConvergenceWarning: The optimal value found for dimension 0 of parameter periodicity is close to the specified lower bound 1e-05. Decreasing the bound and calling fit again may find a better value.
  ConvergenceWarning,
/home/rstric2s/psi4conda/envs/py37/lib/python3.7/site-packages/sklearn/gaussian_process/kernels.py:427: ConvergenceWarning: The optimal value found for dimension 0 of parameter length_scale is close to the specified lower bound 1e-05. Decreasing the bound and calling fit again may find a better value.
  ConvergenceWarning,
/home/rstric2s/psi4conda/envs/py37/lib/python3.7/site-packages/sklearn/gaussian_process/kernels.py:427: ConvergenceWarning: The optimal value found for dimension 0 of parameter periodicity is close to the specified lower bound 1e-05. Decreasing the bound and calling fit again may find a better value.
  ConvergenceWarning,
/home/rstric2s/psi4conda/envs/py37/lib/python3.7/site-packages/sklearn/gaussian_process/_gpr.py:610: ConvergenceWarning: lbfgs failed to converge (status=2):
ABNORMAL_TERMINATION_IN_LNSRCH.

Increase the number of iterations (max_iter) or scale the data as shown in:
    https://scikit-learn.org/stable/modules/preprocessing.html
  _check_optimize_result("lbfgs", opt_res)
/home/rstric2s/psi4conda/envs/py37/lib/python3.7/site-packages/sklearn/gaussian_process/kernels.py:427: ConvergenceWarning: The optimal value found for dimension 0 of parameter length_scale is close to the specified lower bound 1e-05. Decreasing the bound and calling fit again may find a better value.
  ConvergenceWarning,
/home/rstric2s/psi4conda/envs/py37/lib/python3.7/site-packages/sklearn/gaussian_process/kernels.py:427: ConvergenceWarning: The optimal value found for dimension 0 of parameter periodicity is close to the specified lower bound 1e-05. Decreasing the bound and calling fit again may find a better value.
  ConvergenceWarning,
/home/rstric2s/psi4conda/envs/py37/lib/python3.7/site-packages/sklearn/gaussian_process/kernels.py:427: ConvergenceWarning: The optimal value found for dimension 0 of parameter periodicity is close to the specified lower bound 1e-05. Decreasing the bound and calling fit again may find a better value.
  ConvergenceWarning,
/home/rstric2s/psi4conda/envs/py37/lib/python3.7/site-packages/sklearn/gaussian_process/_gpr.py:610: ConvergenceWarning: lbfgs failed to converge (status=2):
ABNORMAL_TERMINATION_IN_LNSRCH.

Increase the number of iterations (max_iter) or scale the data as shown in:
    https://scikit-learn.org/stable/modules/preprocessing.html
  _check_optimize_result("lbfgs", opt_res)
/home/rstric2s/psi4conda/envs/py37/lib/python3.7/site-packages/sklearn/gaussian_process/_gpr.py:610: ConvergenceWarning: lbfgs failed to converge (status=2):
ABNORMAL_TERMINATION_IN_LNSRCH.

Increase the number of iterations (max_iter) or scale the data as shown in:
    https://scikit-learn.org/stable/modules/preprocessing.html
  _check_optimize_result("lbfgs", opt_res)
/home/rstric2s/psi4conda/envs/py37/lib/python3.7/site-packages/sklearn/gaussian_process/_gpr.py:610: ConvergenceWarning: lbfgs failed to converge (status=2):
ABNORMAL_TERMINATION_IN_LNSRCH.

Increase the number of iterations (max_iter) or scale the data as shown in:
    https://scikit-learn.org/stable/modules/preprocessing.html
  _check_optimize_result("lbfgs", opt_res)
/home/rstric2s/psi4conda/envs/py37/lib/python3.7/site-packages/sklearn/gaussian_process/_gpr.py:610: ConvergenceWarning: lbfgs failed to converge (status=2):
ABNORMAL_TERMINATION_IN_LNSRCH.

Increase the number of iterations (max_iter) or scale the data as shown in:
    https://scikit-learn.org/stable/modules/preprocessing.html
  _check_optimize_result("lbfgs", opt_res)
/home/rstric2s/psi4conda/envs/py37/lib/python3.7/site-packages/sklearn/gaussian_process/kernels.py:427: ConvergenceWarning: The optimal value found for dimension 0 of parameter length_scale is close to the specified lower bound 1e-05. Decreasing the bound and calling fit again may find a better value.
  ConvergenceWarning,
/home/rstric2s/psi4conda/envs/py37/lib/python3.7/site-packages/sklearn/gaussian_process/kernels.py:427: ConvergenceWarning: The optimal value found for dimension 0 of parameter periodicity is close to the specified lower bound 1e-05. Decreasing the bound and calling fit again may find a better value.
  ConvergenceWarning,
/home/rstric2s/psi4conda/envs/py37/lib/python3.7/site-packages/sklearn/gaussian_process/_gpr.py:610: ConvergenceWarning: lbfgs failed to converge (status=2):
ABNORMAL_TERMINATION_IN_LNSRCH.

Increase the number of iterations (max_iter) or scale the data as shown in:
    https://scikit-learn.org/stable/modules/preprocessing.html
  _check_optimize_result("lbfgs", opt_res)
/home/rstric2s/psi4conda/envs/py37/lib/python3.7/site-packages/sklearn/gaussian_process/_gpr.py:610: ConvergenceWarning: lbfgs failed to converge (status=2):
ABNORMAL_TERMINATION_IN_LNSRCH.

Increase the number of iterations (max_iter) or scale the data as shown in:
    https://scikit-learn.org/stable/modules/preprocessing.html
  _check_optimize_result("lbfgs", opt_res)
/home/rstric2s/psi4conda/envs/py37/lib/python3.7/site-packages/sklearn/gaussian_process/kernels.py:427: ConvergenceWarning: The optimal value found for dimension 0 of parameter length_scale is close to the specified lower bound 1e-05. Decreasing the bound and calling fit again may find a better value.
  ConvergenceWarning,
/home/rstric2s/psi4conda/envs/py37/lib/python3.7/site-packages/sklearn/gaussian_process/kernels.py:427: ConvergenceWarning: The optimal value found for dimension 0 of parameter periodicity is close to the specified lower bound 1e-05. Decreasing the bound and calling fit again may find a better value.
  ConvergenceWarning,
/home/rstric2s/psi4conda/envs/py37/lib/python3.7/site-packages/sklearn/gaussian_process/kernels.py:427: ConvergenceWarning: The optimal value found for dimension 0 of parameter periodicity is close to the specified lower bound 1e-05. Decreasing the bound and calling fit again may find a better value.
  ConvergenceWarning,
/home/rstric2s/psi4conda/envs/py37/lib/python3.7/site-packages/sklearn/gaussian_process/_gpr.py:610: ConvergenceWarning: lbfgs failed to converge (status=2):
ABNORMAL_TERMINATION_IN_LNSRCH.

Increase the number of iterations (max_iter) or scale the data as shown in:
    https://scikit-learn.org/stable/modules/preprocessing.html
  _check_optimize_result("lbfgs", opt_res)
/home/rstric2s/psi4conda/envs/py37/lib/python3.7/site-packages/sklearn/gaussian_process/_gpr.py:610: ConvergenceWarning: lbfgs failed to converge (status=2):
ABNORMAL_TERMINATION_IN_LNSRCH.

Increase the number of iterations (max_iter) or scale the data as shown in:
    https://scikit-learn.org/stable/modules/preprocessing.html
  _check_optimize_result("lbfgs", opt_res)
/home/rstric2s/psi4conda/envs/py37/lib/python3.7/site-packages/sklearn/gaussian_process/_gpr.py:610: ConvergenceWarning: lbfgs failed to converge (status=2):
ABNORMAL_TERMINATION_IN_LNSRCH.

Increase the number of iterations (max_iter) or scale the data as shown in:
    https://scikit-learn.org/stable/modules/preprocessing.html
  _check_optimize_result("lbfgs", opt_res)
/home/rstric2s/psi4conda/envs/py37/lib/python3.7/site-packages/sklearn/gaussian_process/kernels.py:427: ConvergenceWarning: The optimal value found for dimension 0 of parameter length_scale is close to the specified lower bound 1e-05. Decreasing the bound and calling fit again may find a better value.
  ConvergenceWarning,
/home/rstric2s/psi4conda/envs/py37/lib/python3.7/site-packages/sklearn/gaussian_process/kernels.py:427: ConvergenceWarning: The optimal value found for dimension 0 of parameter length_scale is close to the specified lower bound 1e-05. Decreasing the bound and calling fit again may find a better value.
  ConvergenceWarning,
/home/rstric2s/psi4conda/envs/py37/lib/python3.7/site-packages/sklearn/gaussian_process/kernels.py:427: ConvergenceWarning: The optimal value found for dimension 0 of parameter length_scale is close to the specified lower bound 1e-05. Decreasing the bound and calling fit again may find a better value.
  ConvergenceWarning,
/home/rstric2s/psi4conda/envs/py37/lib/python3.7/site-packages/sklearn/gaussian_process/kernels.py:427: ConvergenceWarning: The optimal value found for dimension 0 of parameter length_scale is close to the specified lower bound 1e-05. Decreasing the bound and calling fit again may find a better value.
  ConvergenceWarning,
/home/rstric2s/psi4conda/envs/py37/lib/python3.7/site-packages/sklearn/gaussian_process/kernels.py:427: ConvergenceWarning: The optimal value found for dimension 0 of parameter length_scale is close to the specified lower bound 1e-05. Decreasing the bound and calling fit again may find a better value.
  ConvergenceWarning,
/home/rstric2s/psi4conda/envs/py37/lib/python3.7/site-packages/sklearn/gaussian_process/_gpr.py:610: ConvergenceWarning: lbfgs failed to converge (status=2):
ABNORMAL_TERMINATION_IN_LNSRCH.

Increase the number of iterations (max_iter) or scale the data as shown in:
    https://scikit-learn.org/stable/modules/preprocessing.html
  _check_optimize_result("lbfgs", opt_res)
/home/rstric2s/psi4conda/envs/py37/lib/python3.7/site-packages/sklearn/gaussian_process/kernels.py:427: ConvergenceWarning: The optimal value found for dimension 0 of parameter length_scale is close to the specified lower bound 1e-05. Decreasing the bound and calling fit again may find a better value.
  ConvergenceWarning,
/home/rstric2s/psi4conda/envs/py37/lib/python3.7/site-packages/sklearn/gaussian_process/kernels.py:427: ConvergenceWarning: The optimal value found for dimension 0 of parameter periodicity is close to the specified lower bound 1e-05. Decreasing the bound and calling fit again may find a better value.
  ConvergenceWarning,
/home/rstric2s/psi4conda/envs/py37/lib/python3.7/site-packages/sklearn/gaussian_process/kernels.py:427: ConvergenceWarning: The optimal value found for dimension 0 of parameter length_scale is close to the specified lower bound 1e-05. Decreasing the bound and calling fit again may find a better value.
  ConvergenceWarning,
/home/rstric2s/psi4conda/envs/py37/lib/python3.7/site-packages/sklearn/gaussian_process/kernels.py:427: ConvergenceWarning: The optimal value found for dimension 0 of parameter periodicity is close to the specified lower bound 1e-05. Decreasing the bound and calling fit again may find a better value.
  ConvergenceWarning,
/home/rstric2s/psi4conda/envs/py37/lib/python3.7/site-packages/sklearn/gaussian_process/kernels.py:427: ConvergenceWarning: The optimal value found for dimension 0 of parameter periodicity is close to the specified lower bound 1e-05. Decreasing the bound and calling fit again may find a better value.
  ConvergenceWarning,
/home/rstric2s/psi4conda/envs/py37/lib/python3.7/site-packages/sklearn/gaussian_process/kernels.py:427: ConvergenceWarning: The optimal value found for dimension 0 of parameter periodicity is close to the specified lower bound 1e-05. Decreasing the bound and calling fit again may find a better value.
  ConvergenceWarning,
/home/rstric2s/psi4conda/envs/py37/lib/python3.7/site-packages/sklearn/gaussian_process/kernels.py:427: ConvergenceWarning: The optimal value found for dimension 0 of parameter length_scale is close to the specified lower bound 1e-05. Decreasing the bound and calling fit again may find a better value.
  ConvergenceWarning,
/home/rstric2s/psi4conda/envs/py37/lib/python3.7/site-packages/sklearn/gaussian_process/kernels.py:427: ConvergenceWarning: The optimal value found for dimension 0 of parameter length_scale is close to the specified lower bound 1e-05. Decreasing the bound and calling fit again may find a better value.
  ConvergenceWarning,
/home/rstric2s/psi4conda/envs/py37/lib/python3.7/site-packages/sklearn/gaussian_process/kernels.py:427: ConvergenceWarning: The optimal value found for dimension 0 of parameter length_scale is close to the specified lower bound 1e-05. Decreasing the bound and calling fit again may find a better value.
  ConvergenceWarning,
/home/rstric2s/psi4conda/envs/py37/lib/python3.7/site-packages/sklearn/gaussian_process/kernels.py:427: ConvergenceWarning: The optimal value found for dimension 0 of parameter length_scale is close to the specified lower bound 1e-05. Decreasing the bound and calling fit again may find a better value.
  ConvergenceWarning,
/home/rstric2s/psi4conda/envs/py37/lib/python3.7/site-packages/sklearn/gaussian_process/kernels.py:427: ConvergenceWarning: The optimal value found for dimension 0 of parameter length_scale is close to the specified lower bound 1e-05. Decreasing the bound and calling fit again may find a better value.
  ConvergenceWarning,
/home/rstric2s/psi4conda/envs/py37/lib/python3.7/site-packages/sklearn/gaussian_process/kernels.py:427: ConvergenceWarning: The optimal value found for dimension 0 of parameter periodicity is close to the specified lower bound 1e-05. Decreasing the bound and calling fit again may find a better value.
  ConvergenceWarning,
/home/rstric2s/psi4conda/envs/py37/lib/python3.7/site-packages/sklearn/gaussian_process/kernels.py:427: ConvergenceWarning: The optimal value found for dimension 0 of parameter periodicity is close to the specified lower bound 1e-05. Decreasing the bound and calling fit again may find a better value.
  ConvergenceWarning,
/home/rstric2s/psi4conda/envs/py37/lib/python3.7/site-packages/sklearn/gaussian_process/kernels.py:427: ConvergenceWarning: The optimal value found for dimension 0 of parameter length_scale is close to the specified lower bound 1e-05. Decreasing the bound and calling fit again may find a better value.
  ConvergenceWarning,
/home/rstric2s/psi4conda/envs/py37/lib/python3.7/site-packages/sklearn/gaussian_process/kernels.py:427: ConvergenceWarning: The optimal value found for dimension 0 of parameter periodicity is close to the specified lower bound 1e-05. Decreasing the bound and calling fit again may find a better value.
  ConvergenceWarning,
/home/rstric2s/psi4conda/envs/py37/lib/python3.7/site-packages/sklearn/gaussian_process/kernels.py:427: ConvergenceWarning: The optimal value found for dimension 0 of parameter length_scale is close to the specified lower bound 1e-05. Decreasing the bound and calling fit again may find a better value.
  ConvergenceWarning,
/home/rstric2s/psi4conda/envs/py37/lib/python3.7/site-packages/sklearn/gaussian_process/kernels.py:427: ConvergenceWarning: The optimal value found for dimension 0 of parameter periodicity is close to the specified lower bound 1e-05. Decreasing the bound and calling fit again may find a better value.
  ConvergenceWarning,
/home/rstric2s/psi4conda/envs/py37/lib/python3.7/site-packages/sklearn/gaussian_process/_gpr.py:610: ConvergenceWarning: lbfgs failed to converge (status=2):
ABNORMAL_TERMINATION_IN_LNSRCH.

Increase the number of iterations (max_iter) or scale the data as shown in:
    https://scikit-learn.org/stable/modules/preprocessing.html
  _check_optimize_result("lbfgs", opt_res)
/home/rstric2s/psi4conda/envs/py37/lib/python3.7/site-packages/sklearn/gaussian_process/kernels.py:427: ConvergenceWarning: The optimal value found for dimension 0 of parameter length_scale is close to the specified lower bound 1e-05. Decreasing the bound and calling fit again may find a better value.
  ConvergenceWarning,
/home/rstric2s/psi4conda/envs/py37/lib/python3.7/site-packages/sklearn/gaussian_process/kernels.py:427: ConvergenceWarning: The optimal value found for dimension 0 of parameter length_scale is close to the specified lower bound 1e-05. Decreasing the bound and calling fit again may find a better value.
  ConvergenceWarning,
/home/rstric2s/psi4conda/envs/py37/lib/python3.7/site-packages/sklearn/gaussian_process/kernels.py:427: ConvergenceWarning: The optimal value found for dimension 0 of parameter length_scale is close to the specified lower bound 1e-05. Decreasing the bound and calling fit again may find a better value.
  ConvergenceWarning,
/home/rstric2s/psi4conda/envs/py37/lib/python3.7/site-packages/sklearn/gaussian_process/kernels.py:427: ConvergenceWarning: The optimal value found for dimension 0 of parameter length_scale is close to the specified lower bound 1e-05. Decreasing the bound and calling fit again may find a better value.
  ConvergenceWarning,
/home/rstric2s/psi4conda/envs/py37/lib/python3.7/site-packages/sklearn/gaussian_process/_gpr.py:610: ConvergenceWarning: lbfgs failed to converge (status=2):
ABNORMAL_TERMINATION_IN_LNSRCH.

Increase the number of iterations (max_iter) or scale the data as shown in:
    https://scikit-learn.org/stable/modules/preprocessing.html
  _check_optimize_result("lbfgs", opt_res)
/home/rstric2s/psi4conda/envs/py37/lib/python3.7/site-packages/sklearn/gaussian_process/kernels.py:427: ConvergenceWarning: The optimal value found for dimension 0 of parameter length_scale is close to the specified lower bound 1e-05. Decreasing the bound and calling fit again may find a better value.
  ConvergenceWarning,
/home/rstric2s/psi4conda/envs/py37/lib/python3.7/site-packages/sklearn/gaussian_process/kernels.py:427: ConvergenceWarning: The optimal value found for dimension 0 of parameter periodicity is close to the specified lower bound 1e-05. Decreasing the bound and calling fit again may find a better value.
  ConvergenceWarning,
/home/rstric2s/psi4conda/envs/py37/lib/python3.7/site-packages/sklearn/gaussian_process/kernels.py:427: ConvergenceWarning: The optimal value found for dimension 0 of parameter length_scale is close to the specified lower bound 1e-05. Decreasing the bound and calling fit again may find a better value.
  ConvergenceWarning,
/home/rstric2s/psi4conda/envs/py37/lib/python3.7/site-packages/sklearn/gaussian_process/kernels.py:427: ConvergenceWarning: The optimal value found for dimension 0 of parameter length_scale is close to the specified lower bound 1e-05. Decreasing the bound and calling fit again may find a better value.
  ConvergenceWarning,
/home/rstric2s/psi4conda/envs/py37/lib/python3.7/site-packages/sklearn/gaussian_process/kernels.py:427: ConvergenceWarning: The optimal value found for dimension 0 of parameter length_scale is close to the specified lower bound 1e-05. Decreasing the bound and calling fit again may find a better value.
  ConvergenceWarning,
/home/rstric2s/psi4conda/envs/py37/lib/python3.7/site-packages/sklearn/gaussian_process/kernels.py:427: ConvergenceWarning: The optimal value found for dimension 0 of parameter periodicity is close to the specified lower bound 1e-05. Decreasing the bound and calling fit again may find a better value.
  ConvergenceWarning,
/home/rstric2s/psi4conda/envs/py37/lib/python3.7/site-packages/sklearn/gaussian_process/_gpr.py:610: ConvergenceWarning: lbfgs failed to converge (status=2):
ABNORMAL_TERMINATION_IN_LNSRCH.

Increase the number of iterations (max_iter) or scale the data as shown in:
    https://scikit-learn.org/stable/modules/preprocessing.html
  _check_optimize_result("lbfgs", opt_res)
/home/rstric2s/psi4conda/envs/py37/lib/python3.7/site-packages/sklearn/gaussian_process/kernels.py:427: ConvergenceWarning: The optimal value found for dimension 0 of parameter periodicity is close to the specified lower bound 1e-05. Decreasing the bound and calling fit again may find a better value.
  ConvergenceWarning,
/home/rstric2s/psi4conda/envs/py37/lib/python3.7/site-packages/sklearn/gaussian_process/_gpr.py:610: ConvergenceWarning: lbfgs failed to converge (status=2):
ABNORMAL_TERMINATION_IN_LNSRCH.

Increase the number of iterations (max_iter) or scale the data as shown in:
    https://scikit-learn.org/stable/modules/preprocessing.html
  _check_optimize_result("lbfgs", opt_res)
/home/rstric2s/psi4conda/envs/py37/lib/python3.7/site-packages/sklearn/gaussian_process/_gpr.py:610: ConvergenceWarning: lbfgs failed to converge (status=2):
ABNORMAL_TERMINATION_IN_LNSRCH.

Increase the number of iterations (max_iter) or scale the data as shown in:
    https://scikit-learn.org/stable/modules/preprocessing.html
  _check_optimize_result("lbfgs", opt_res)
/home/rstric2s/psi4conda/envs/py37/lib/python3.7/site-packages/sklearn/gaussian_process/_gpr.py:610: ConvergenceWarning: lbfgs failed to converge (status=2):
ABNORMAL_TERMINATION_IN_LNSRCH.

Increase the number of iterations (max_iter) or scale the data as shown in:
    https://scikit-learn.org/stable/modules/preprocessing.html
  _check_optimize_result("lbfgs", opt_res)
/home/rstric2s/psi4conda/envs/py37/lib/python3.7/site-packages/sklearn/gaussian_process/kernels.py:427: ConvergenceWarning: The optimal value found for dimension 0 of parameter length_scale is close to the specified lower bound 1e-05. Decreasing the bound and calling fit again may find a better value.
  ConvergenceWarning,
/home/rstric2s/psi4conda/envs/py37/lib/python3.7/site-packages/sklearn/gaussian_process/kernels.py:427: ConvergenceWarning: The optimal value found for dimension 0 of parameter periodicity is close to the specified lower bound 1e-05. Decreasing the bound and calling fit again may find a better value.
  ConvergenceWarning,
/home/rstric2s/psi4conda/envs/py37/lib/python3.7/site-packages/sklearn/gaussian_process/kernels.py:427: ConvergenceWarning: The optimal value found for dimension 0 of parameter periodicity is close to the specified lower bound 1e-05. Decreasing the bound and calling fit again may find a better value.
  ConvergenceWarning,
/home/rstric2s/psi4conda/envs/py37/lib/python3.7/site-packages/sklearn/gaussian_process/kernels.py:427: ConvergenceWarning: The optimal value found for dimension 0 of parameter length_scale is close to the specified lower bound 1e-05. Decreasing the bound and calling fit again may find a better value.
  ConvergenceWarning,
/home/rstric2s/psi4conda/envs/py37/lib/python3.7/site-packages/sklearn/gaussian_process/kernels.py:427: ConvergenceWarning: The optimal value found for dimension 0 of parameter periodicity is close to the specified lower bound 1e-05. Decreasing the bound and calling fit again may find a better value.
  ConvergenceWarning,
/home/rstric2s/psi4conda/envs/py37/lib/python3.7/site-packages/sklearn/gaussian_process/kernels.py:427: ConvergenceWarning: The optimal value found for dimension 0 of parameter length_scale is close to the specified lower bound 1e-05. Decreasing the bound and calling fit again may find a better value.
  ConvergenceWarning,
/home/rstric2s/psi4conda/envs/py37/lib/python3.7/site-packages/sklearn/gaussian_process/kernels.py:427: ConvergenceWarning: The optimal value found for dimension 0 of parameter length_scale is close to the specified lower bound 1e-05. Decreasing the bound and calling fit again may find a better value.
  ConvergenceWarning,
/home/rstric2s/psi4conda/envs/py37/lib/python3.7/site-packages/sklearn/gaussian_process/kernels.py:427: ConvergenceWarning: The optimal value found for dimension 0 of parameter length_scale is close to the specified lower bound 1e-05. Decreasing the bound and calling fit again may find a better value.
  ConvergenceWarning,
/home/rstric2s/psi4conda/envs/py37/lib/python3.7/site-packages/sklearn/gaussian_process/kernels.py:427: ConvergenceWarning: The optimal value found for dimension 0 of parameter length_scale is close to the specified lower bound 1e-05. Decreasing the bound and calling fit again may find a better value.
  ConvergenceWarning,
/home/rstric2s/psi4conda/envs/py37/lib/python3.7/site-packages/sklearn/gaussian_process/kernels.py:427: ConvergenceWarning: The optimal value found for dimension 0 of parameter length_scale is close to the specified lower bound 1e-05. Decreasing the bound and calling fit again may find a better value.
  ConvergenceWarning,
/home/rstric2s/psi4conda/envs/py37/lib/python3.7/site-packages/sklearn/gaussian_process/_gpr.py:610: ConvergenceWarning: lbfgs failed to converge (status=2):
ABNORMAL_TERMINATION_IN_LNSRCH.

Increase the number of iterations (max_iter) or scale the data as shown in:
    https://scikit-learn.org/stable/modules/preprocessing.html
  _check_optimize_result("lbfgs", opt_res)
/home/rstric2s/psi4conda/envs/py37/lib/python3.7/site-packages/sklearn/gaussian_process/kernels.py:427: ConvergenceWarning: The optimal value found for dimension 0 of parameter periodicity is close to the specified lower bound 1e-05. Decreasing the bound and calling fit again may find a better value.
  ConvergenceWarning,
/home/rstric2s/psi4conda/envs/py37/lib/python3.7/site-packages/sklearn/gaussian_process/kernels.py:427: ConvergenceWarning: The optimal value found for dimension 0 of parameter length_scale is close to the specified lower bound 1e-05. Decreasing the bound and calling fit again may find a better value.
  ConvergenceWarning,
/home/rstric2s/psi4conda/envs/py37/lib/python3.7/site-packages/sklearn/gaussian_process/kernels.py:427: ConvergenceWarning: The optimal value found for dimension 0 of parameter length_scale is close to the specified lower bound 1e-05. Decreasing the bound and calling fit again may find a better value.
  ConvergenceWarning,
/home/rstric2s/psi4conda/envs/py37/lib/python3.7/site-packages/sklearn/gaussian_process/kernels.py:427: ConvergenceWarning: The optimal value found for dimension 0 of parameter length_scale is close to the specified lower bound 1e-05. Decreasing the bound and calling fit again may find a better value.
  ConvergenceWarning,
/home/rstric2s/psi4conda/envs/py37/lib/python3.7/site-packages/sklearn/gaussian_process/kernels.py:427: ConvergenceWarning: The optimal value found for dimension 0 of parameter length_scale is close to the specified lower bound 1e-05. Decreasing the bound and calling fit again may find a better value.
  ConvergenceWarning,
/home/rstric2s/psi4conda/envs/py37/lib/python3.7/site-packages/sklearn/gaussian_process/kernels.py:427: ConvergenceWarning: The optimal value found for dimension 0 of parameter length_scale is close to the specified lower bound 1e-05. Decreasing the bound and calling fit again may find a better value.
  ConvergenceWarning,
/home/rstric2s/psi4conda/envs/py37/lib/python3.7/site-packages/sklearn/gaussian_process/kernels.py:427: ConvergenceWarning: The optimal value found for dimension 0 of parameter length_scale is close to the specified lower bound 1e-05. Decreasing the bound and calling fit again may find a better value.
  ConvergenceWarning,
/home/rstric2s/psi4conda/envs/py37/lib/python3.7/site-packages/sklearn/gaussian_process/kernels.py:427: ConvergenceWarning: The optimal value found for dimension 0 of parameter length_scale is close to the specified lower bound 1e-05. Decreasing the bound and calling fit again may find a better value.
  ConvergenceWarning,
/home/rstric2s/psi4conda/envs/py37/lib/python3.7/site-packages/sklearn/gaussian_process/kernels.py:427: ConvergenceWarning: The optimal value found for dimension 0 of parameter length_scale is close to the specified lower bound 1e-05. Decreasing the bound and calling fit again may find a better value.
  ConvergenceWarning,
/home/rstric2s/psi4conda/envs/py37/lib/python3.7/site-packages/sklearn/gaussian_process/_gpr.py:610: ConvergenceWarning: lbfgs failed to converge (status=2):
ABNORMAL_TERMINATION_IN_LNSRCH.

Increase the number of iterations (max_iter) or scale the data as shown in:
    https://scikit-learn.org/stable/modules/preprocessing.html
  _check_optimize_result("lbfgs", opt_res)
/home/rstric2s/psi4conda/envs/py37/lib/python3.7/site-packages/sklearn/gaussian_process/kernels.py:427: ConvergenceWarning: The optimal value found for dimension 0 of parameter length_scale is close to the specified lower bound 1e-05. Decreasing the bound and calling fit again may find a better value.
  ConvergenceWarning,
/home/rstric2s/psi4conda/envs/py37/lib/python3.7/site-packages/sklearn/gaussian_process/kernels.py:427: ConvergenceWarning: The optimal value found for dimension 0 of parameter periodicity is close to the specified lower bound 1e-05. Decreasing the bound and calling fit again may find a better value.
  ConvergenceWarning,
/home/rstric2s/psi4conda/envs/py37/lib/python3.7/site-packages/sklearn/gaussian_process/kernels.py:427: ConvergenceWarning: The optimal value found for dimension 0 of parameter length_scale is close to the specified lower bound 1e-05. Decreasing the bound and calling fit again may find a better value.
  ConvergenceWarning,
/home/rstric2s/psi4conda/envs/py37/lib/python3.7/site-packages/sklearn/gaussian_process/kernels.py:427: ConvergenceWarning: The optimal value found for dimension 0 of parameter length_scale is close to the specified lower bound 1e-05. Decreasing the bound and calling fit again may find a better value.
  ConvergenceWarning,
/home/rstric2s/psi4conda/envs/py37/lib/python3.7/site-packages/sklearn/gaussian_process/kernels.py:427: ConvergenceWarning: The optimal value found for dimension 0 of parameter length_scale is close to the specified lower bound 1e-05. Decreasing the bound and calling fit again may find a better value.
  ConvergenceWarning,
/home/rstric2s/psi4conda/envs/py37/lib/python3.7/site-packages/sklearn/gaussian_process/kernels.py:427: ConvergenceWarning: The optimal value found for dimension 0 of parameter length_scale is close to the specified lower bound 1e-05. Decreasing the bound and calling fit again may find a better value.
  ConvergenceWarning,
/home/rstric2s/psi4conda/envs/py37/lib/python3.7/site-packages/sklearn/gaussian_process/_gpr.py:610: ConvergenceWarning: lbfgs failed to converge (status=2):
ABNORMAL_TERMINATION_IN_LNSRCH.

Increase the number of iterations (max_iter) or scale the data as shown in:
    https://scikit-learn.org/stable/modules/preprocessing.html
  _check_optimize_result("lbfgs", opt_res)
/home/rstric2s/psi4conda/envs/py37/lib/python3.7/site-packages/sklearn/gaussian_process/_gpr.py:610: ConvergenceWarning: lbfgs failed to converge (status=2):
ABNORMAL_TERMINATION_IN_LNSRCH.

Increase the number of iterations (max_iter) or scale the data as shown in:
    https://scikit-learn.org/stable/modules/preprocessing.html
  _check_optimize_result("lbfgs", opt_res)
/home/rstric2s/psi4conda/envs/py37/lib/python3.7/site-packages/sklearn/gaussian_process/kernels.py:427: ConvergenceWarning: The optimal value found for dimension 0 of parameter periodicity is close to the specified lower bound 1e-05. Decreasing the bound and calling fit again may find a better value.
  ConvergenceWarning,
/home/rstric2s/psi4conda/envs/py37/lib/python3.7/site-packages/sklearn/gaussian_process/kernels.py:427: ConvergenceWarning: The optimal value found for dimension 0 of parameter length_scale is close to the specified lower bound 1e-05. Decreasing the bound and calling fit again may find a better value.
  ConvergenceWarning,
/home/rstric2s/psi4conda/envs/py37/lib/python3.7/site-packages/sklearn/gaussian_process/kernels.py:427: ConvergenceWarning: The optimal value found for dimension 0 of parameter periodicity is close to the specified lower bound 1e-05. Decreasing the bound and calling fit again may find a better value.
  ConvergenceWarning,
/home/rstric2s/psi4conda/envs/py37/lib/python3.7/site-packages/sklearn/gaussian_process/kernels.py:427: ConvergenceWarning: The optimal value found for dimension 0 of parameter periodicity is close to the specified lower bound 1e-05. Decreasing the bound and calling fit again may find a better value.
  ConvergenceWarning,
/home/rstric2s/psi4conda/envs/py37/lib/python3.7/site-packages/sklearn/gaussian_process/kernels.py:427: ConvergenceWarning: The optimal value found for dimension 0 of parameter length_scale is close to the specified lower bound 1e-05. Decreasing the bound and calling fit again may find a better value.
  ConvergenceWarning,
/home/rstric2s/psi4conda/envs/py37/lib/python3.7/site-packages/sklearn/gaussian_process/kernels.py:427: ConvergenceWarning: The optimal value found for dimension 0 of parameter length_scale is close to the specified lower bound 1e-05. Decreasing the bound and calling fit again may find a better value.
  ConvergenceWarning,
/home/rstric2s/psi4conda/envs/py37/lib/python3.7/site-packages/sklearn/gaussian_process/kernels.py:427: ConvergenceWarning: The optimal value found for dimension 0 of parameter length_scale is close to the specified lower bound 1e-05. Decreasing the bound and calling fit again may find a better value.
  ConvergenceWarning,
/home/rstric2s/psi4conda/envs/py37/lib/python3.7/site-packages/sklearn/gaussian_process/kernels.py:427: ConvergenceWarning: The optimal value found for dimension 0 of parameter periodicity is close to the specified lower bound 1e-05. Decreasing the bound and calling fit again may find a better value.
  ConvergenceWarning,
/home/rstric2s/psi4conda/envs/py37/lib/python3.7/site-packages/sklearn/gaussian_process/kernels.py:427: ConvergenceWarning: The optimal value found for dimension 0 of parameter length_scale is close to the specified lower bound 1e-05. Decreasing the bound and calling fit again may find a better value.
  ConvergenceWarning,
/home/rstric2s/psi4conda/envs/py37/lib/python3.7/site-packages/sklearn/gaussian_process/kernels.py:427: ConvergenceWarning: The optimal value found for dimension 0 of parameter length_scale is close to the specified lower bound 1e-05. Decreasing the bound and calling fit again may find a better value.
  ConvergenceWarning,
/home/rstric2s/psi4conda/envs/py37/lib/python3.7/site-packages/sklearn/gaussian_process/kernels.py:427: ConvergenceWarning: The optimal value found for dimension 0 of parameter periodicity is close to the specified lower bound 1e-05. Decreasing the bound and calling fit again may find a better value.
  ConvergenceWarning,
/home/rstric2s/psi4conda/envs/py37/lib/python3.7/site-packages/sklearn/gaussian_process/_gpr.py:610: ConvergenceWarning: lbfgs failed to converge (status=2):
ABNORMAL_TERMINATION_IN_LNSRCH.

Increase the number of iterations (max_iter) or scale the data as shown in:
    https://scikit-learn.org/stable/modules/preprocessing.html
  _check_optimize_result("lbfgs", opt_res)
/home/rstric2s/psi4conda/envs/py37/lib/python3.7/site-packages/sklearn/gaussian_process/kernels.py:427: ConvergenceWarning: The optimal value found for dimension 0 of parameter periodicity is close to the specified lower bound 1e-05. Decreasing the bound and calling fit again may find a better value.
  ConvergenceWarning,
/home/rstric2s/psi4conda/envs/py37/lib/python3.7/site-packages/sklearn/gaussian_process/kernels.py:427: ConvergenceWarning: The optimal value found for dimension 0 of parameter periodicity is close to the specified lower bound 1e-05. Decreasing the bound and calling fit again may find a better value.
  ConvergenceWarning,
/home/rstric2s/psi4conda/envs/py37/lib/python3.7/site-packages/sklearn/gaussian_process/_gpr.py:610: ConvergenceWarning: lbfgs failed to converge (status=2):
ABNORMAL_TERMINATION_IN_LNSRCH.

Increase the number of iterations (max_iter) or scale the data as shown in:
    https://scikit-learn.org/stable/modules/preprocessing.html
  _check_optimize_result("lbfgs", opt_res)
/home/rstric2s/psi4conda/envs/py37/lib/python3.7/site-packages/sklearn/gaussian_process/_gpr.py:610: ConvergenceWarning: lbfgs failed to converge (status=2):
ABNORMAL_TERMINATION_IN_LNSRCH.

Increase the number of iterations (max_iter) or scale the data as shown in:
    https://scikit-learn.org/stable/modules/preprocessing.html
  _check_optimize_result("lbfgs", opt_res)
/home/rstric2s/psi4conda/envs/py37/lib/python3.7/site-packages/sklearn/gaussian_process/kernels.py:427: ConvergenceWarning: The optimal value found for dimension 0 of parameter length_scale is close to the specified lower bound 1e-05. Decreasing the bound and calling fit again may find a better value.
  ConvergenceWarning,
/home/rstric2s/psi4conda/envs/py37/lib/python3.7/site-packages/sklearn/gaussian_process/kernels.py:427: ConvergenceWarning: The optimal value found for dimension 0 of parameter periodicity is close to the specified lower bound 1e-05. Decreasing the bound and calling fit again may find a better value.
  ConvergenceWarning,
/home/rstric2s/psi4conda/envs/py37/lib/python3.7/site-packages/sklearn/gaussian_process/kernels.py:427: ConvergenceWarning: The optimal value found for dimension 0 of parameter length_scale is close to the specified lower bound 1e-05. Decreasing the bound and calling fit again may find a better value.
  ConvergenceWarning,
/home/rstric2s/psi4conda/envs/py37/lib/python3.7/site-packages/sklearn/gaussian_process/kernels.py:427: ConvergenceWarning: The optimal value found for dimension 0 of parameter periodicity is close to the specified lower bound 1e-05. Decreasing the bound and calling fit again may find a better value.
  ConvergenceWarning,
/home/rstric2s/psi4conda/envs/py37/lib/python3.7/site-packages/sklearn/gaussian_process/_gpr.py:610: ConvergenceWarning: lbfgs failed to converge (status=2):
ABNORMAL_TERMINATION_IN_LNSRCH.

Increase the number of iterations (max_iter) or scale the data as shown in:
    https://scikit-learn.org/stable/modules/preprocessing.html
  _check_optimize_result("lbfgs", opt_res)
/home/rstric2s/psi4conda/envs/py37/lib/python3.7/site-packages/sklearn/gaussian_process/_gpr.py:610: ConvergenceWarning: lbfgs failed to converge (status=2):
ABNORMAL_TERMINATION_IN_LNSRCH.

Increase the number of iterations (max_iter) or scale the data as shown in:
    https://scikit-learn.org/stable/modules/preprocessing.html
  _check_optimize_result("lbfgs", opt_res)
Training GPR Models with 0.55% of the dataset.

.
.
.
.
.
.
.
.
.
.
.
.
.
.
.
.
.
.
.
.
.
.
.
.
.
.
.
.
.
.
.
.
.
.
.
.
.
.
.
.
.
.
.
.
.
.
.
.
.
.


Training GPR Models with 0.44999999999999996% of the dataset.

.
.
.
.
.
.
.
.
.
.
.
.
.
.
.
.
.
.
.
.
.
.
.
.
.
.
.
.
.
.
.
.
.
.
.
.
.
.
.
.
.
.
.
.
.
.
.
.
.
.


Wrote statistics to file: 'Stats-8.csv'.
      ratio  rndint   dataset  ...        rmse      mape         r2
0      0.45   678.0  Grid1296  ...  228.780936  0.271580  -4.213844
1      0.45   678.0  Grid1296  ...   58.897826  0.054641   0.654445
2      0.45   678.0  Grid1296  ...   51.824465  0.059447   0.732460
3      0.45   678.0  Grid1296  ...  677.288680  0.994860 -44.694718
4      0.45   678.0  Grid2401  ...  390.358127  0.506151 -13.641910
...     ...     ...       ...  ...         ...       ...        ...
1595   0.55   634.0    Sobol1  ...   28.955799  0.024245   0.910323
1596   0.55   634.0    Sobol2  ...   24.141722  0.021491   0.936803
1597   0.55   634.0    Sobol2  ...   21.385076  0.018851   0.950411
1598   0.55   634.0    Sobol2  ...   24.652057  0.023109   0.934102
1599   0.55   634.0    Sobol1  ...   24.141721  0.021491   0.936803

[1600 rows x 11 columns]
